CRITICAL - 2023-09-07 06:28:13 --> Undefined index: date
#0 C:\wamp64\www\medical_center\app\Views\admin\requests.php(34): CodeIgniter\Debug\Exceptions->errorHandler(8, 'Undefined index...', 'C:\\wamp64\\www\\m...', 34, Array)
#1 C:\wamp64\www\medical_center\system\View\View.php(246): include('C:\\wamp64\\www\\m...')
#2 C:\wamp64\www\medical_center\system\Common.php(1119): CodeIgniter\View\View->render('admin/requests', Array, true)
#3 C:\wamp64\www\medical_center\app\Views\header\admin.php(33): view('admin/requests')
#4 C:\wamp64\www\medical_center\system\View\View.php(246): include('C:\\wamp64\\www\\m...')
#5 C:\wamp64\www\medical_center\system\Common.php(1119): CodeIgniter\View\View->render('header/admin', Array, true)
#6 C:\wamp64\www\medical_center\app\Controllers\AdminActions.php(50): view('header/admin', Array)
#7 C:\wamp64\www\medical_center\system\CodeIgniter.php(918): App\Controllers\AdminActions->patientsReferrals()
#8 C:\wamp64\www\medical_center\system\CodeIgniter.php(404): CodeIgniter\CodeIgniter->runController(Object(App\Controllers\AdminActions))
#9 C:\wamp64\www\medical_center\system\CodeIgniter.php(312): CodeIgniter\CodeIgniter->handleRequest(NULL, Object(Config\Cache), false)
#10 C:\wamp64\www\medical_center\public\index.php(44): CodeIgniter\CodeIgniter->run()
#11 {main}
CRITICAL - 2023-09-07 06:28:13 --> Uncaught Error: Call to undefined function clean_path() in C:\wamp64\www\medical_center\app\Views\errors\html\error_exception.php:38
Stack trace:
#0 C:\wamp64\www\medical_center\system\Debug\Exceptions.php(309): include()
#1 C:\wamp64\www\medical_center\system\Debug\Exceptions.php(175): CodeIgniter\Debug\Exceptions->render(Object(ErrorException), 500)
#2 [internal function]: CodeIgniter\Debug\Exceptions->exceptionHandler(Object(ErrorException))
#3 {main}
  thrown
#0 [internal function]: CodeIgniter\Debug\Exceptions->shutdownHandler()
#1 {main}
CRITICAL - 2023-09-07 06:38:47 --> Undefined index: id
#0 C:\wamp64\www\medical_center\app\Views\admin\requests.php(35): CodeIgniter\Debug\Exceptions->errorHandler(8, 'Undefined index...', 'C:\\wamp64\\www\\m...', 35, Array)
#1 C:\wamp64\www\medical_center\system\View\View.php(246): include('C:\\wamp64\\www\\m...')
#2 C:\wamp64\www\medical_center\system\Common.php(1119): CodeIgniter\View\View->render('admin/requests', Array, true)
#3 C:\wamp64\www\medical_center\app\Views\header\admin.php(33): view('admin/requests')
#4 C:\wamp64\www\medical_center\system\View\View.php(246): include('C:\\wamp64\\www\\m...')
#5 C:\wamp64\www\medical_center\system\Common.php(1119): CodeIgniter\View\View->render('header/admin', Array, true)
#6 C:\wamp64\www\medical_center\app\Controllers\AdminActions.php(51): view('header/admin', Array)
#7 C:\wamp64\www\medical_center\system\CodeIgniter.php(918): App\Controllers\AdminActions->patientsReferrals()
#8 C:\wamp64\www\medical_center\system\CodeIgniter.php(404): CodeIgniter\CodeIgniter->runController(Object(App\Controllers\AdminActions))
#9 C:\wamp64\www\medical_center\system\CodeIgniter.php(312): CodeIgniter\CodeIgniter->handleRequest(NULL, Object(Config\Cache), false)
#10 C:\wamp64\www\medical_center\public\index.php(44): CodeIgniter\CodeIgniter->run()
#11 {main}
CRITICAL - 2023-09-07 06:38:47 --> Uncaught Error: Call to undefined function clean_path() in C:\wamp64\www\medical_center\app\Views\errors\html\error_exception.php:38
Stack trace:
#0 C:\wamp64\www\medical_center\system\Debug\Exceptions.php(309): include()
#1 C:\wamp64\www\medical_center\system\Debug\Exceptions.php(175): CodeIgniter\Debug\Exceptions->render(Object(ErrorException), 500)
#2 [internal function]: CodeIgniter\Debug\Exceptions->exceptionHandler(Object(ErrorException))
#3 {main}
  thrown
#0 [internal function]: CodeIgniter\Debug\Exceptions->shutdownHandler()
#1 {main}
CRITICAL - 2023-09-07 06:47:57 --> You have an error in your SQL syntax; check the manual that corresponds to your MySQL server version for the right syntax to use near 'NUL' at line 3
#0 C:\wamp64\www\medical_center\system\Database\MySQLi\Connection.php(331): mysqli->query('SELECT *\nFROM `...')
#1 C:\wamp64\www\medical_center\system\Database\BaseConnection.php(741): CodeIgniter\Database\MySQLi\Connection->execute('SELECT *\nFROM `...')
#2 C:\wamp64\www\medical_center\system\Database\BaseConnection.php(669): CodeIgniter\Database\BaseConnection->simpleQuery('SELECT *\nFROM `...')
#3 C:\wamp64\www\medical_center\system\Database\BaseBuilder.php(1860): CodeIgniter\Database\BaseConnection->query('SELECT *\nFROM `...', Array, false)
#4 C:\wamp64\www\medical_center\app\Models\MainModel.php(32): CodeIgniter\Database\BaseBuilder->get()
#5 C:\wamp64\www\medical_center\app\Controllers\Home.php(292): App\Models\MainModel->objDataChats()
#6 C:\wamp64\www\medical_center\system\CodeIgniter.php(918): App\Controllers\Home->showModalChatOnline()
#7 C:\wamp64\www\medical_center\system\CodeIgniter.php(404): CodeIgniter\CodeIgniter->runController(Object(App\Controllers\Home))
#8 C:\wamp64\www\medical_center\system\CodeIgniter.php(312): CodeIgniter\CodeIgniter->handleRequest(NULL, Object(Config\Cache), false)
#9 C:\wamp64\www\medical_center\public\index.php(44): CodeIgniter\CodeIgniter->run()
#10 {main}
CRITICAL - 2023-09-07 06:47:57 --> Uncaught Error: Call to undefined function clean_path() in C:\wamp64\www\medical_center\app\Views\errors\html\error_exception.php:38
Stack trace:
#0 C:\wamp64\www\medical_center\system\Debug\Exceptions.php(309): include()
#1 C:\wamp64\www\medical_center\system\Debug\Exceptions.php(175): CodeIgniter\Debug\Exceptions->render(Object(mysqli_sql_exception), 500)
#2 [internal function]: CodeIgniter\Debug\Exceptions->exceptionHandler(Object(mysqli_sql_exception))
#3 {main}
  thrown
#0 [internal function]: CodeIgniter\Debug\Exceptions->shutdownHandler()
#1 {main}
CRITICAL - 2023-09-07 06:53:49 --> whereNotIn() expects $values to be of type array or closure
#0 C:\wamp64\www\medical_center\system\Database\BaseBuilder.php(891): CodeIgniter\Database\BaseBuilder->_whereIn('response', '', true, 'AND ', NULL)
#1 C:\wamp64\www\medical_center\app\Models\MainModel.php(29): CodeIgniter\Database\BaseBuilder->whereNotIn('response', '')
#2 C:\wamp64\www\medical_center\app\Controllers\Home.php(292): App\Models\MainModel->objDataChats()
#3 C:\wamp64\www\medical_center\system\CodeIgniter.php(918): App\Controllers\Home->showModalChatOnline()
#4 C:\wamp64\www\medical_center\system\CodeIgniter.php(404): CodeIgniter\CodeIgniter->runController(Object(App\Controllers\Home))
#5 C:\wamp64\www\medical_center\system\CodeIgniter.php(312): CodeIgniter\CodeIgniter->handleRequest(NULL, Object(Config\Cache), false)
#6 C:\wamp64\www\medical_center\public\index.php(44): CodeIgniter\CodeIgniter->run()
#7 {main}
CRITICAL - 2023-09-07 06:53:49 --> Uncaught Error: Call to undefined function clean_path() in C:\wamp64\www\medical_center\app\Views\errors\html\error_exception.php:38
Stack trace:
#0 C:\wamp64\www\medical_center\system\Debug\Exceptions.php(309): include()
#1 C:\wamp64\www\medical_center\system\Debug\Exceptions.php(175): CodeIgniter\Debug\Exceptions->render(Object(InvalidArgumentException), 500)
#2 [internal function]: CodeIgniter\Debug\Exceptions->exceptionHandler(Object(InvalidArgumentException))
#3 {main}
  thrown
#0 [internal function]: CodeIgniter\Debug\Exceptions->shutdownHandler()
#1 {main}
CRITICAL - 2023-09-07 17:15:44 --> Invalid file: pdf.php
#0 C:\wamp64\www\medical_center\system\View\View.php(228): CodeIgniter\Exceptions\FrameworkException::forInvalidFile('pdf.php')
#1 C:\wamp64\www\medical_center\system\Common.php(1119): CodeIgniter\View\View->render('pdf', Array, true)
#2 C:\wamp64\www\medical_center\app\Controllers\Home.php(361): view('pdf', Array)
#3 C:\wamp64\www\medical_center\system\CodeIgniter.php(918): App\Controllers\Home->getFile()
#4 C:\wamp64\www\medical_center\system\CodeIgniter.php(404): CodeIgniter\CodeIgniter->runController(Object(App\Controllers\Home))
#5 C:\wamp64\www\medical_center\system\CodeIgniter.php(312): CodeIgniter\CodeIgniter->handleRequest(NULL, Object(Config\Cache), false)
#6 C:\wamp64\www\medical_center\public\index.php(44): CodeIgniter\CodeIgniter->run()
#7 {main}
CRITICAL - 2023-09-07 17:15:44 --> Uncaught Error: Call to undefined function clean_path() in C:\wamp64\www\medical_center\app\Views\errors\html\error_exception.php:38
Stack trace:
#0 C:\wamp64\www\medical_center\system\Debug\Exceptions.php(309): include()
#1 C:\wamp64\www\medical_center\system\Debug\Exceptions.php(175): CodeIgniter\Debug\Exceptions->render(Object(CodeIgniter\View\Exceptions\ViewException), 500)
#2 [internal function]: CodeIgniter\Debug\Exceptions->exceptionHandler(Object(CodeIgniter\View\Exceptions\ViewException))
#3 {main}
  thrown
#0 [internal function]: CodeIgniter\Debug\Exceptions->shutdownHandler()
#1 {main}
CRITICAL - 2023-09-07 17:15:48 --> Invalid file: pdf.php
#0 C:\wamp64\www\medical_center\system\View\View.php(228): CodeIgniter\Exceptions\FrameworkException::forInvalidFile('pdf.php')
#1 C:\wamp64\www\medical_center\system\Common.php(1119): CodeIgniter\View\View->render('pdf', Array, true)
#2 C:\wamp64\www\medical_center\app\Controllers\Home.php(361): view('pdf', Array)
#3 C:\wamp64\www\medical_center\system\CodeIgniter.php(918): App\Controllers\Home->getFile()
#4 C:\wamp64\www\medical_center\system\CodeIgniter.php(404): CodeIgniter\CodeIgniter->runController(Object(App\Controllers\Home))
#5 C:\wamp64\www\medical_center\system\CodeIgniter.php(312): CodeIgniter\CodeIgniter->handleRequest(NULL, Object(Config\Cache), false)
#6 C:\wamp64\www\medical_center\public\index.php(44): CodeIgniter\CodeIgniter->run()
#7 {main}
CRITICAL - 2023-09-07 17:15:48 --> Uncaught Error: Call to undefined function clean_path() in C:\wamp64\www\medical_center\app\Views\errors\html\error_exception.php:38
Stack trace:
#0 C:\wamp64\www\medical_center\system\Debug\Exceptions.php(309): include()
#1 C:\wamp64\www\medical_center\system\Debug\Exceptions.php(175): CodeIgniter\Debug\Exceptions->render(Object(CodeIgniter\View\Exceptions\ViewException), 500)
#2 [internal function]: CodeIgniter\Debug\Exceptions->exceptionHandler(Object(CodeIgniter\View\Exceptions\ViewException))
#3 {main}
  thrown
#0 [internal function]: CodeIgniter\Debug\Exceptions->shutdownHandler()
#1 {main}
CRITICAL - 2023-09-07 17:16:32 --> Call to a member function objDataByID() on null
#0 C:\wamp64\www\medical_center\system\CodeIgniter.php(918): App\Controllers\AdminActions->getFile()
#1 C:\wamp64\www\medical_center\system\CodeIgniter.php(404): CodeIgniter\CodeIgniter->runController(Object(App\Controllers\AdminActions))
#2 C:\wamp64\www\medical_center\system\CodeIgniter.php(312): CodeIgniter\CodeIgniter->handleRequest(NULL, Object(Config\Cache), false)
#3 C:\wamp64\www\medical_center\public\index.php(44): CodeIgniter\CodeIgniter->run()
#4 {main}
CRITICAL - 2023-09-07 17:16:32 --> Uncaught Error: Call to undefined function clean_path() in C:\wamp64\www\medical_center\app\Views\errors\html\error_exception.php:38
Stack trace:
#0 C:\wamp64\www\medical_center\system\Debug\Exceptions.php(309): include()
#1 C:\wamp64\www\medical_center\system\Debug\Exceptions.php(175): CodeIgniter\Debug\Exceptions->render(Object(Error), 500)
#2 [internal function]: CodeIgniter\Debug\Exceptions->exceptionHandler(Object(Error))
#3 {main}
  thrown
#0 [internal function]: CodeIgniter\Debug\Exceptions->shutdownHandler()
#1 {main}
CRITICAL - 2023-09-07 17:16:48 --> Call to a member function objDataByID() on null
#0 C:\wamp64\www\medical_center\system\CodeIgniter.php(918): App\Controllers\AdminActions->getFile()
#1 C:\wamp64\www\medical_center\system\CodeIgniter.php(404): CodeIgniter\CodeIgniter->runController(Object(App\Controllers\AdminActions))
#2 C:\wamp64\www\medical_center\system\CodeIgniter.php(312): CodeIgniter\CodeIgniter->handleRequest(NULL, Object(Config\Cache), false)
#3 C:\wamp64\www\medical_center\public\index.php(44): CodeIgniter\CodeIgniter->run()
#4 {main}
CRITICAL - 2023-09-07 17:16:48 --> Uncaught Error: Call to undefined function clean_path() in C:\wamp64\www\medical_center\app\Views\errors\html\error_exception.php:38
Stack trace:
#0 C:\wamp64\www\medical_center\system\Debug\Exceptions.php(309): include()
#1 C:\wamp64\www\medical_center\system\Debug\Exceptions.php(175): CodeIgniter\Debug\Exceptions->render(Object(Error), 500)
#2 [internal function]: CodeIgniter\Debug\Exceptions->exceptionHandler(Object(Error))
#3 {main}
  thrown
#0 [internal function]: CodeIgniter\Debug\Exceptions->shutdownHandler()
#1 {main}
CRITICAL - 2023-09-07 17:17:37 --> Call to a member function objDataByID() on null
#0 C:\wamp64\www\medical_center\system\CodeIgniter.php(918): App\Controllers\AdminActions->getFile()
#1 C:\wamp64\www\medical_center\system\CodeIgniter.php(404): CodeIgniter\CodeIgniter->runController(Object(App\Controllers\AdminActions))
#2 C:\wamp64\www\medical_center\system\CodeIgniter.php(312): CodeIgniter\CodeIgniter->handleRequest(NULL, Object(Config\Cache), false)
#3 C:\wamp64\www\medical_center\public\index.php(44): CodeIgniter\CodeIgniter->run()
#4 {main}
CRITICAL - 2023-09-07 17:17:37 --> Uncaught Error: Call to undefined function clean_path() in C:\wamp64\www\medical_center\app\Views\errors\html\error_exception.php:38
Stack trace:
#0 C:\wamp64\www\medical_center\system\Debug\Exceptions.php(309): include()
#1 C:\wamp64\www\medical_center\system\Debug\Exceptions.php(175): CodeIgniter\Debug\Exceptions->render(Object(Error), 500)
#2 [internal function]: CodeIgniter\Debug\Exceptions->exceptionHandler(Object(Error))
#3 {main}
  thrown
#0 [internal function]: CodeIgniter\Debug\Exceptions->shutdownHandler()
#1 {main}
CRITICAL - 2023-09-07 17:19:08 --> Undefined variable: document
#0 C:\wamp64\www\medical_center\app\Views\modals\pdf.php(11): CodeIgniter\Debug\Exceptions->errorHandler(8, 'Undefined varia...', 'C:\\wamp64\\www\\m...', 11, Array)
#1 C:\wamp64\www\medical_center\system\View\View.php(246): include('C:\\wamp64\\www\\m...')
#2 C:\wamp64\www\medical_center\system\Common.php(1119): CodeIgniter\View\View->render('modals/pdf', Array, true)
#3 C:\wamp64\www\medical_center\app\Controllers\AdminActions.php(163): view('modals/pdf', Array)
#4 C:\wamp64\www\medical_center\system\CodeIgniter.php(918): App\Controllers\AdminActions->getFile()
#5 C:\wamp64\www\medical_center\system\CodeIgniter.php(404): CodeIgniter\CodeIgniter->runController(Object(App\Controllers\AdminActions))
#6 C:\wamp64\www\medical_center\system\CodeIgniter.php(312): CodeIgniter\CodeIgniter->handleRequest(NULL, Object(Config\Cache), false)
#7 C:\wamp64\www\medical_center\public\index.php(44): CodeIgniter\CodeIgniter->run()
#8 {main}
CRITICAL - 2023-09-07 17:19:08 --> Uncaught Error: Call to undefined function clean_path() in C:\wamp64\www\medical_center\app\Views\errors\html\error_exception.php:38
Stack trace:
#0 C:\wamp64\www\medical_center\system\Debug\Exceptions.php(309): include()
#1 C:\wamp64\www\medical_center\system\Debug\Exceptions.php(175): CodeIgniter\Debug\Exceptions->render(Object(ErrorException), 500)
#2 [internal function]: CodeIgniter\Debug\Exceptions->exceptionHandler(Object(ErrorException))
#3 {main}
  thrown
#0 [internal function]: CodeIgniter\Debug\Exceptions->shutdownHandler()
#1 {main}
CRITICAL - 2023-09-07 17:19:08 --> Undefined variable: document
#0 C:\wamp64\www\medical_center\app\Views\modals\pdf.php(11): CodeIgniter\Debug\Exceptions->errorHandler(8, 'Undefined varia...', 'C:\\wamp64\\www\\m...', 11, Array)
#1 C:\wamp64\www\medical_center\system\View\View.php(246): include('C:\\wamp64\\www\\m...')
#2 C:\wamp64\www\medical_center\system\Common.php(1119): CodeIgniter\View\View->render('modals/pdf', Array, true)
#3 C:\wamp64\www\medical_center\app\Controllers\AdminActions.php(163): view('modals/pdf', Array)
#4 C:\wamp64\www\medical_center\system\CodeIgniter.php(918): App\Controllers\AdminActions->getFile()
#5 C:\wamp64\www\medical_center\system\CodeIgniter.php(404): CodeIgniter\CodeIgniter->runController(Object(App\Controllers\AdminActions))
#6 C:\wamp64\www\medical_center\system\CodeIgniter.php(312): CodeIgniter\CodeIgniter->handleRequest(NULL, Object(Config\Cache), false)
#7 C:\wamp64\www\medical_center\public\index.php(44): CodeIgniter\CodeIgniter->run()
#8 {main}
CRITICAL - 2023-09-07 17:19:08 --> Uncaught Error: Call to undefined function clean_path() in C:\wamp64\www\medical_center\app\Views\errors\html\error_exception.php:38
Stack trace:
#0 C:\wamp64\www\medical_center\system\Debug\Exceptions.php(309): include()
#1 C:\wamp64\www\medical_center\system\Debug\Exceptions.php(175): CodeIgniter\Debug\Exceptions->render(Object(ErrorException), 500)
#2 [internal function]: CodeIgniter\Debug\Exceptions->exceptionHandler(Object(ErrorException))
#3 {main}
  thrown
#0 [internal function]: CodeIgniter\Debug\Exceptions->shutdownHandler()
#1 {main}
CRITICAL - 2023-09-07 17:31:00 --> Use of undefined constant WRITEABLE_PATH - assumed 'WRITEABLE_PATH' (this will throw an Error in a future version of PHP)
#0 C:\wamp64\www\medical_center\app\Views\modals\pdf.php(19): CodeIgniter\Debug\Exceptions->errorHandler(2, 'Use of undefine...', 'C:\\wamp64\\www\\m...', 19, Array)
#1 C:\wamp64\www\medical_center\system\View\View.php(246): include('C:\\wamp64\\www\\m...')
#2 C:\wamp64\www\medical_center\system\Common.php(1119): CodeIgniter\View\View->render('modals/pdf', Array, true)
#3 C:\wamp64\www\medical_center\app\Controllers\AdminActions.php(163): view('modals/pdf', Array)
#4 C:\wamp64\www\medical_center\system\CodeIgniter.php(918): App\Controllers\AdminActions->getFile()
#5 C:\wamp64\www\medical_center\system\CodeIgniter.php(404): CodeIgniter\CodeIgniter->runController(Object(App\Controllers\AdminActions))
#6 C:\wamp64\www\medical_center\system\CodeIgniter.php(312): CodeIgniter\CodeIgniter->handleRequest(NULL, Object(Config\Cache), false)
#7 C:\wamp64\www\medical_center\public\index.php(44): CodeIgniter\CodeIgniter->run()
#8 {main}
CRITICAL - 2023-09-07 17:31:00 --> Uncaught Error: Call to undefined function clean_path() in C:\wamp64\www\medical_center\app\Views\errors\html\error_exception.php:38
Stack trace:
#0 C:\wamp64\www\medical_center\system\Debug\Exceptions.php(309): include()
#1 C:\wamp64\www\medical_center\system\Debug\Exceptions.php(175): CodeIgniter\Debug\Exceptions->render(Object(ErrorException), 500)
#2 [internal function]: CodeIgniter\Debug\Exceptions->exceptionHandler(Object(ErrorException))
#3 {main}
  thrown
#0 [internal function]: CodeIgniter\Debug\Exceptions->shutdownHandler()
#1 {main}
CRITICAL - 2023-09-07 17:31:22 --> Use of undefined constant WRITEABLE_PATH - assumed 'WRITEABLE_PATH' (this will throw an Error in a future version of PHP)
#0 C:\wamp64\www\medical_center\app\Views\modals\pdf.php(19): CodeIgniter\Debug\Exceptions->errorHandler(2, 'Use of undefine...', 'C:\\wamp64\\www\\m...', 19, Array)
#1 C:\wamp64\www\medical_center\system\View\View.php(246): include('C:\\wamp64\\www\\m...')
#2 C:\wamp64\www\medical_center\system\Common.php(1119): CodeIgniter\View\View->render('modals/pdf', Array, true)
#3 C:\wamp64\www\medical_center\app\Controllers\AdminActions.php(163): view('modals/pdf', Array)
#4 C:\wamp64\www\medical_center\system\CodeIgniter.php(918): App\Controllers\AdminActions->getFile()
#5 C:\wamp64\www\medical_center\system\CodeIgniter.php(404): CodeIgniter\CodeIgniter->runController(Object(App\Controllers\AdminActions))
#6 C:\wamp64\www\medical_center\system\CodeIgniter.php(312): CodeIgniter\CodeIgniter->handleRequest(NULL, Object(Config\Cache), false)
#7 C:\wamp64\www\medical_center\public\index.php(44): CodeIgniter\CodeIgniter->run()
#8 {main}
CRITICAL - 2023-09-07 17:31:22 --> Uncaught Error: Call to undefined function clean_path() in C:\wamp64\www\medical_center\app\Views\errors\html\error_exception.php:38
Stack trace:
#0 C:\wamp64\www\medical_center\system\Debug\Exceptions.php(309): include()
#1 C:\wamp64\www\medical_center\system\Debug\Exceptions.php(175): CodeIgniter\Debug\Exceptions->render(Object(ErrorException), 500)
#2 [internal function]: CodeIgniter\Debug\Exceptions->exceptionHandler(Object(ErrorException))
#3 {main}
  thrown
#0 [internal function]: CodeIgniter\Debug\Exceptions->shutdownHandler()
#1 {main}
CRITICAL - 2023-09-07 17:48:52 --> is_file() expects parameter 1 to be a valid path, string given
#0 [internal function]: CodeIgniter\Debug\Exceptions->errorHandler(2, 'is_file() expec...', 'C:\\wamp64\\www\\m...', 655, Array)
#1 C:\wamp64\www\medical_center\system\Email\Email.php(655): is_file('\xD6\xE9\xF3\x8C3\x05\xE0l\xC6\x8E\xF2Z\x9F\xFC\xE3...')
#2 C:\wamp64\www\medical_center\app\Controllers\Home.php(286): CodeIgniter\Email\Email->attach('\xD6\xE9\xF3\x8C3\x05\xE0l\xC6\x8E\xF2Z\x9F\xFC\xE3...', 'file.pdf', 'application/pdf')
#3 C:\wamp64\www\medical_center\system\CodeIgniter.php(918): App\Controllers\Home->sendInfo()
#4 C:\wamp64\www\medical_center\system\CodeIgniter.php(404): CodeIgniter\CodeIgniter->runController(Object(App\Controllers\Home))
#5 C:\wamp64\www\medical_center\system\CodeIgniter.php(312): CodeIgniter\CodeIgniter->handleRequest(NULL, Object(Config\Cache), false)
#6 C:\wamp64\www\medical_center\public\index.php(44): CodeIgniter\CodeIgniter->run()
#7 {main}
CRITICAL - 2023-09-07 17:48:52 --> Uncaught CodeIgniter\Format\Exceptions\FormatException: Failed to parse json string, error: "Malformed UTF-8 characters, possibly incorrectly encoded". in C:\wamp64\www\medical_center\system\Format\Exceptions\FormatException.php:9
Stack trace:
#0 C:\wamp64\www\medical_center\system\Format\JSONFormatter.php(71): CodeIgniter\Format\Exceptions\FormatException::forInvalidJSON('Malformed UTF-8...')
#1 C:\wamp64\www\medical_center\system\API\ResponseTrait.php(414): CodeIgniter\Format\JSONFormatter->format(Array)
#2 C:\wamp64\www\medical_center\system\API\ResponseTrait.php(134): CodeIgniter\Debug\Exceptions->format(Array)
#3 C:\wamp64\www\medical_center\system\Debug\Exceptions.php(169): CodeIgniter\Debug\Exceptions->respond(Array, 500)
#4 [internal function]: CodeIgniter\Debug\Exceptions->exceptionHandler(Object(ErrorException))
#5 {main}
  thrown
#0 [internal function]: CodeIgniter\Debug\Exceptions->shutdownHandler()
#1 {main}
