CRITICAL - 2023-08-06 17:17:14 --> Undefined property: stdClass::$switch
#0 C:\wamp64\www\e_comerce\app\Controllers\Product.php(46): CodeIgniter\Debug\Exceptions->errorHandler(8, 'Undefined prope...', 'C:\\wamp64\\www\\e...', 46, Array)
#1 C:\wamp64\www\e_comerce\system\CodeIgniter.php(918): App\Controllers\Product->index()
#2 C:\wamp64\www\e_comerce\system\CodeIgniter.php(404): CodeIgniter\CodeIgniter->runController(Object(App\Controllers\Product))
#3 C:\wamp64\www\e_comerce\system\CodeIgniter.php(312): CodeIgniter\CodeIgniter->handleRequest(NULL, Object(Config\Cache), false)
#4 C:\wamp64\www\e_comerce\public\index.php(44): CodeIgniter\CodeIgniter->run()
#5 {main}
CRITICAL - 2023-08-06 17:17:24 --> Trying to get property 'switch' of non-object
#0 C:\wamp64\www\e_comerce\app\Controllers\Product.php(46): CodeIgniter\Debug\Exceptions->errorHandler(8, 'Trying to get p...', 'C:\\wamp64\\www\\e...', 46, Array)
#1 C:\wamp64\www\e_comerce\system\CodeIgniter.php(918): App\Controllers\Product->index()
#2 C:\wamp64\www\e_comerce\system\CodeIgniter.php(404): CodeIgniter\CodeIgniter->runController(Object(App\Controllers\Product))
#3 C:\wamp64\www\e_comerce\system\CodeIgniter.php(312): CodeIgniter\CodeIgniter->handleRequest(NULL, Object(Config\Cache), false)
#4 C:\wamp64\www\e_comerce\public\index.php(44): CodeIgniter\CodeIgniter->run()
#5 {main}
CRITICAL - 2023-08-06 17:17:25 --> Trying to get property 'switch' of non-object
#0 C:\wamp64\www\e_comerce\app\Controllers\Product.php(46): CodeIgniter\Debug\Exceptions->errorHandler(8, 'Trying to get p...', 'C:\\wamp64\\www\\e...', 46, Array)
#1 C:\wamp64\www\e_comerce\system\CodeIgniter.php(918): App\Controllers\Product->index()
#2 C:\wamp64\www\e_comerce\system\CodeIgniter.php(404): CodeIgniter\CodeIgniter->runController(Object(App\Controllers\Product))
#3 C:\wamp64\www\e_comerce\system\CodeIgniter.php(312): CodeIgniter\CodeIgniter->handleRequest(NULL, Object(Config\Cache), false)
#4 C:\wamp64\www\e_comerce\public\index.php(44): CodeIgniter\CodeIgniter->run()
#5 {main}
CRITICAL - 2023-08-06 17:17:31 --> Undefined property: stdClass::$switch
#0 C:\wamp64\www\e_comerce\app\Controllers\Product.php(46): CodeIgniter\Debug\Exceptions->errorHandler(8, 'Undefined prope...', 'C:\\wamp64\\www\\e...', 46, Array)
#1 C:\wamp64\www\e_comerce\system\CodeIgniter.php(918): App\Controllers\Product->index()
#2 C:\wamp64\www\e_comerce\system\CodeIgniter.php(404): CodeIgniter\CodeIgniter->runController(Object(App\Controllers\Product))
#3 C:\wamp64\www\e_comerce\system\CodeIgniter.php(312): CodeIgniter\CodeIgniter->handleRequest(NULL, Object(Config\Cache), false)
#4 C:\wamp64\www\e_comerce\public\index.php(44): CodeIgniter\CodeIgniter->run()
#5 {main}
CRITICAL - 2023-08-06 17:17:31 --> Undefined property: stdClass::$switch
#0 C:\wamp64\www\e_comerce\app\Controllers\Product.php(46): CodeIgniter\Debug\Exceptions->errorHandler(8, 'Undefined prope...', 'C:\\wamp64\\www\\e...', 46, Array)
#1 C:\wamp64\www\e_comerce\system\CodeIgniter.php(918): App\Controllers\Product->index()
#2 C:\wamp64\www\e_comerce\system\CodeIgniter.php(404): CodeIgniter\CodeIgniter->runController(Object(App\Controllers\Product))
#3 C:\wamp64\www\e_comerce\system\CodeIgniter.php(312): CodeIgniter\CodeIgniter->handleRequest(NULL, Object(Config\Cache), false)
#4 C:\wamp64\www\e_comerce\public\index.php(44): CodeIgniter\CodeIgniter->run()
#5 {main}
CRITICAL - 2023-08-06 17:32:09 --> Cannot use [] for reading
#0 [internal function]: CodeIgniter\Debug\Exceptions->shutdownHandler()
#1 {main}
CRITICAL - 2023-08-06 17:32:49 --> Trying to access array offset on value of type int
#0 C:\wamp64\www\e_comerce\app\Controllers\Home.php(28): CodeIgniter\Debug\Exceptions->errorHandler(8, 'Trying to acces...', 'C:\\wamp64\\www\\e...', 28, Array)
#1 C:\wamp64\www\e_comerce\system\CodeIgniter.php(918): App\Controllers\Home->index()
#2 C:\wamp64\www\e_comerce\system\CodeIgniter.php(404): CodeIgniter\CodeIgniter->runController(Object(App\Controllers\Home))
#3 C:\wamp64\www\e_comerce\system\CodeIgniter.php(312): CodeIgniter\CodeIgniter->handleRequest(NULL, Object(Config\Cache), false)
#4 C:\wamp64\www\e_comerce\public\index.php(44): CodeIgniter\CodeIgniter->run()
#5 {main}
CRITICAL - 2023-08-06 17:33:10 --> Trying to access array offset on value of type int
#0 C:\wamp64\www\e_comerce\app\Controllers\Home.php(28): CodeIgniter\Debug\Exceptions->errorHandler(8, 'Trying to acces...', 'C:\\wamp64\\www\\e...', 28, Array)
#1 C:\wamp64\www\e_comerce\system\CodeIgniter.php(918): App\Controllers\Home->index()
#2 C:\wamp64\www\e_comerce\system\CodeIgniter.php(404): CodeIgniter\CodeIgniter->runController(Object(App\Controllers\Home))
#3 C:\wamp64\www\e_comerce\system\CodeIgniter.php(312): CodeIgniter\CodeIgniter->handleRequest(NULL, Object(Config\Cache), false)
#4 C:\wamp64\www\e_comerce\public\index.php(44): CodeIgniter\CodeIgniter->run()
#5 {main}
CRITICAL - 2023-08-06 17:33:10 --> Trying to access array offset on value of type int
#0 C:\wamp64\www\e_comerce\app\Controllers\Home.php(28): CodeIgniter\Debug\Exceptions->errorHandler(8, 'Trying to acces...', 'C:\\wamp64\\www\\e...', 28, Array)
#1 C:\wamp64\www\e_comerce\system\CodeIgniter.php(918): App\Controllers\Home->index()
#2 C:\wamp64\www\e_comerce\system\CodeIgniter.php(404): CodeIgniter\CodeIgniter->runController(Object(App\Controllers\Home))
#3 C:\wamp64\www\e_comerce\system\CodeIgniter.php(312): CodeIgniter\CodeIgniter->handleRequest(NULL, Object(Config\Cache), false)
#4 C:\wamp64\www\e_comerce\public\index.php(44): CodeIgniter\CodeIgniter->run()
#5 {main}
CRITICAL - 2023-08-06 17:33:10 --> Trying to access array offset on value of type int
#0 C:\wamp64\www\e_comerce\app\Controllers\Home.php(28): CodeIgniter\Debug\Exceptions->errorHandler(8, 'Trying to acces...', 'C:\\wamp64\\www\\e...', 28, Array)
#1 C:\wamp64\www\e_comerce\system\CodeIgniter.php(918): App\Controllers\Home->index()
#2 C:\wamp64\www\e_comerce\system\CodeIgniter.php(404): CodeIgniter\CodeIgniter->runController(Object(App\Controllers\Home))
#3 C:\wamp64\www\e_comerce\system\CodeIgniter.php(312): CodeIgniter\CodeIgniter->handleRequest(NULL, Object(Config\Cache), false)
#4 C:\wamp64\www\e_comerce\public\index.php(44): CodeIgniter\CodeIgniter->run()
#5 {main}
CRITICAL - 2023-08-06 17:33:50 --> Trying to access array offset on value of type int
#0 C:\wamp64\www\e_comerce\app\Controllers\Home.php(28): CodeIgniter\Debug\Exceptions->errorHandler(8, 'Trying to acces...', 'C:\\wamp64\\www\\e...', 28, Array)
#1 C:\wamp64\www\e_comerce\system\CodeIgniter.php(918): App\Controllers\Home->index()
#2 C:\wamp64\www\e_comerce\system\CodeIgniter.php(404): CodeIgniter\CodeIgniter->runController(Object(App\Controllers\Home))
#3 C:\wamp64\www\e_comerce\system\CodeIgniter.php(312): CodeIgniter\CodeIgniter->handleRequest(NULL, Object(Config\Cache), false)
#4 C:\wamp64\www\e_comerce\public\index.php(44): CodeIgniter\CodeIgniter->run()
#5 {main}
CRITICAL - 2023-08-06 17:33:50 --> Trying to access array offset on value of type int
#0 C:\wamp64\www\e_comerce\app\Controllers\Home.php(28): CodeIgniter\Debug\Exceptions->errorHandler(8, 'Trying to acces...', 'C:\\wamp64\\www\\e...', 28, Array)
#1 C:\wamp64\www\e_comerce\system\CodeIgniter.php(918): App\Controllers\Home->index()
#2 C:\wamp64\www\e_comerce\system\CodeIgniter.php(404): CodeIgniter\CodeIgniter->runController(Object(App\Controllers\Home))
#3 C:\wamp64\www\e_comerce\system\CodeIgniter.php(312): CodeIgniter\CodeIgniter->handleRequest(NULL, Object(Config\Cache), false)
#4 C:\wamp64\www\e_comerce\public\index.php(44): CodeIgniter\CodeIgniter->run()
#5 {main}
CRITICAL - 2023-08-06 17:33:51 --> Trying to access array offset on value of type int
#0 C:\wamp64\www\e_comerce\app\Controllers\Home.php(28): CodeIgniter\Debug\Exceptions->errorHandler(8, 'Trying to acces...', 'C:\\wamp64\\www\\e...', 28, Array)
#1 C:\wamp64\www\e_comerce\system\CodeIgniter.php(918): App\Controllers\Home->index()
#2 C:\wamp64\www\e_comerce\system\CodeIgniter.php(404): CodeIgniter\CodeIgniter->runController(Object(App\Controllers\Home))
#3 C:\wamp64\www\e_comerce\system\CodeIgniter.php(312): CodeIgniter\CodeIgniter->handleRequest(NULL, Object(Config\Cache), false)
#4 C:\wamp64\www\e_comerce\public\index.php(44): CodeIgniter\CodeIgniter->run()
#5 {main}
CRITICAL - 2023-08-06 17:34:24 --> Function name must be a string
#0 C:\wamp64\www\e_comerce\system\CodeIgniter.php(918): App\Controllers\Home->index()
#1 C:\wamp64\www\e_comerce\system\CodeIgniter.php(404): CodeIgniter\CodeIgniter->runController(Object(App\Controllers\Home))
#2 C:\wamp64\www\e_comerce\system\CodeIgniter.php(312): CodeIgniter\CodeIgniter->handleRequest(NULL, Object(Config\Cache), false)
#3 C:\wamp64\www\e_comerce\public\index.php(44): CodeIgniter\CodeIgniter->run()
#4 {main}
CRITICAL - 2023-08-06 17:34:25 --> Function name must be a string
#0 C:\wamp64\www\e_comerce\system\CodeIgniter.php(918): App\Controllers\Home->index()
#1 C:\wamp64\www\e_comerce\system\CodeIgniter.php(404): CodeIgniter\CodeIgniter->runController(Object(App\Controllers\Home))
#2 C:\wamp64\www\e_comerce\system\CodeIgniter.php(312): CodeIgniter\CodeIgniter->handleRequest(NULL, Object(Config\Cache), false)
#3 C:\wamp64\www\e_comerce\public\index.php(44): CodeIgniter\CodeIgniter->run()
#4 {main}
CRITICAL - 2023-08-06 17:43:04 --> Undefined index: status
#0 C:\wamp64\www\e_comerce\app\Controllers\Home.php(44): CodeIgniter\Debug\Exceptions->errorHandler(8, 'Undefined index...', 'C:\\wamp64\\www\\e...', 44, Array)
#1 C:\wamp64\www\e_comerce\system\CodeIgniter.php(918): App\Controllers\Home->loadContent()
#2 C:\wamp64\www\e_comerce\system\CodeIgniter.php(404): CodeIgniter\CodeIgniter->runController(Object(App\Controllers\Home))
#3 C:\wamp64\www\e_comerce\system\CodeIgniter.php(312): CodeIgniter\CodeIgniter->handleRequest(NULL, Object(Config\Cache), false)
#4 C:\wamp64\www\e_comerce\public\index.php(44): CodeIgniter\CodeIgniter->run()
#5 {main}
CRITICAL - 2023-08-06 17:44:20 --> Function name must be a string
#0 C:\wamp64\www\e_comerce\system\CodeIgniter.php(918): App\Controllers\Home->loadContent()
#1 C:\wamp64\www\e_comerce\system\CodeIgniter.php(404): CodeIgniter\CodeIgniter->runController(Object(App\Controllers\Home))
#2 C:\wamp64\www\e_comerce\system\CodeIgniter.php(312): CodeIgniter\CodeIgniter->handleRequest(NULL, Object(Config\Cache), false)
#3 C:\wamp64\www\e_comerce\public\index.php(44): CodeIgniter\CodeIgniter->run()
#4 {main}
CRITICAL - 2023-08-06 17:44:21 --> Function name must be a string
#0 C:\wamp64\www\e_comerce\system\CodeIgniter.php(918): App\Controllers\Home->loadContent()
#1 C:\wamp64\www\e_comerce\system\CodeIgniter.php(404): CodeIgniter\CodeIgniter->runController(Object(App\Controllers\Home))
#2 C:\wamp64\www\e_comerce\system\CodeIgniter.php(312): CodeIgniter\CodeIgniter->handleRequest(NULL, Object(Config\Cache), false)
#3 C:\wamp64\www\e_comerce\public\index.php(44): CodeIgniter\CodeIgniter->run()
#4 {main}
CRITICAL - 2023-08-06 17:44:48 --> Trying to get property 'status' of non-object
#0 C:\wamp64\www\e_comerce\app\Controllers\Home.php(45): CodeIgniter\Debug\Exceptions->errorHandler(8, 'Trying to get p...', 'C:\\wamp64\\www\\e...', 45, Array)
#1 C:\wamp64\www\e_comerce\system\CodeIgniter.php(918): App\Controllers\Home->loadContent()
#2 C:\wamp64\www\e_comerce\system\CodeIgniter.php(404): CodeIgniter\CodeIgniter->runController(Object(App\Controllers\Home))
#3 C:\wamp64\www\e_comerce\system\CodeIgniter.php(312): CodeIgniter\CodeIgniter->handleRequest(NULL, Object(Config\Cache), false)
#4 C:\wamp64\www\e_comerce\public\index.php(44): CodeIgniter\CodeIgniter->run()
#5 {main}
