CRITICAL - 2023-09-01 01:48:26 --> Invalid file: "global/formValidation.php"
in SYSTEMPATH\Exceptions\FrameworkException.php on line 33.
 1 SYSTEMPATH\View\View.php(212): CodeIgniter\Exceptions\FrameworkException::forInvalidFile('global/formValidation.php')
 2 SYSTEMPATH\Common.php(1176): CodeIgniter\View\View->render('global/formValidation', [], true)
 3 APPPATH\Views\pages\patientInfo.php(58): view('global/formValidation')
 4 SYSTEMPATH\View\View.php(224): include('C:\\wamp64\\www\\medical_center\\app\\Views\\pages\\patientInfo.php')
 5 SYSTEMPATH\View\View.php(227): CodeIgniter\View\View->CodeIgniter\View\{closure}()
 6 SYSTEMPATH\Common.php(1176): CodeIgniter\View\View->render('pages/patientInfo', [], true)
 7 APPPATH\Views\header\index.php(62): view('pages/patientInfo')
 8 SYSTEMPATH\View\View.php(224): include('C:\\wamp64\\www\\medical_center\\app\\Views\\header\\index.php')
 9 SYSTEMPATH\View\View.php(227): CodeIgniter\View\View->CodeIgniter\View\{closure}()
10 SYSTEMPATH\Common.php(1176): CodeIgniter\View\View->render('header/index', [], true)
11 APPPATH\Controllers\Home.php(17): view('header/index', [...])
12 SYSTEMPATH\CodeIgniter.php(932): App\Controllers\Home->patientReferral()
13 SYSTEMPATH\CodeIgniter.php(497): CodeIgniter\CodeIgniter->runController(Object(App\Controllers\Home))
14 SYSTEMPATH\CodeIgniter.php(366): CodeIgniter\CodeIgniter->handleRequest(null, Object(Config\Cache), false)
15 FCPATH\index.php(67): CodeIgniter\CodeIgniter->run()
CRITICAL - 2023-09-01 01:48:32 --> Invalid file: "global/formValidation.php"
in SYSTEMPATH\Exceptions\FrameworkException.php on line 33.
 1 SYSTEMPATH\View\View.php(212): CodeIgniter\Exceptions\FrameworkException::forInvalidFile('global/formValidation.php')
 2 SYSTEMPATH\Common.php(1176): CodeIgniter\View\View->render('global/formValidation', [], true)
 3 APPPATH\Views\pages\patientInfo.php(58): view('global/formValidation')
 4 SYSTEMPATH\View\View.php(224): include('C:\\wamp64\\www\\medical_center\\app\\Views\\pages\\patientInfo.php')
 5 SYSTEMPATH\View\View.php(227): CodeIgniter\View\View->CodeIgniter\View\{closure}()
 6 SYSTEMPATH\Common.php(1176): CodeIgniter\View\View->render('pages/patientInfo', [], true)
 7 APPPATH\Views\header\index.php(62): view('pages/patientInfo')
 8 SYSTEMPATH\View\View.php(224): include('C:\\wamp64\\www\\medical_center\\app\\Views\\header\\index.php')
 9 SYSTEMPATH\View\View.php(227): CodeIgniter\View\View->CodeIgniter\View\{closure}()
10 SYSTEMPATH\Common.php(1176): CodeIgniter\View\View->render('header/index', [], true)
11 APPPATH\Controllers\Home.php(17): view('header/index', [...])
12 SYSTEMPATH\CodeIgniter.php(932): App\Controllers\Home->patientReferral()
13 SYSTEMPATH\CodeIgniter.php(497): CodeIgniter\CodeIgniter->runController(Object(App\Controllers\Home))
14 SYSTEMPATH\CodeIgniter.php(366): CodeIgniter\CodeIgniter->handleRequest(null, Object(Config\Cache), false)
15 FCPATH\index.php(67): CodeIgniter\CodeIgniter->run()
CRITICAL - 2023-09-01 01:48:33 --> Invalid file: "global/formValidation.php"
in SYSTEMPATH\Exceptions\FrameworkException.php on line 33.
 1 SYSTEMPATH\View\View.php(212): CodeIgniter\Exceptions\FrameworkException::forInvalidFile('global/formValidation.php')
 2 SYSTEMPATH\Common.php(1176): CodeIgniter\View\View->render('global/formValidation', [], true)
 3 APPPATH\Views\pages\patientInfo.php(58): view('global/formValidation')
 4 SYSTEMPATH\View\View.php(224): include('C:\\wamp64\\www\\medical_center\\app\\Views\\pages\\patientInfo.php')
 5 SYSTEMPATH\View\View.php(227): CodeIgniter\View\View->CodeIgniter\View\{closure}()
 6 SYSTEMPATH\Common.php(1176): CodeIgniter\View\View->render('pages/patientInfo', [], true)
 7 APPPATH\Views\header\index.php(62): view('pages/patientInfo')
 8 SYSTEMPATH\View\View.php(224): include('C:\\wamp64\\www\\medical_center\\app\\Views\\header\\index.php')
 9 SYSTEMPATH\View\View.php(227): CodeIgniter\View\View->CodeIgniter\View\{closure}()
10 SYSTEMPATH\Common.php(1176): CodeIgniter\View\View->render('header/index', [], true)
11 APPPATH\Controllers\Home.php(17): view('header/index', [...])
12 SYSTEMPATH\CodeIgniter.php(932): App\Controllers\Home->patientReferral()
13 SYSTEMPATH\CodeIgniter.php(497): CodeIgniter\CodeIgniter->runController(Object(App\Controllers\Home))
14 SYSTEMPATH\CodeIgniter.php(366): CodeIgniter\CodeIgniter->handleRequest(null, Object(Config\Cache), false)
15 FCPATH\index.php(67): CodeIgniter\CodeIgniter->run()
CRITICAL - 2023-09-01 01:49:00 --> Invalid file: "global/formValidation.php"
in SYSTEMPATH\Exceptions\FrameworkException.php on line 33.
 1 SYSTEMPATH\View\View.php(212): CodeIgniter\Exceptions\FrameworkException::forInvalidFile('global/formValidation.php')
 2 SYSTEMPATH\Common.php(1176): CodeIgniter\View\View->render('global/formValidation', [], true)
 3 APPPATH\Views\pages\patientInfo.php(58): view('global/formValidation')
 4 SYSTEMPATH\View\View.php(224): include('C:\\wamp64\\www\\medical_center\\app\\Views\\pages\\patientInfo.php')
 5 SYSTEMPATH\View\View.php(227): CodeIgniter\View\View->CodeIgniter\View\{closure}()
 6 SYSTEMPATH\Common.php(1176): CodeIgniter\View\View->render('pages/patientInfo', [], true)
 7 APPPATH\Views\header\index.php(62): view('pages/patientInfo')
 8 SYSTEMPATH\View\View.php(224): include('C:\\wamp64\\www\\medical_center\\app\\Views\\header\\index.php')
 9 SYSTEMPATH\View\View.php(227): CodeIgniter\View\View->CodeIgniter\View\{closure}()
10 SYSTEMPATH\Common.php(1176): CodeIgniter\View\View->render('header/index', [], true)
11 APPPATH\Controllers\Home.php(17): view('header/index', [...])
12 SYSTEMPATH\CodeIgniter.php(932): App\Controllers\Home->patientReferral()
13 SYSTEMPATH\CodeIgniter.php(497): CodeIgniter\CodeIgniter->runController(Object(App\Controllers\Home))
14 SYSTEMPATH\CodeIgniter.php(366): CodeIgniter\CodeIgniter->handleRequest(null, Object(Config\Cache), false)
15 FCPATH\index.php(67): CodeIgniter\CodeIgniter->run()
CRITICAL - 2023-09-01 01:49:03 --> Invalid file: "global/formValidation.php"
in SYSTEMPATH\Exceptions\FrameworkException.php on line 33.
 1 SYSTEMPATH\View\View.php(212): CodeIgniter\Exceptions\FrameworkException::forInvalidFile('global/formValidation.php')
 2 SYSTEMPATH\Common.php(1176): CodeIgniter\View\View->render('global/formValidation', [], true)
 3 APPPATH\Views\pages\patientInfo.php(58): view('global/formValidation')
 4 SYSTEMPATH\View\View.php(224): include('C:\\wamp64\\www\\medical_center\\app\\Views\\pages\\patientInfo.php')
 5 SYSTEMPATH\View\View.php(227): CodeIgniter\View\View->CodeIgniter\View\{closure}()
 6 SYSTEMPATH\Common.php(1176): CodeIgniter\View\View->render('pages/patientInfo', [], true)
 7 APPPATH\Views\header\index.php(62): view('pages/patientInfo')
 8 SYSTEMPATH\View\View.php(224): include('C:\\wamp64\\www\\medical_center\\app\\Views\\header\\index.php')
 9 SYSTEMPATH\View\View.php(227): CodeIgniter\View\View->CodeIgniter\View\{closure}()
10 SYSTEMPATH\Common.php(1176): CodeIgniter\View\View->render('header/index', [], true)
11 APPPATH\Controllers\Home.php(17): view('header/index', [...])
12 SYSTEMPATH\CodeIgniter.php(932): App\Controllers\Home->patientReferral()
13 SYSTEMPATH\CodeIgniter.php(497): CodeIgniter\CodeIgniter->runController(Object(App\Controllers\Home))
14 SYSTEMPATH\CodeIgniter.php(366): CodeIgniter\CodeIgniter->handleRequest(null, Object(Config\Cache), false)
15 FCPATH\index.php(67): CodeIgniter\CodeIgniter->run()
CRITICAL - 2023-09-01 01:49:07 --> Invalid file: "global/formValidation.php"
in SYSTEMPATH\Exceptions\FrameworkException.php on line 33.
 1 SYSTEMPATH\View\View.php(212): CodeIgniter\Exceptions\FrameworkException::forInvalidFile('global/formValidation.php')
 2 SYSTEMPATH\Common.php(1176): CodeIgniter\View\View->render('global/formValidation', [], true)
 3 APPPATH\Views\pages\patientInfo.php(58): view('global/formValidation')
 4 SYSTEMPATH\View\View.php(224): include('C:\\wamp64\\www\\medical_center\\app\\Views\\pages\\patientInfo.php')
 5 SYSTEMPATH\View\View.php(227): CodeIgniter\View\View->CodeIgniter\View\{closure}()
 6 SYSTEMPATH\Common.php(1176): CodeIgniter\View\View->render('pages/patientInfo', [], true)
 7 APPPATH\Views\header\index.php(62): view('pages/patientInfo')
 8 SYSTEMPATH\View\View.php(224): include('C:\\wamp64\\www\\medical_center\\app\\Views\\header\\index.php')
 9 SYSTEMPATH\View\View.php(227): CodeIgniter\View\View->CodeIgniter\View\{closure}()
10 SYSTEMPATH\Common.php(1176): CodeIgniter\View\View->render('header/index', [], true)
11 APPPATH\Controllers\Home.php(17): view('header/index', [...])
12 SYSTEMPATH\CodeIgniter.php(932): App\Controllers\Home->patientReferral()
13 SYSTEMPATH\CodeIgniter.php(497): CodeIgniter\CodeIgniter->runController(Object(App\Controllers\Home))
14 SYSTEMPATH\CodeIgniter.php(366): CodeIgniter\CodeIgniter->handleRequest(null, Object(Config\Cache), false)
15 FCPATH\index.php(67): CodeIgniter\CodeIgniter->run()
CRITICAL - 2023-09-01 01:49:12 --> Invalid file: "global/formValidation.php"
in SYSTEMPATH\Exceptions\FrameworkException.php on line 33.
 1 SYSTEMPATH\View\View.php(212): CodeIgniter\Exceptions\FrameworkException::forInvalidFile('global/formValidation.php')
 2 SYSTEMPATH\Common.php(1176): CodeIgniter\View\View->render('global/formValidation', [], true)
 3 APPPATH\Views\pages\patientInfo.php(58): view('global/formValidation')
 4 SYSTEMPATH\View\View.php(224): include('C:\\wamp64\\www\\medical_center\\app\\Views\\pages\\patientInfo.php')
 5 SYSTEMPATH\View\View.php(227): CodeIgniter\View\View->CodeIgniter\View\{closure}()
 6 SYSTEMPATH\Common.php(1176): CodeIgniter\View\View->render('pages/patientInfo', [], true)
 7 APPPATH\Views\header\index.php(62): view('pages/patientInfo')
 8 SYSTEMPATH\View\View.php(224): include('C:\\wamp64\\www\\medical_center\\app\\Views\\header\\index.php')
 9 SYSTEMPATH\View\View.php(227): CodeIgniter\View\View->CodeIgniter\View\{closure}()
10 SYSTEMPATH\Common.php(1176): CodeIgniter\View\View->render('header/index', [], true)
11 APPPATH\Controllers\Home.php(17): view('header/index', [...])
12 SYSTEMPATH\CodeIgniter.php(932): App\Controllers\Home->patientReferral()
13 SYSTEMPATH\CodeIgniter.php(497): CodeIgniter\CodeIgniter->runController(Object(App\Controllers\Home))
14 SYSTEMPATH\CodeIgniter.php(366): CodeIgniter\CodeIgniter->handleRequest(null, Object(Config\Cache), false)
15 FCPATH\index.php(67): CodeIgniter\CodeIgniter->run()
CRITICAL - 2023-09-01 01:51:39 --> Invalid file: "global/formValidation.php"
in SYSTEMPATH\Exceptions\FrameworkException.php on line 33.
 1 SYSTEMPATH\View\View.php(212): CodeIgniter\Exceptions\FrameworkException::forInvalidFile('global/formValidation.php')
 2 SYSTEMPATH\Common.php(1176): CodeIgniter\View\View->render('global/formValidation', [], true)
 3 APPPATH\Views\pages\patientInfo.php(58): view('global/formValidation')
 4 SYSTEMPATH\View\View.php(224): include('C:\\wamp64\\www\\medical_center\\app\\Views\\pages\\patientInfo.php')
 5 SYSTEMPATH\View\View.php(227): CodeIgniter\View\View->CodeIgniter\View\{closure}()
 6 SYSTEMPATH\Common.php(1176): CodeIgniter\View\View->render('pages/patientInfo', [], true)
 7 APPPATH\Views\header\index.php(62): view('pages/patientInfo')
 8 SYSTEMPATH\View\View.php(224): include('C:\\wamp64\\www\\medical_center\\app\\Views\\header\\index.php')
 9 SYSTEMPATH\View\View.php(227): CodeIgniter\View\View->CodeIgniter\View\{closure}()
10 SYSTEMPATH\Common.php(1176): CodeIgniter\View\View->render('header/index', [], true)
11 APPPATH\Controllers\Home.php(17): view('header/index', [...])
12 SYSTEMPATH\CodeIgniter.php(932): App\Controllers\Home->patientReferral()
13 SYSTEMPATH\CodeIgniter.php(497): CodeIgniter\CodeIgniter->runController(Object(App\Controllers\Home))
14 SYSTEMPATH\CodeIgniter.php(366): CodeIgniter\CodeIgniter->handleRequest(null, Object(Config\Cache), false)
15 FCPATH\index.php(67): CodeIgniter\CodeIgniter->run()
CRITICAL - 2023-09-01 01:51:40 --> Invalid file: "global/formValidation.php"
in SYSTEMPATH\Exceptions\FrameworkException.php on line 33.
 1 SYSTEMPATH\View\View.php(212): CodeIgniter\Exceptions\FrameworkException::forInvalidFile('global/formValidation.php')
 2 SYSTEMPATH\Common.php(1176): CodeIgniter\View\View->render('global/formValidation', [], true)
 3 APPPATH\Views\pages\patientInfo.php(58): view('global/formValidation')
 4 SYSTEMPATH\View\View.php(224): include('C:\\wamp64\\www\\medical_center\\app\\Views\\pages\\patientInfo.php')
 5 SYSTEMPATH\View\View.php(227): CodeIgniter\View\View->CodeIgniter\View\{closure}()
 6 SYSTEMPATH\Common.php(1176): CodeIgniter\View\View->render('pages/patientInfo', [], true)
 7 APPPATH\Views\header\index.php(62): view('pages/patientInfo')
 8 SYSTEMPATH\View\View.php(224): include('C:\\wamp64\\www\\medical_center\\app\\Views\\header\\index.php')
 9 SYSTEMPATH\View\View.php(227): CodeIgniter\View\View->CodeIgniter\View\{closure}()
10 SYSTEMPATH\Common.php(1176): CodeIgniter\View\View->render('header/index', [], true)
11 APPPATH\Controllers\Home.php(17): view('header/index', [...])
12 SYSTEMPATH\CodeIgniter.php(932): App\Controllers\Home->patientReferral()
13 SYSTEMPATH\CodeIgniter.php(497): CodeIgniter\CodeIgniter->runController(Object(App\Controllers\Home))
14 SYSTEMPATH\CodeIgniter.php(366): CodeIgniter\CodeIgniter->handleRequest(null, Object(Config\Cache), false)
15 FCPATH\index.php(67): CodeIgniter\CodeIgniter->run()
