CRITICAL - 2023-07-04 08:46:11 --> Unable to connect to the database.
#0 C:\wamp64\www\e_comerce\system\Database\BaseConnection.php(646): CodeIgniter\Database\BaseConnection->initialize()
#1 C:\wamp64\www\e_comerce\system\Database\BaseBuilder.php(1860): CodeIgniter\Database\BaseConnection->query('SELECT *\nFROM `...', Array, false)
#2 C:\wamp64\www\e_comerce\app\Models\AuthenticationModel.php(22): CodeIgniter\Database\BaseBuilder->get()
#3 C:\wamp64\www\e_comerce\app\Controllers\Admin.php(39): App\Models\AuthenticationModel->loginAdmin('123')
#4 C:\wamp64\www\e_comerce\system\CodeIgniter.php(918): App\Controllers\Admin->login()
#5 C:\wamp64\www\e_comerce\system\CodeIgniter.php(404): CodeIgniter\CodeIgniter->runController(Object(App\Controllers\Admin))
#6 C:\wamp64\www\e_comerce\system\CodeIgniter.php(312): CodeIgniter\CodeIgniter->handleRequest(NULL, Object(Config\Cache), false)
#7 C:\wamp64\www\e_comerce\public\index.php(44): CodeIgniter\CodeIgniter->run()
#8 {main}
CRITICAL - 2023-07-04 08:46:23 --> Unable to connect to the database.
#0 C:\wamp64\www\e_comerce\system\Database\BaseConnection.php(646): CodeIgniter\Database\BaseConnection->initialize()
#1 C:\wamp64\www\e_comerce\system\Database\BaseBuilder.php(1860): CodeIgniter\Database\BaseConnection->query('SELECT *\nFROM `...', Array, false)
#2 C:\wamp64\www\e_comerce\app\Models\AuthenticationModel.php(22): CodeIgniter\Database\BaseBuilder->get()
#3 C:\wamp64\www\e_comerce\app\Controllers\Admin.php(39): App\Models\AuthenticationModel->loginAdmin('123')
#4 C:\wamp64\www\e_comerce\system\CodeIgniter.php(918): App\Controllers\Admin->login()
#5 C:\wamp64\www\e_comerce\system\CodeIgniter.php(404): CodeIgniter\CodeIgniter->runController(Object(App\Controllers\Admin))
#6 C:\wamp64\www\e_comerce\system\CodeIgniter.php(312): CodeIgniter\CodeIgniter->handleRequest(NULL, Object(Config\Cache), false)
#7 C:\wamp64\www\e_comerce\public\index.php(44): CodeIgniter\CodeIgniter->run()
#8 {main}
CRITICAL - 2023-07-04 08:46:32 --> Unable to connect to the database.
#0 C:\wamp64\www\e_comerce\system\Database\BaseConnection.php(646): CodeIgniter\Database\BaseConnection->initialize()
#1 C:\wamp64\www\e_comerce\system\Database\BaseBuilder.php(1860): CodeIgniter\Database\BaseConnection->query('SELECT *\nFROM `...', Array, false)
#2 C:\wamp64\www\e_comerce\app\Models\AuthenticationModel.php(22): CodeIgniter\Database\BaseBuilder->get()
#3 C:\wamp64\www\e_comerce\app\Controllers\Admin.php(39): App\Models\AuthenticationModel->loginAdmin('123')
#4 C:\wamp64\www\e_comerce\system\CodeIgniter.php(918): App\Controllers\Admin->login()
#5 C:\wamp64\www\e_comerce\system\CodeIgniter.php(404): CodeIgniter\CodeIgniter->runController(Object(App\Controllers\Admin))
#6 C:\wamp64\www\e_comerce\system\CodeIgniter.php(312): CodeIgniter\CodeIgniter->handleRequest(NULL, Object(Config\Cache), false)
#7 C:\wamp64\www\e_comerce\public\index.php(44): CodeIgniter\CodeIgniter->run()
#8 {main}
CRITICAL - 2023-07-04 08:47:20 --> Unable to connect to the database.
#0 C:\wamp64\www\e_comerce\system\Database\BaseConnection.php(646): CodeIgniter\Database\BaseConnection->initialize()
#1 C:\wamp64\www\e_comerce\system\Database\BaseBuilder.php(1860): CodeIgniter\Database\BaseConnection->query('SELECT *\nFROM `...', Array, false)
#2 C:\wamp64\www\e_comerce\app\Models\AuthenticationModel.php(22): CodeIgniter\Database\BaseBuilder->get()
#3 C:\wamp64\www\e_comerce\app\Controllers\Admin.php(39): App\Models\AuthenticationModel->loginAdmin('123')
#4 C:\wamp64\www\e_comerce\system\CodeIgniter.php(918): App\Controllers\Admin->login()
#5 C:\wamp64\www\e_comerce\system\CodeIgniter.php(404): CodeIgniter\CodeIgniter->runController(Object(App\Controllers\Admin))
#6 C:\wamp64\www\e_comerce\system\CodeIgniter.php(312): CodeIgniter\CodeIgniter->handleRequest(NULL, Object(Config\Cache), false)
#7 C:\wamp64\www\e_comerce\public\index.php(44): CodeIgniter\CodeIgniter->run()
#8 {main}
