CRITICAL - 2023-08-16 09:46:26 --> Undefined variable: config
#0 C:\wamp64\www\e_comerce\app\Views\admin\main.php(6): CodeIgniter\Debug\Exceptions->errorHandler(8, 'Undefined varia...', 'C:\\wamp64\\www\\e...', 6, Array)
#1 C:\wamp64\www\e_comerce\system\View\View.php(246): include('C:\\wamp64\\www\\e...')
#2 C:\wamp64\www\e_comerce\system\Common.php(1119): CodeIgniter\View\View->render('admin/main', Array, true)
#3 C:\wamp64\www\e_comerce\app\Controllers\ListEmployee.php(32): view('admin/main', Array)
#4 C:\wamp64\www\e_comerce\system\CodeIgniter.php(918): App\Controllers\ListEmployee->index()
#5 C:\wamp64\www\e_comerce\system\CodeIgniter.php(404): CodeIgniter\CodeIgniter->runController(Object(App\Controllers\ListEmployee))
#6 C:\wamp64\www\e_comerce\system\CodeIgniter.php(312): CodeIgniter\CodeIgniter->handleRequest(NULL, Object(Config\Cache), false)
#7 C:\wamp64\www\e_comerce\public\index.php(44): CodeIgniter\CodeIgniter->run()
#8 {main}
CRITICAL - 2023-08-16 09:47:33 --> file_get_contents(): read of 8192 bytes failed with errno=13 Permission denied
#0 [internal function]: CodeIgniter\Debug\Exceptions->errorHandler(8, 'file_get_conten...', 'C:\\wamp64\\www\\e...', 455, Array)
#1 C:\wamp64\www\e_comerce\system\Debug\Toolbar.php(455): file_get_contents('C:\\wamp64\\www\\e...')
#2 C:\wamp64\www\e_comerce\app\Config\Events.php(50): CodeIgniter\Debug\Toolbar->respond()
#3 [internal function]: CodeIgniter\Events\Events::Config\{closure}()
#4 C:\wamp64\www\e_comerce\system\Events\Events.php(188): call_user_func(Object(Closure))
#5 C:\wamp64\www\e_comerce\system\CodeIgniter.php(293): CodeIgniter\Events\Events::trigger('pre_system')
#6 C:\wamp64\www\e_comerce\public\index.php(44): CodeIgniter\CodeIgniter->run()
#7 {main}
CRITICAL - 2023-08-16 09:51:15 --> Undefined index: dtCategory
#0 C:\wamp64\www\e_comerce\app\Controllers\ListEmployee.php(31): CodeIgniter\Debug\Exceptions->errorHandler(8, 'Undefined index...', 'C:\\wamp64\\www\\e...', 31, Array)
#1 C:\wamp64\www\e_comerce\system\CodeIgniter.php(918): App\Controllers\ListEmployee->index()
#2 C:\wamp64\www\e_comerce\system\CodeIgniter.php(404): CodeIgniter\CodeIgniter->runController(Object(App\Controllers\ListEmployee))
#3 C:\wamp64\www\e_comerce\system\CodeIgniter.php(312): CodeIgniter\CodeIgniter->handleRequest(NULL, Object(Config\Cache), false)
#4 C:\wamp64\www\e_comerce\public\index.php(44): CodeIgniter\CodeIgniter->run()
#5 {main}
CRITICAL - 2023-08-16 10:45:21 --> syntax error, unexpected ';'
#0 C:\wamp64\www\e_comerce\system\Router\Router.php(195): CodeIgniter\Router\Router->autoRoute('/listEmployee')
#1 C:\wamp64\www\e_comerce\system\CodeIgniter.php(793): CodeIgniter\Router\Router->handle('/listEmployee')
#2 C:\wamp64\www\e_comerce\system\CodeIgniter.php(364): CodeIgniter\CodeIgniter->tryToRouteIt(Object(CodeIgniter\Router\RouteCollection))
#3 C:\wamp64\www\e_comerce\system\CodeIgniter.php(312): CodeIgniter\CodeIgniter->handleRequest(NULL, Object(Config\Cache), false)
#4 C:\wamp64\www\e_comerce\public\index.php(44): CodeIgniter\CodeIgniter->run()
#5 {main}
CRITICAL - 2023-08-16 10:45:22 --> syntax error, unexpected ';'
#0 C:\wamp64\www\e_comerce\system\Router\Router.php(195): CodeIgniter\Router\Router->autoRoute('/listEmployee')
#1 C:\wamp64\www\e_comerce\system\CodeIgniter.php(793): CodeIgniter\Router\Router->handle('/listEmployee')
#2 C:\wamp64\www\e_comerce\system\CodeIgniter.php(364): CodeIgniter\CodeIgniter->tryToRouteIt(Object(CodeIgniter\Router\RouteCollection))
#3 C:\wamp64\www\e_comerce\system\CodeIgniter.php(312): CodeIgniter\CodeIgniter->handleRequest(NULL, Object(Config\Cache), false)
#4 C:\wamp64\www\e_comerce\public\index.php(44): CodeIgniter\CodeIgniter->run()
#5 {main}
CRITICAL - 2023-08-16 11:17:29 --> Undefined property: stdClass::$identify
#0 C:\wamp64\www\e_comerce\app\Controllers\ListEmployee.php(59): CodeIgniter\Debug\Exceptions->errorHandler(8, 'Undefined prope...', 'C:\\wamp64\\www\\e...', 59, Array)
#1 C:\wamp64\www\e_comerce\system\CodeIgniter.php(918): App\Controllers\ListEmployee->processingEmployee()
#2 C:\wamp64\www\e_comerce\system\CodeIgniter.php(404): CodeIgniter\CodeIgniter->runController(Object(App\Controllers\ListEmployee))
#3 C:\wamp64\www\e_comerce\system\CodeIgniter.php(312): CodeIgniter\CodeIgniter->handleRequest(NULL, Object(Config\Cache), false)
#4 C:\wamp64\www\e_comerce\public\index.php(44): CodeIgniter\CodeIgniter->run()
#5 {main}
