CRITICAL - 2023-09-04 09:47:22 --> unlink(C:\wamp64\www\medical_center\writable\debugbar/debugbar_1693799450.json): No such file or directory
#0 [internal function]: CodeIgniter\Debug\Exceptions->errorHandler(2, 'unlink(C:\\wamp6...', 'C:\\wamp64\\www\\m...', 106, Array)
#1 C:\wamp64\www\medical_center\system\Debug\Toolbar\Collectors\History.php(106): unlink('C:\\wamp64\\www\\m...')
#2 C:\wamp64\www\medical_center\system\Debug\Toolbar.php(483): CodeIgniter\Debug\Toolbar\Collectors\History->setFiles(1693838842, 20)
#3 C:\wamp64\www\medical_center\system\Debug\Toolbar.php(455): CodeIgniter\Debug\Toolbar->format(Array, 'html')
#4 C:\wamp64\www\medical_center\app\Config\Events.php(50): CodeIgniter\Debug\Toolbar->respond()
#5 [internal function]: CodeIgniter\Events\Events::Config\{closure}()
#6 C:\wamp64\www\medical_center\system\Events\Events.php(188): call_user_func(Object(Closure))
#7 C:\wamp64\www\medical_center\system\CodeIgniter.php(293): CodeIgniter\Events\Events::trigger('pre_system')
#8 C:\wamp64\www\medical_center\public\index.php(44): CodeIgniter\CodeIgniter->run()
#9 {main}
CRITICAL - 2023-09-04 09:47:28 --> unlink(C:\wamp64\www\medical_center\writable\debugbar/debugbar_1693838650.json): No such file or directory
#0 [internal function]: CodeIgniter\Debug\Exceptions->errorHandler(2, 'unlink(C:\\wamp6...', 'C:\\wamp64\\www\\m...', 106, Array)
#1 C:\wamp64\www\medical_center\system\Debug\Toolbar\Collectors\History.php(106): unlink('C:\\wamp64\\www\\m...')
#2 C:\wamp64\www\medical_center\system\Debug\Toolbar.php(483): CodeIgniter\Debug\Toolbar\Collectors\History->setFiles(1693838848, 20)
#3 C:\wamp64\www\medical_center\system\Debug\Toolbar.php(455): CodeIgniter\Debug\Toolbar->format(Array, 'html')
#4 C:\wamp64\www\medical_center\app\Config\Events.php(50): CodeIgniter\Debug\Toolbar->respond()
#5 [internal function]: CodeIgniter\Events\Events::Config\{closure}()
#6 C:\wamp64\www\medical_center\system\Events\Events.php(188): call_user_func(Object(Closure))
#7 C:\wamp64\www\medical_center\system\CodeIgniter.php(293): CodeIgniter\Events\Events::trigger('pre_system')
#8 C:\wamp64\www\medical_center\public\index.php(44): CodeIgniter\CodeIgniter->run()
#9 {main}
CRITICAL - 2023-09-04 09:50:00 --> unlink(C:\wamp64\www\medical_center\writable\debugbar/debugbar_1693838662.json): No such file or directory
#0 [internal function]: CodeIgniter\Debug\Exceptions->errorHandler(2, 'unlink(C:\\wamp6...', 'C:\\wamp64\\www\\m...', 106, Array)
#1 C:\wamp64\www\medical_center\system\Debug\Toolbar\Collectors\History.php(106): unlink('C:\\wamp64\\www\\m...')
#2 C:\wamp64\www\medical_center\system\Debug\Toolbar.php(483): CodeIgniter\Debug\Toolbar\Collectors\History->setFiles(1693839000, 20)
#3 C:\wamp64\www\medical_center\system\Debug\Toolbar.php(455): CodeIgniter\Debug\Toolbar->format(Array, 'html')
#4 C:\wamp64\www\medical_center\app\Config\Events.php(50): CodeIgniter\Debug\Toolbar->respond()
#5 [internal function]: CodeIgniter\Events\Events::Config\{closure}()
#6 C:\wamp64\www\medical_center\system\Events\Events.php(188): call_user_func(Object(Closure))
#7 C:\wamp64\www\medical_center\system\CodeIgniter.php(293): CodeIgniter\Events\Events::trigger('pre_system')
#8 C:\wamp64\www\medical_center\public\index.php(44): CodeIgniter\CodeIgniter->run()
#9 {main}
CRITICAL - 2023-09-04 09:50:00 --> unlink(C:\wamp64\www\medical_center\writable\debugbar/debugbar_1693838756.json): No such file or directory
#0 [internal function]: CodeIgniter\Debug\Exceptions->errorHandler(2, 'unlink(C:\\wamp6...', 'C:\\wamp64\\www\\m...', 106, Array)
#1 C:\wamp64\www\medical_center\system\Debug\Toolbar\Collectors\History.php(106): unlink('C:\\wamp64\\www\\m...')
#2 C:\wamp64\www\medical_center\system\Debug\Toolbar.php(483): CodeIgniter\Debug\Toolbar\Collectors\History->setFiles(1693839000, 20)
#3 C:\wamp64\www\medical_center\system\Debug\Toolbar.php(455): CodeIgniter\Debug\Toolbar->format(Array, 'html')
#4 C:\wamp64\www\medical_center\app\Config\Events.php(50): CodeIgniter\Debug\Toolbar->respond()
#5 [internal function]: CodeIgniter\Events\Events::Config\{closure}()
#6 C:\wamp64\www\medical_center\system\Events\Events.php(188): call_user_func(Object(Closure))
#7 C:\wamp64\www\medical_center\system\CodeIgniter.php(293): CodeIgniter\Events\Events::trigger('pre_system')
#8 C:\wamp64\www\medical_center\public\index.php(44): CodeIgniter\CodeIgniter->run()
#9 {main}
CRITICAL - 2023-09-04 09:50:47 --> file_get_contents() expects parameter 1 to be a valid path, string given
#0 [internal function]: CodeIgniter\Debug\Exceptions->errorHandler(2, 'file_get_conten...', 'C:\\wamp64\\www\\m...', 36, Array)
#1 C:\wamp64\www\medical_center\app\Views\admin\requests.php(36): file_get_contents('%PDF-1.6\r%\xE2\xE3\xCF\xD3\r...')
#2 C:\wamp64\www\medical_center\system\View\View.php(246): include('C:\\wamp64\\www\\m...')
#3 C:\wamp64\www\medical_center\system\Common.php(1119): CodeIgniter\View\View->render('admin/requests', Array, true)
#4 C:\wamp64\www\medical_center\app\Views\header\admin.php(30): view('admin/requests')
#5 C:\wamp64\www\medical_center\system\View\View.php(246): include('C:\\wamp64\\www\\m...')
#6 C:\wamp64\www\medical_center\system\Common.php(1119): CodeIgniter\View\View->render('header/admin', Array, true)
#7 C:\wamp64\www\medical_center\app\Controllers\AdminActions.php(51): view('header/admin', Array)
#8 C:\wamp64\www\medical_center\system\CodeIgniter.php(918): App\Controllers\AdminActions->requests()
#9 C:\wamp64\www\medical_center\system\CodeIgniter.php(404): CodeIgniter\CodeIgniter->runController(Object(App\Controllers\AdminActions))
#10 C:\wamp64\www\medical_center\system\CodeIgniter.php(312): CodeIgniter\CodeIgniter->handleRequest(NULL, Object(Config\Cache), false)
#11 C:\wamp64\www\medical_center\public\index.php(44): CodeIgniter\CodeIgniter->run()
#12 {main}
CRITICAL - 2023-09-04 09:50:47 --> Uncaught Error: Call to undefined function clean_path() in C:\wamp64\www\medical_center\app\Views\errors\html\error_exception.php:38
Stack trace:
#0 C:\wamp64\www\medical_center\system\Debug\Exceptions.php(309): include()
#1 C:\wamp64\www\medical_center\system\Debug\Exceptions.php(175): CodeIgniter\Debug\Exceptions->render(Object(ErrorException), 500)
#2 [internal function]: CodeIgniter\Debug\Exceptions->exceptionHandler(Object(ErrorException))
#3 {main}
  thrown
#0 [internal function]: CodeIgniter\Debug\Exceptions->shutdownHandler()
#1 {main}
CRITICAL - 2023-09-04 09:50:49 --> file_get_contents() expects parameter 1 to be a valid path, string given
#0 [internal function]: CodeIgniter\Debug\Exceptions->errorHandler(2, 'file_get_conten...', 'C:\\wamp64\\www\\m...', 36, Array)
#1 C:\wamp64\www\medical_center\app\Views\admin\requests.php(36): file_get_contents('%PDF-1.6\r%\xE2\xE3\xCF\xD3\r...')
#2 C:\wamp64\www\medical_center\system\View\View.php(246): include('C:\\wamp64\\www\\m...')
#3 C:\wamp64\www\medical_center\system\Common.php(1119): CodeIgniter\View\View->render('admin/requests', Array, true)
#4 C:\wamp64\www\medical_center\app\Views\header\admin.php(30): view('admin/requests')
#5 C:\wamp64\www\medical_center\system\View\View.php(246): include('C:\\wamp64\\www\\m...')
#6 C:\wamp64\www\medical_center\system\Common.php(1119): CodeIgniter\View\View->render('header/admin', Array, true)
#7 C:\wamp64\www\medical_center\app\Controllers\AdminActions.php(51): view('header/admin', Array)
#8 C:\wamp64\www\medical_center\system\CodeIgniter.php(918): App\Controllers\AdminActions->requests()
#9 C:\wamp64\www\medical_center\system\CodeIgniter.php(404): CodeIgniter\CodeIgniter->runController(Object(App\Controllers\AdminActions))
#10 C:\wamp64\www\medical_center\system\CodeIgniter.php(312): CodeIgniter\CodeIgniter->handleRequest(NULL, Object(Config\Cache), false)
#11 C:\wamp64\www\medical_center\public\index.php(44): CodeIgniter\CodeIgniter->run()
#12 {main}
CRITICAL - 2023-09-04 09:50:49 --> Uncaught Error: Call to undefined function clean_path() in C:\wamp64\www\medical_center\app\Views\errors\html\error_exception.php:38
Stack trace:
#0 C:\wamp64\www\medical_center\system\Debug\Exceptions.php(309): include()
#1 C:\wamp64\www\medical_center\system\Debug\Exceptions.php(175): CodeIgniter\Debug\Exceptions->render(Object(ErrorException), 500)
#2 [internal function]: CodeIgniter\Debug\Exceptions->exceptionHandler(Object(ErrorException))
#3 {main}
  thrown
#0 [internal function]: CodeIgniter\Debug\Exceptions->shutdownHandler()
#1 {main}
CRITICAL - 2023-09-04 09:50:49 --> file_get_contents() expects parameter 1 to be a valid path, string given
#0 [internal function]: CodeIgniter\Debug\Exceptions->errorHandler(2, 'file_get_conten...', 'C:\\wamp64\\www\\m...', 36, Array)
#1 C:\wamp64\www\medical_center\app\Views\admin\requests.php(36): file_get_contents('%PDF-1.6\r%\xE2\xE3\xCF\xD3\r...')
#2 C:\wamp64\www\medical_center\system\View\View.php(246): include('C:\\wamp64\\www\\m...')
#3 C:\wamp64\www\medical_center\system\Common.php(1119): CodeIgniter\View\View->render('admin/requests', Array, true)
#4 C:\wamp64\www\medical_center\app\Views\header\admin.php(30): view('admin/requests')
#5 C:\wamp64\www\medical_center\system\View\View.php(246): include('C:\\wamp64\\www\\m...')
#6 C:\wamp64\www\medical_center\system\Common.php(1119): CodeIgniter\View\View->render('header/admin', Array, true)
#7 C:\wamp64\www\medical_center\app\Controllers\AdminActions.php(51): view('header/admin', Array)
#8 C:\wamp64\www\medical_center\system\CodeIgniter.php(918): App\Controllers\AdminActions->requests()
#9 C:\wamp64\www\medical_center\system\CodeIgniter.php(404): CodeIgniter\CodeIgniter->runController(Object(App\Controllers\AdminActions))
#10 C:\wamp64\www\medical_center\system\CodeIgniter.php(312): CodeIgniter\CodeIgniter->handleRequest(NULL, Object(Config\Cache), false)
#11 C:\wamp64\www\medical_center\public\index.php(44): CodeIgniter\CodeIgniter->run()
#12 {main}
CRITICAL - 2023-09-04 09:50:49 --> Uncaught Error: Call to undefined function clean_path() in C:\wamp64\www\medical_center\app\Views\errors\html\error_exception.php:38
Stack trace:
#0 C:\wamp64\www\medical_center\system\Debug\Exceptions.php(309): include()
#1 C:\wamp64\www\medical_center\system\Debug\Exceptions.php(175): CodeIgniter\Debug\Exceptions->render(Object(ErrorException), 500)
#2 [internal function]: CodeIgniter\Debug\Exceptions->exceptionHandler(Object(ErrorException))
#3 {main}
  thrown
#0 [internal function]: CodeIgniter\Debug\Exceptions->shutdownHandler()
#1 {main}
CRITICAL - 2023-09-04 09:50:53 --> file_get_contents() expects parameter 1 to be a valid path, string given
#0 [internal function]: CodeIgniter\Debug\Exceptions->errorHandler(2, 'file_get_conten...', 'C:\\wamp64\\www\\m...', 36, Array)
#1 C:\wamp64\www\medical_center\app\Views\admin\requests.php(36): file_get_contents('%PDF-1.6\r%\xE2\xE3\xCF\xD3\r...')
#2 C:\wamp64\www\medical_center\system\View\View.php(246): include('C:\\wamp64\\www\\m...')
#3 C:\wamp64\www\medical_center\system\Common.php(1119): CodeIgniter\View\View->render('admin/requests', Array, true)
#4 C:\wamp64\www\medical_center\app\Views\header\admin.php(30): view('admin/requests')
#5 C:\wamp64\www\medical_center\system\View\View.php(246): include('C:\\wamp64\\www\\m...')
#6 C:\wamp64\www\medical_center\system\Common.php(1119): CodeIgniter\View\View->render('header/admin', Array, true)
#7 C:\wamp64\www\medical_center\app\Controllers\AdminActions.php(51): view('header/admin', Array)
#8 C:\wamp64\www\medical_center\system\CodeIgniter.php(918): App\Controllers\AdminActions->requests()
#9 C:\wamp64\www\medical_center\system\CodeIgniter.php(404): CodeIgniter\CodeIgniter->runController(Object(App\Controllers\AdminActions))
#10 C:\wamp64\www\medical_center\system\CodeIgniter.php(312): CodeIgniter\CodeIgniter->handleRequest(NULL, Object(Config\Cache), false)
#11 C:\wamp64\www\medical_center\public\index.php(44): CodeIgniter\CodeIgniter->run()
#12 {main}
CRITICAL - 2023-09-04 09:50:53 --> Uncaught Error: Call to undefined function clean_path() in C:\wamp64\www\medical_center\app\Views\errors\html\error_exception.php:38
Stack trace:
#0 C:\wamp64\www\medical_center\system\Debug\Exceptions.php(309): include()
#1 C:\wamp64\www\medical_center\system\Debug\Exceptions.php(175): CodeIgniter\Debug\Exceptions->render(Object(ErrorException), 500)
#2 [internal function]: CodeIgniter\Debug\Exceptions->exceptionHandler(Object(ErrorException))
#3 {main}
  thrown
#0 [internal function]: CodeIgniter\Debug\Exceptions->shutdownHandler()
#1 {main}
CRITICAL - 2023-09-04 09:51:24 --> file_get_contents() expects parameter 1 to be a valid path, string given
#0 [internal function]: CodeIgniter\Debug\Exceptions->errorHandler(2, 'file_get_conten...', 'C:\\wamp64\\www\\m...', 36, Array)
#1 C:\wamp64\www\medical_center\app\Views\admin\requests.php(36): file_get_contents('%PDF-1.6\r%\xE2\xE3\xCF\xD3\r...')
#2 C:\wamp64\www\medical_center\system\View\View.php(246): include('C:\\wamp64\\www\\m...')
#3 C:\wamp64\www\medical_center\system\Common.php(1119): CodeIgniter\View\View->render('admin/requests', Array, true)
#4 C:\wamp64\www\medical_center\app\Views\header\admin.php(30): view('admin/requests')
#5 C:\wamp64\www\medical_center\system\View\View.php(246): include('C:\\wamp64\\www\\m...')
#6 C:\wamp64\www\medical_center\system\Common.php(1119): CodeIgniter\View\View->render('header/admin', Array, true)
#7 C:\wamp64\www\medical_center\app\Controllers\AdminActions.php(51): view('header/admin', Array)
#8 C:\wamp64\www\medical_center\system\CodeIgniter.php(918): App\Controllers\AdminActions->requests()
#9 C:\wamp64\www\medical_center\system\CodeIgniter.php(404): CodeIgniter\CodeIgniter->runController(Object(App\Controllers\AdminActions))
#10 C:\wamp64\www\medical_center\system\CodeIgniter.php(312): CodeIgniter\CodeIgniter->handleRequest(NULL, Object(Config\Cache), false)
#11 C:\wamp64\www\medical_center\public\index.php(44): CodeIgniter\CodeIgniter->run()
#12 {main}
CRITICAL - 2023-09-04 09:51:24 --> Uncaught Error: Call to undefined function clean_path() in C:\wamp64\www\medical_center\app\Views\errors\html\error_exception.php:38
Stack trace:
#0 C:\wamp64\www\medical_center\system\Debug\Exceptions.php(309): include()
#1 C:\wamp64\www\medical_center\system\Debug\Exceptions.php(175): CodeIgniter\Debug\Exceptions->render(Object(ErrorException), 500)
#2 [internal function]: CodeIgniter\Debug\Exceptions->exceptionHandler(Object(ErrorException))
#3 {main}
  thrown
#0 [internal function]: CodeIgniter\Debug\Exceptions->shutdownHandler()
#1 {main}
CRITICAL - 2023-09-04 09:51:24 --> file_get_contents() expects parameter 1 to be a valid path, string given
#0 [internal function]: CodeIgniter\Debug\Exceptions->errorHandler(2, 'file_get_conten...', 'C:\\wamp64\\www\\m...', 36, Array)
#1 C:\wamp64\www\medical_center\app\Views\admin\requests.php(36): file_get_contents('%PDF-1.6\r%\xE2\xE3\xCF\xD3\r...')
#2 C:\wamp64\www\medical_center\system\View\View.php(246): include('C:\\wamp64\\www\\m...')
#3 C:\wamp64\www\medical_center\system\Common.php(1119): CodeIgniter\View\View->render('admin/requests', Array, true)
#4 C:\wamp64\www\medical_center\app\Views\header\admin.php(30): view('admin/requests')
#5 C:\wamp64\www\medical_center\system\View\View.php(246): include('C:\\wamp64\\www\\m...')
#6 C:\wamp64\www\medical_center\system\Common.php(1119): CodeIgniter\View\View->render('header/admin', Array, true)
#7 C:\wamp64\www\medical_center\app\Controllers\AdminActions.php(51): view('header/admin', Array)
#8 C:\wamp64\www\medical_center\system\CodeIgniter.php(918): App\Controllers\AdminActions->requests()
#9 C:\wamp64\www\medical_center\system\CodeIgniter.php(404): CodeIgniter\CodeIgniter->runController(Object(App\Controllers\AdminActions))
#10 C:\wamp64\www\medical_center\system\CodeIgniter.php(312): CodeIgniter\CodeIgniter->handleRequest(NULL, Object(Config\Cache), false)
#11 C:\wamp64\www\medical_center\public\index.php(44): CodeIgniter\CodeIgniter->run()
#12 {main}
CRITICAL - 2023-09-04 09:51:24 --> Uncaught Error: Call to undefined function clean_path() in C:\wamp64\www\medical_center\app\Views\errors\html\error_exception.php:38
Stack trace:
#0 C:\wamp64\www\medical_center\system\Debug\Exceptions.php(309): include()
#1 C:\wamp64\www\medical_center\system\Debug\Exceptions.php(175): CodeIgniter\Debug\Exceptions->render(Object(ErrorException), 500)
#2 [internal function]: CodeIgniter\Debug\Exceptions->exceptionHandler(Object(ErrorException))
#3 {main}
  thrown
#0 [internal function]: CodeIgniter\Debug\Exceptions->shutdownHandler()
#1 {main}
CRITICAL - 2023-09-04 09:51:25 --> file_get_contents() expects parameter 1 to be a valid path, string given
#0 [internal function]: CodeIgniter\Debug\Exceptions->errorHandler(2, 'file_get_conten...', 'C:\\wamp64\\www\\m...', 36, Array)
#1 C:\wamp64\www\medical_center\app\Views\admin\requests.php(36): file_get_contents('%PDF-1.6\r%\xE2\xE3\xCF\xD3\r...')
#2 C:\wamp64\www\medical_center\system\View\View.php(246): include('C:\\wamp64\\www\\m...')
#3 C:\wamp64\www\medical_center\system\Common.php(1119): CodeIgniter\View\View->render('admin/requests', Array, true)
#4 C:\wamp64\www\medical_center\app\Views\header\admin.php(30): view('admin/requests')
#5 C:\wamp64\www\medical_center\system\View\View.php(246): include('C:\\wamp64\\www\\m...')
#6 C:\wamp64\www\medical_center\system\Common.php(1119): CodeIgniter\View\View->render('header/admin', Array, true)
#7 C:\wamp64\www\medical_center\app\Controllers\AdminActions.php(51): view('header/admin', Array)
#8 C:\wamp64\www\medical_center\system\CodeIgniter.php(918): App\Controllers\AdminActions->requests()
#9 C:\wamp64\www\medical_center\system\CodeIgniter.php(404): CodeIgniter\CodeIgniter->runController(Object(App\Controllers\AdminActions))
#10 C:\wamp64\www\medical_center\system\CodeIgniter.php(312): CodeIgniter\CodeIgniter->handleRequest(NULL, Object(Config\Cache), false)
#11 C:\wamp64\www\medical_center\public\index.php(44): CodeIgniter\CodeIgniter->run()
#12 {main}
CRITICAL - 2023-09-04 09:51:25 --> Uncaught Error: Call to undefined function clean_path() in C:\wamp64\www\medical_center\app\Views\errors\html\error_exception.php:38
Stack trace:
#0 C:\wamp64\www\medical_center\system\Debug\Exceptions.php(309): include()
#1 C:\wamp64\www\medical_center\system\Debug\Exceptions.php(175): CodeIgniter\Debug\Exceptions->render(Object(ErrorException), 500)
#2 [internal function]: CodeIgniter\Debug\Exceptions->exceptionHandler(Object(ErrorException))
#3 {main}
  thrown
#0 [internal function]: CodeIgniter\Debug\Exceptions->shutdownHandler()
#1 {main}
CRITICAL - 2023-09-04 09:51:25 --> file_get_contents() expects parameter 1 to be a valid path, string given
#0 [internal function]: CodeIgniter\Debug\Exceptions->errorHandler(2, 'file_get_conten...', 'C:\\wamp64\\www\\m...', 36, Array)
#1 C:\wamp64\www\medical_center\app\Views\admin\requests.php(36): file_get_contents('%PDF-1.6\r%\xE2\xE3\xCF\xD3\r...')
#2 C:\wamp64\www\medical_center\system\View\View.php(246): include('C:\\wamp64\\www\\m...')
#3 C:\wamp64\www\medical_center\system\Common.php(1119): CodeIgniter\View\View->render('admin/requests', Array, true)
#4 C:\wamp64\www\medical_center\app\Views\header\admin.php(30): view('admin/requests')
#5 C:\wamp64\www\medical_center\system\View\View.php(246): include('C:\\wamp64\\www\\m...')
#6 C:\wamp64\www\medical_center\system\Common.php(1119): CodeIgniter\View\View->render('header/admin', Array, true)
#7 C:\wamp64\www\medical_center\app\Controllers\AdminActions.php(51): view('header/admin', Array)
#8 C:\wamp64\www\medical_center\system\CodeIgniter.php(918): App\Controllers\AdminActions->requests()
#9 C:\wamp64\www\medical_center\system\CodeIgniter.php(404): CodeIgniter\CodeIgniter->runController(Object(App\Controllers\AdminActions))
#10 C:\wamp64\www\medical_center\system\CodeIgniter.php(312): CodeIgniter\CodeIgniter->handleRequest(NULL, Object(Config\Cache), false)
#11 C:\wamp64\www\medical_center\public\index.php(44): CodeIgniter\CodeIgniter->run()
#12 {main}
CRITICAL - 2023-09-04 09:51:25 --> Uncaught Error: Call to undefined function clean_path() in C:\wamp64\www\medical_center\app\Views\errors\html\error_exception.php:38
Stack trace:
#0 C:\wamp64\www\medical_center\system\Debug\Exceptions.php(309): include()
#1 C:\wamp64\www\medical_center\system\Debug\Exceptions.php(175): CodeIgniter\Debug\Exceptions->render(Object(ErrorException), 500)
#2 [internal function]: CodeIgniter\Debug\Exceptions->exceptionHandler(Object(ErrorException))
#3 {main}
  thrown
#0 [internal function]: CodeIgniter\Debug\Exceptions->shutdownHandler()
#1 {main}
CRITICAL - 2023-09-04 09:51:25 --> file_get_contents() expects parameter 1 to be a valid path, string given
#0 [internal function]: CodeIgniter\Debug\Exceptions->errorHandler(2, 'file_get_conten...', 'C:\\wamp64\\www\\m...', 36, Array)
#1 C:\wamp64\www\medical_center\app\Views\admin\requests.php(36): file_get_contents('%PDF-1.6\r%\xE2\xE3\xCF\xD3\r...')
#2 C:\wamp64\www\medical_center\system\View\View.php(246): include('C:\\wamp64\\www\\m...')
#3 C:\wamp64\www\medical_center\system\Common.php(1119): CodeIgniter\View\View->render('admin/requests', Array, true)
#4 C:\wamp64\www\medical_center\app\Views\header\admin.php(30): view('admin/requests')
#5 C:\wamp64\www\medical_center\system\View\View.php(246): include('C:\\wamp64\\www\\m...')
#6 C:\wamp64\www\medical_center\system\Common.php(1119): CodeIgniter\View\View->render('header/admin', Array, true)
#7 C:\wamp64\www\medical_center\app\Controllers\AdminActions.php(51): view('header/admin', Array)
#8 C:\wamp64\www\medical_center\system\CodeIgniter.php(918): App\Controllers\AdminActions->requests()
#9 C:\wamp64\www\medical_center\system\CodeIgniter.php(404): CodeIgniter\CodeIgniter->runController(Object(App\Controllers\AdminActions))
#10 C:\wamp64\www\medical_center\system\CodeIgniter.php(312): CodeIgniter\CodeIgniter->handleRequest(NULL, Object(Config\Cache), false)
#11 C:\wamp64\www\medical_center\public\index.php(44): CodeIgniter\CodeIgniter->run()
#12 {main}
CRITICAL - 2023-09-04 09:51:25 --> Uncaught Error: Call to undefined function clean_path() in C:\wamp64\www\medical_center\app\Views\errors\html\error_exception.php:38
Stack trace:
#0 C:\wamp64\www\medical_center\system\Debug\Exceptions.php(309): include()
#1 C:\wamp64\www\medical_center\system\Debug\Exceptions.php(175): CodeIgniter\Debug\Exceptions->render(Object(ErrorException), 500)
#2 [internal function]: CodeIgniter\Debug\Exceptions->exceptionHandler(Object(ErrorException))
#3 {main}
  thrown
#0 [internal function]: CodeIgniter\Debug\Exceptions->shutdownHandler()
#1 {main}
CRITICAL - 2023-09-04 14:26:40 --> unlink(C:\wamp64\www\medical_center\writable\debugbar/debugbar_1693838776.json): No such file or directory
#0 [internal function]: CodeIgniter\Debug\Exceptions->errorHandler(2, 'unlink(C:\\wamp6...', 'C:\\wamp64\\www\\m...', 106, Array)
#1 C:\wamp64\www\medical_center\system\Debug\Toolbar\Collectors\History.php(106): unlink('C:\\wamp64\\www\\m...')
#2 C:\wamp64\www\medical_center\system\Debug\Toolbar.php(483): CodeIgniter\Debug\Toolbar\Collectors\History->setFiles(1693855600, 20)
#3 C:\wamp64\www\medical_center\system\Debug\Toolbar.php(455): CodeIgniter\Debug\Toolbar->format(Array, 'html')
#4 C:\wamp64\www\medical_center\app\Config\Events.php(50): CodeIgniter\Debug\Toolbar->respond()
#5 [internal function]: CodeIgniter\Events\Events::Config\{closure}()
#6 C:\wamp64\www\medical_center\system\Events\Events.php(188): call_user_func(Object(Closure))
#7 C:\wamp64\www\medical_center\system\CodeIgniter.php(293): CodeIgniter\Events\Events::trigger('pre_system')
#8 C:\wamp64\www\medical_center\public\index.php(44): CodeIgniter\CodeIgniter->run()
#9 {main}
CRITICAL - 2023-09-04 14:44:22 --> Argument 2 passed to view() must be of the type array, string given, called in C:\wamp64\www\medical_center\app\Controllers\Home.php on line 221
#0 C:\wamp64\www\medical_center\app\Controllers\Home.php(221): view('successVerify', '65')
#1 C:\wamp64\www\medical_center\system\CodeIgniter.php(918): App\Controllers\Home->confirmEmail('eb1f90338cf1925...')
#2 C:\wamp64\www\medical_center\system\CodeIgniter.php(404): CodeIgniter\CodeIgniter->runController(Object(App\Controllers\Home))
#3 C:\wamp64\www\medical_center\system\CodeIgniter.php(312): CodeIgniter\CodeIgniter->handleRequest(NULL, Object(Config\Cache), false)
#4 C:\wamp64\www\medical_center\public\index.php(44): CodeIgniter\CodeIgniter->run()
#5 {main}
CRITICAL - 2023-09-04 14:44:22 --> Uncaught Error: Call to undefined function clean_path() in C:\wamp64\www\medical_center\app\Views\errors\html\error_exception.php:38
Stack trace:
#0 C:\wamp64\www\medical_center\system\Debug\Exceptions.php(309): include()
#1 C:\wamp64\www\medical_center\system\Debug\Exceptions.php(175): CodeIgniter\Debug\Exceptions->render(Object(TypeError), 500)
#2 [internal function]: CodeIgniter\Debug\Exceptions->exceptionHandler(Object(TypeError))
#3 {main}
  thrown
#0 [internal function]: CodeIgniter\Debug\Exceptions->shutdownHandler()
#1 {main}
CRITICAL - 2023-09-04 14:45:23 --> Argument 2 passed to view() must be of the type array, string given, called in C:\wamp64\www\medical_center\app\Controllers\Home.php on line 221
#0 C:\wamp64\www\medical_center\app\Controllers\Home.php(221): view('successVerify', '65')
#1 C:\wamp64\www\medical_center\system\CodeIgniter.php(918): App\Controllers\Home->confirmEmail('eb1f90338cf1925...')
#2 C:\wamp64\www\medical_center\system\CodeIgniter.php(404): CodeIgniter\CodeIgniter->runController(Object(App\Controllers\Home))
#3 C:\wamp64\www\medical_center\system\CodeIgniter.php(312): CodeIgniter\CodeIgniter->handleRequest(NULL, Object(Config\Cache), false)
#4 C:\wamp64\www\medical_center\public\index.php(44): CodeIgniter\CodeIgniter->run()
#5 {main}
CRITICAL - 2023-09-04 14:45:23 --> Uncaught Error: Call to undefined function clean_path() in C:\wamp64\www\medical_center\app\Views\errors\html\error_exception.php:38
Stack trace:
#0 C:\wamp64\www\medical_center\system\Debug\Exceptions.php(309): include()
#1 C:\wamp64\www\medical_center\system\Debug\Exceptions.php(175): CodeIgniter\Debug\Exceptions->render(Object(TypeError), 500)
#2 [internal function]: CodeIgniter\Debug\Exceptions->exceptionHandler(Object(TypeError))
#3 {main}
  thrown
#0 [internal function]: CodeIgniter\Debug\Exceptions->shutdownHandler()
#1 {main}
CRITICAL - 2023-09-04 14:45:47 --> Argument 2 passed to view() must be of the type array, string given, called in C:\wamp64\www\medical_center\app\Controllers\Home.php on line 221
#0 C:\wamp64\www\medical_center\app\Controllers\Home.php(221): view('successVerify', '65')
#1 C:\wamp64\www\medical_center\system\CodeIgniter.php(918): App\Controllers\Home->confirmEmail('eb1f90338cf1925...')
#2 C:\wamp64\www\medical_center\system\CodeIgniter.php(404): CodeIgniter\CodeIgniter->runController(Object(App\Controllers\Home))
#3 C:\wamp64\www\medical_center\system\CodeIgniter.php(312): CodeIgniter\CodeIgniter->handleRequest(NULL, Object(Config\Cache), false)
#4 C:\wamp64\www\medical_center\public\index.php(44): CodeIgniter\CodeIgniter->run()
#5 {main}
CRITICAL - 2023-09-04 14:45:47 --> Uncaught Error: Call to undefined function clean_path() in C:\wamp64\www\medical_center\app\Views\errors\html\error_exception.php:38
Stack trace:
#0 C:\wamp64\www\medical_center\system\Debug\Exceptions.php(309): include()
#1 C:\wamp64\www\medical_center\system\Debug\Exceptions.php(175): CodeIgniter\Debug\Exceptions->render(Object(TypeError), 500)
#2 [internal function]: CodeIgniter\Debug\Exceptions->exceptionHandler(Object(TypeError))
#3 {main}
  thrown
#0 [internal function]: CodeIgniter\Debug\Exceptions->shutdownHandler()
#1 {main}
CRITICAL - 2023-09-04 14:51:58 --> Undefined offset: 0
#0 C:\wamp64\www\medical_center\app\Controllers\Home.php(233): CodeIgniter\Debug\Exceptions->errorHandler(8, 'Undefined offse...', 'C:\\wamp64\\www\\m...', 233, Array)
#1 C:\wamp64\www\medical_center\system\CodeIgniter.php(918): App\Controllers\Home->sendInfo()
#2 C:\wamp64\www\medical_center\system\CodeIgniter.php(404): CodeIgniter\CodeIgniter->runController(Object(App\Controllers\Home))
#3 C:\wamp64\www\medical_center\system\CodeIgniter.php(312): CodeIgniter\CodeIgniter->handleRequest(NULL, Object(Config\Cache), false)
#4 C:\wamp64\www\medical_center\public\index.php(44): CodeIgniter\CodeIgniter->run()
#5 {main}
CRITICAL - 2023-09-04 14:51:58 --> Uncaught Error: Call to undefined function clean_path() in C:\wamp64\www\medical_center\app\Views\errors\html\error_exception.php:38
Stack trace:
#0 C:\wamp64\www\medical_center\system\Debug\Exceptions.php(309): include()
#1 C:\wamp64\www\medical_center\system\Debug\Exceptions.php(175): CodeIgniter\Debug\Exceptions->render(Object(ErrorException), 500)
#2 [internal function]: CodeIgniter\Debug\Exceptions->exceptionHandler(Object(ErrorException))
#3 {main}
  thrown
#0 [internal function]: CodeIgniter\Debug\Exceptions->shutdownHandler()
#1 {main}
CRITICAL - 2023-09-04 14:52:35 --> Undefined offset: 0
#0 C:\wamp64\www\medical_center\app\Controllers\Home.php(233): CodeIgniter\Debug\Exceptions->errorHandler(8, 'Undefined offse...', 'C:\\wamp64\\www\\m...', 233, Array)
#1 C:\wamp64\www\medical_center\system\CodeIgniter.php(918): App\Controllers\Home->sendInfo()
#2 C:\wamp64\www\medical_center\system\CodeIgniter.php(404): CodeIgniter\CodeIgniter->runController(Object(App\Controllers\Home))
#3 C:\wamp64\www\medical_center\system\CodeIgniter.php(312): CodeIgniter\CodeIgniter->handleRequest(NULL, Object(Config\Cache), false)
#4 C:\wamp64\www\medical_center\public\index.php(44): CodeIgniter\CodeIgniter->run()
#5 {main}
CRITICAL - 2023-09-04 14:52:35 --> Uncaught Error: Call to undefined function clean_path() in C:\wamp64\www\medical_center\app\Views\errors\html\error_exception.php:38
Stack trace:
#0 C:\wamp64\www\medical_center\system\Debug\Exceptions.php(309): include()
#1 C:\wamp64\www\medical_center\system\Debug\Exceptions.php(175): CodeIgniter\Debug\Exceptions->render(Object(ErrorException), 500)
#2 [internal function]: CodeIgniter\Debug\Exceptions->exceptionHandler(Object(ErrorException))
#3 {main}
  thrown
#0 [internal function]: CodeIgniter\Debug\Exceptions->shutdownHandler()
#1 {main}
CRITICAL - 2023-09-04 14:52:36 --> Undefined offset: 0
#0 C:\wamp64\www\medical_center\app\Controllers\Home.php(233): CodeIgniter\Debug\Exceptions->errorHandler(8, 'Undefined offse...', 'C:\\wamp64\\www\\m...', 233, Array)
#1 C:\wamp64\www\medical_center\system\CodeIgniter.php(918): App\Controllers\Home->sendInfo()
#2 C:\wamp64\www\medical_center\system\CodeIgniter.php(404): CodeIgniter\CodeIgniter->runController(Object(App\Controllers\Home))
#3 C:\wamp64\www\medical_center\system\CodeIgniter.php(312): CodeIgniter\CodeIgniter->handleRequest(NULL, Object(Config\Cache), false)
#4 C:\wamp64\www\medical_center\public\index.php(44): CodeIgniter\CodeIgniter->run()
#5 {main}
CRITICAL - 2023-09-04 14:52:36 --> Uncaught Error: Call to undefined function clean_path() in C:\wamp64\www\medical_center\app\Views\errors\html\error_exception.php:38
Stack trace:
#0 C:\wamp64\www\medical_center\system\Debug\Exceptions.php(309): include()
#1 C:\wamp64\www\medical_center\system\Debug\Exceptions.php(175): CodeIgniter\Debug\Exceptions->render(Object(ErrorException), 500)
#2 [internal function]: CodeIgniter\Debug\Exceptions->exceptionHandler(Object(ErrorException))
#3 {main}
  thrown
#0 [internal function]: CodeIgniter\Debug\Exceptions->shutdownHandler()
#1 {main}
CRITICAL - 2023-09-04 14:52:36 --> Undefined offset: 0
#0 C:\wamp64\www\medical_center\app\Controllers\Home.php(233): CodeIgniter\Debug\Exceptions->errorHandler(8, 'Undefined offse...', 'C:\\wamp64\\www\\m...', 233, Array)
#1 C:\wamp64\www\medical_center\system\CodeIgniter.php(918): App\Controllers\Home->sendInfo()
#2 C:\wamp64\www\medical_center\system\CodeIgniter.php(404): CodeIgniter\CodeIgniter->runController(Object(App\Controllers\Home))
#3 C:\wamp64\www\medical_center\system\CodeIgniter.php(312): CodeIgniter\CodeIgniter->handleRequest(NULL, Object(Config\Cache), false)
#4 C:\wamp64\www\medical_center\public\index.php(44): CodeIgniter\CodeIgniter->run()
#5 {main}
CRITICAL - 2023-09-04 14:52:36 --> Uncaught Error: Call to undefined function clean_path() in C:\wamp64\www\medical_center\app\Views\errors\html\error_exception.php:38
Stack trace:
#0 C:\wamp64\www\medical_center\system\Debug\Exceptions.php(309): include()
#1 C:\wamp64\www\medical_center\system\Debug\Exceptions.php(175): CodeIgniter\Debug\Exceptions->render(Object(ErrorException), 500)
#2 [internal function]: CodeIgniter\Debug\Exceptions->exceptionHandler(Object(ErrorException))
#3 {main}
  thrown
#0 [internal function]: CodeIgniter\Debug\Exceptions->shutdownHandler()
#1 {main}
CRITICAL - 2023-09-04 14:52:37 --> Undefined offset: 0
#0 C:\wamp64\www\medical_center\app\Controllers\Home.php(233): CodeIgniter\Debug\Exceptions->errorHandler(8, 'Undefined offse...', 'C:\\wamp64\\www\\m...', 233, Array)
#1 C:\wamp64\www\medical_center\system\CodeIgniter.php(918): App\Controllers\Home->sendInfo()
#2 C:\wamp64\www\medical_center\system\CodeIgniter.php(404): CodeIgniter\CodeIgniter->runController(Object(App\Controllers\Home))
#3 C:\wamp64\www\medical_center\system\CodeIgniter.php(312): CodeIgniter\CodeIgniter->handleRequest(NULL, Object(Config\Cache), false)
#4 C:\wamp64\www\medical_center\public\index.php(44): CodeIgniter\CodeIgniter->run()
#5 {main}
CRITICAL - 2023-09-04 14:52:37 --> Uncaught Error: Call to undefined function clean_path() in C:\wamp64\www\medical_center\app\Views\errors\html\error_exception.php:38
Stack trace:
#0 C:\wamp64\www\medical_center\system\Debug\Exceptions.php(309): include()
#1 C:\wamp64\www\medical_center\system\Debug\Exceptions.php(175): CodeIgniter\Debug\Exceptions->render(Object(ErrorException), 500)
#2 [internal function]: CodeIgniter\Debug\Exceptions->exceptionHandler(Object(ErrorException))
#3 {main}
  thrown
#0 [internal function]: CodeIgniter\Debug\Exceptions->shutdownHandler()
#1 {main}
CRITICAL - 2023-09-04 14:52:37 --> Undefined offset: 0
#0 C:\wamp64\www\medical_center\app\Controllers\Home.php(233): CodeIgniter\Debug\Exceptions->errorHandler(8, 'Undefined offse...', 'C:\\wamp64\\www\\m...', 233, Array)
#1 C:\wamp64\www\medical_center\system\CodeIgniter.php(918): App\Controllers\Home->sendInfo()
#2 C:\wamp64\www\medical_center\system\CodeIgniter.php(404): CodeIgniter\CodeIgniter->runController(Object(App\Controllers\Home))
#3 C:\wamp64\www\medical_center\system\CodeIgniter.php(312): CodeIgniter\CodeIgniter->handleRequest(NULL, Object(Config\Cache), false)
#4 C:\wamp64\www\medical_center\public\index.php(44): CodeIgniter\CodeIgniter->run()
#5 {main}
CRITICAL - 2023-09-04 14:52:37 --> Uncaught Error: Call to undefined function clean_path() in C:\wamp64\www\medical_center\app\Views\errors\html\error_exception.php:38
Stack trace:
#0 C:\wamp64\www\medical_center\system\Debug\Exceptions.php(309): include()
#1 C:\wamp64\www\medical_center\system\Debug\Exceptions.php(175): CodeIgniter\Debug\Exceptions->render(Object(ErrorException), 500)
#2 [internal function]: CodeIgniter\Debug\Exceptions->exceptionHandler(Object(ErrorException))
#3 {main}
  thrown
#0 [internal function]: CodeIgniter\Debug\Exceptions->shutdownHandler()
#1 {main}
CRITICAL - 2023-09-04 15:02:02 --> file_get_contents() expects parameter 1 to be a valid path, string given
#0 [internal function]: CodeIgniter\Debug\Exceptions->errorHandler(2, 'file_get_conten...', 'C:\\wamp64\\www\\m...', 36, Array)
#1 C:\wamp64\www\medical_center\app\Views\admin\requests.php(36): file_get_contents('%PDF-1.6\r%\xE2\xE3\xCF\xD3\r...')
#2 C:\wamp64\www\medical_center\system\View\View.php(246): include('C:\\wamp64\\www\\m...')
#3 C:\wamp64\www\medical_center\system\Common.php(1119): CodeIgniter\View\View->render('admin/requests', Array, true)
#4 C:\wamp64\www\medical_center\app\Views\header\admin.php(30): view('admin/requests')
#5 C:\wamp64\www\medical_center\system\View\View.php(246): include('C:\\wamp64\\www\\m...')
#6 C:\wamp64\www\medical_center\system\Common.php(1119): CodeIgniter\View\View->render('header/admin', Array, true)
#7 C:\wamp64\www\medical_center\app\Controllers\AdminActions.php(51): view('header/admin', Array)
#8 C:\wamp64\www\medical_center\system\CodeIgniter.php(918): App\Controllers\AdminActions->requests()
#9 C:\wamp64\www\medical_center\system\CodeIgniter.php(404): CodeIgniter\CodeIgniter->runController(Object(App\Controllers\AdminActions))
#10 C:\wamp64\www\medical_center\system\CodeIgniter.php(312): CodeIgniter\CodeIgniter->handleRequest(NULL, Object(Config\Cache), false)
#11 C:\wamp64\www\medical_center\public\index.php(44): CodeIgniter\CodeIgniter->run()
#12 {main}
CRITICAL - 2023-09-04 15:02:02 --> Uncaught Error: Call to undefined function clean_path() in C:\wamp64\www\medical_center\app\Views\errors\html\error_exception.php:38
Stack trace:
#0 C:\wamp64\www\medical_center\system\Debug\Exceptions.php(309): include()
#1 C:\wamp64\www\medical_center\system\Debug\Exceptions.php(175): CodeIgniter\Debug\Exceptions->render(Object(ErrorException), 500)
#2 [internal function]: CodeIgniter\Debug\Exceptions->exceptionHandler(Object(ErrorException))
#3 {main}
  thrown
#0 [internal function]: CodeIgniter\Debug\Exceptions->shutdownHandler()
#1 {main}
CRITICAL - 2023-09-04 15:02:03 --> file_get_contents() expects parameter 1 to be a valid path, string given
#0 [internal function]: CodeIgniter\Debug\Exceptions->errorHandler(2, 'file_get_conten...', 'C:\\wamp64\\www\\m...', 36, Array)
#1 C:\wamp64\www\medical_center\app\Views\admin\requests.php(36): file_get_contents('%PDF-1.6\r%\xE2\xE3\xCF\xD3\r...')
#2 C:\wamp64\www\medical_center\system\View\View.php(246): include('C:\\wamp64\\www\\m...')
#3 C:\wamp64\www\medical_center\system\Common.php(1119): CodeIgniter\View\View->render('admin/requests', Array, true)
#4 C:\wamp64\www\medical_center\app\Views\header\admin.php(30): view('admin/requests')
#5 C:\wamp64\www\medical_center\system\View\View.php(246): include('C:\\wamp64\\www\\m...')
#6 C:\wamp64\www\medical_center\system\Common.php(1119): CodeIgniter\View\View->render('header/admin', Array, true)
#7 C:\wamp64\www\medical_center\app\Controllers\AdminActions.php(51): view('header/admin', Array)
#8 C:\wamp64\www\medical_center\system\CodeIgniter.php(918): App\Controllers\AdminActions->requests()
#9 C:\wamp64\www\medical_center\system\CodeIgniter.php(404): CodeIgniter\CodeIgniter->runController(Object(App\Controllers\AdminActions))
#10 C:\wamp64\www\medical_center\system\CodeIgniter.php(312): CodeIgniter\CodeIgniter->handleRequest(NULL, Object(Config\Cache), false)
#11 C:\wamp64\www\medical_center\public\index.php(44): CodeIgniter\CodeIgniter->run()
#12 {main}
CRITICAL - 2023-09-04 15:02:03 --> Uncaught Error: Call to undefined function clean_path() in C:\wamp64\www\medical_center\app\Views\errors\html\error_exception.php:38
Stack trace:
#0 C:\wamp64\www\medical_center\system\Debug\Exceptions.php(309): include()
#1 C:\wamp64\www\medical_center\system\Debug\Exceptions.php(175): CodeIgniter\Debug\Exceptions->render(Object(ErrorException), 500)
#2 [internal function]: CodeIgniter\Debug\Exceptions->exceptionHandler(Object(ErrorException))
#3 {main}
  thrown
#0 [internal function]: CodeIgniter\Debug\Exceptions->shutdownHandler()
#1 {main}
CRITICAL - 2023-09-04 15:02:03 --> file_get_contents() expects parameter 1 to be a valid path, string given
#0 [internal function]: CodeIgniter\Debug\Exceptions->errorHandler(2, 'file_get_conten...', 'C:\\wamp64\\www\\m...', 36, Array)
#1 C:\wamp64\www\medical_center\app\Views\admin\requests.php(36): file_get_contents('%PDF-1.6\r%\xE2\xE3\xCF\xD3\r...')
#2 C:\wamp64\www\medical_center\system\View\View.php(246): include('C:\\wamp64\\www\\m...')
#3 C:\wamp64\www\medical_center\system\Common.php(1119): CodeIgniter\View\View->render('admin/requests', Array, true)
#4 C:\wamp64\www\medical_center\app\Views\header\admin.php(30): view('admin/requests')
#5 C:\wamp64\www\medical_center\system\View\View.php(246): include('C:\\wamp64\\www\\m...')
#6 C:\wamp64\www\medical_center\system\Common.php(1119): CodeIgniter\View\View->render('header/admin', Array, true)
#7 C:\wamp64\www\medical_center\app\Controllers\AdminActions.php(51): view('header/admin', Array)
#8 C:\wamp64\www\medical_center\system\CodeIgniter.php(918): App\Controllers\AdminActions->requests()
#9 C:\wamp64\www\medical_center\system\CodeIgniter.php(404): CodeIgniter\CodeIgniter->runController(Object(App\Controllers\AdminActions))
#10 C:\wamp64\www\medical_center\system\CodeIgniter.php(312): CodeIgniter\CodeIgniter->handleRequest(NULL, Object(Config\Cache), false)
#11 C:\wamp64\www\medical_center\public\index.php(44): CodeIgniter\CodeIgniter->run()
#12 {main}
CRITICAL - 2023-09-04 15:02:03 --> Uncaught Error: Call to undefined function clean_path() in C:\wamp64\www\medical_center\app\Views\errors\html\error_exception.php:38
Stack trace:
#0 C:\wamp64\www\medical_center\system\Debug\Exceptions.php(309): include()
#1 C:\wamp64\www\medical_center\system\Debug\Exceptions.php(175): CodeIgniter\Debug\Exceptions->render(Object(ErrorException), 500)
#2 [internal function]: CodeIgniter\Debug\Exceptions->exceptionHandler(Object(ErrorException))
#3 {main}
  thrown
#0 [internal function]: CodeIgniter\Debug\Exceptions->shutdownHandler()
#1 {main}
CRITICAL - 2023-09-04 15:02:03 --> file_get_contents() expects parameter 1 to be a valid path, string given
#0 [internal function]: CodeIgniter\Debug\Exceptions->errorHandler(2, 'file_get_conten...', 'C:\\wamp64\\www\\m...', 36, Array)
#1 C:\wamp64\www\medical_center\app\Views\admin\requests.php(36): file_get_contents('%PDF-1.6\r%\xE2\xE3\xCF\xD3\r...')
#2 C:\wamp64\www\medical_center\system\View\View.php(246): include('C:\\wamp64\\www\\m...')
#3 C:\wamp64\www\medical_center\system\Common.php(1119): CodeIgniter\View\View->render('admin/requests', Array, true)
#4 C:\wamp64\www\medical_center\app\Views\header\admin.php(30): view('admin/requests')
#5 C:\wamp64\www\medical_center\system\View\View.php(246): include('C:\\wamp64\\www\\m...')
#6 C:\wamp64\www\medical_center\system\Common.php(1119): CodeIgniter\View\View->render('header/admin', Array, true)
#7 C:\wamp64\www\medical_center\app\Controllers\AdminActions.php(51): view('header/admin', Array)
#8 C:\wamp64\www\medical_center\system\CodeIgniter.php(918): App\Controllers\AdminActions->requests()
#9 C:\wamp64\www\medical_center\system\CodeIgniter.php(404): CodeIgniter\CodeIgniter->runController(Object(App\Controllers\AdminActions))
#10 C:\wamp64\www\medical_center\system\CodeIgniter.php(312): CodeIgniter\CodeIgniter->handleRequest(NULL, Object(Config\Cache), false)
#11 C:\wamp64\www\medical_center\public\index.php(44): CodeIgniter\CodeIgniter->run()
#12 {main}
CRITICAL - 2023-09-04 15:02:03 --> Uncaught Error: Call to undefined function clean_path() in C:\wamp64\www\medical_center\app\Views\errors\html\error_exception.php:38
Stack trace:
#0 C:\wamp64\www\medical_center\system\Debug\Exceptions.php(309): include()
#1 C:\wamp64\www\medical_center\system\Debug\Exceptions.php(175): CodeIgniter\Debug\Exceptions->render(Object(ErrorException), 500)
#2 [internal function]: CodeIgniter\Debug\Exceptions->exceptionHandler(Object(ErrorException))
#3 {main}
  thrown
#0 [internal function]: CodeIgniter\Debug\Exceptions->shutdownHandler()
#1 {main}
CRITICAL - 2023-09-04 15:02:03 --> file_get_contents() expects parameter 1 to be a valid path, string given
#0 [internal function]: CodeIgniter\Debug\Exceptions->errorHandler(2, 'file_get_conten...', 'C:\\wamp64\\www\\m...', 36, Array)
#1 C:\wamp64\www\medical_center\app\Views\admin\requests.php(36): file_get_contents('%PDF-1.6\r%\xE2\xE3\xCF\xD3\r...')
#2 C:\wamp64\www\medical_center\system\View\View.php(246): include('C:\\wamp64\\www\\m...')
#3 C:\wamp64\www\medical_center\system\Common.php(1119): CodeIgniter\View\View->render('admin/requests', Array, true)
#4 C:\wamp64\www\medical_center\app\Views\header\admin.php(30): view('admin/requests')
#5 C:\wamp64\www\medical_center\system\View\View.php(246): include('C:\\wamp64\\www\\m...')
#6 C:\wamp64\www\medical_center\system\Common.php(1119): CodeIgniter\View\View->render('header/admin', Array, true)
#7 C:\wamp64\www\medical_center\app\Controllers\AdminActions.php(51): view('header/admin', Array)
#8 C:\wamp64\www\medical_center\system\CodeIgniter.php(918): App\Controllers\AdminActions->requests()
#9 C:\wamp64\www\medical_center\system\CodeIgniter.php(404): CodeIgniter\CodeIgniter->runController(Object(App\Controllers\AdminActions))
#10 C:\wamp64\www\medical_center\system\CodeIgniter.php(312): CodeIgniter\CodeIgniter->handleRequest(NULL, Object(Config\Cache), false)
#11 C:\wamp64\www\medical_center\public\index.php(44): CodeIgniter\CodeIgniter->run()
#12 {main}
CRITICAL - 2023-09-04 15:02:03 --> Uncaught Error: Call to undefined function clean_path() in C:\wamp64\www\medical_center\app\Views\errors\html\error_exception.php:38
Stack trace:
#0 C:\wamp64\www\medical_center\system\Debug\Exceptions.php(309): include()
#1 C:\wamp64\www\medical_center\system\Debug\Exceptions.php(175): CodeIgniter\Debug\Exceptions->render(Object(ErrorException), 500)
#2 [internal function]: CodeIgniter\Debug\Exceptions->exceptionHandler(Object(ErrorException))
#3 {main}
  thrown
#0 [internal function]: CodeIgniter\Debug\Exceptions->shutdownHandler()
#1 {main}
CRITICAL - 2023-09-04 15:02:03 --> file_get_contents() expects parameter 1 to be a valid path, string given
#0 [internal function]: CodeIgniter\Debug\Exceptions->errorHandler(2, 'file_get_conten...', 'C:\\wamp64\\www\\m...', 36, Array)
#1 C:\wamp64\www\medical_center\app\Views\admin\requests.php(36): file_get_contents('%PDF-1.6\r%\xE2\xE3\xCF\xD3\r...')
#2 C:\wamp64\www\medical_center\system\View\View.php(246): include('C:\\wamp64\\www\\m...')
#3 C:\wamp64\www\medical_center\system\Common.php(1119): CodeIgniter\View\View->render('admin/requests', Array, true)
#4 C:\wamp64\www\medical_center\app\Views\header\admin.php(30): view('admin/requests')
#5 C:\wamp64\www\medical_center\system\View\View.php(246): include('C:\\wamp64\\www\\m...')
#6 C:\wamp64\www\medical_center\system\Common.php(1119): CodeIgniter\View\View->render('header/admin', Array, true)
#7 C:\wamp64\www\medical_center\app\Controllers\AdminActions.php(51): view('header/admin', Array)
#8 C:\wamp64\www\medical_center\system\CodeIgniter.php(918): App\Controllers\AdminActions->requests()
#9 C:\wamp64\www\medical_center\system\CodeIgniter.php(404): CodeIgniter\CodeIgniter->runController(Object(App\Controllers\AdminActions))
#10 C:\wamp64\www\medical_center\system\CodeIgniter.php(312): CodeIgniter\CodeIgniter->handleRequest(NULL, Object(Config\Cache), false)
#11 C:\wamp64\www\medical_center\public\index.php(44): CodeIgniter\CodeIgniter->run()
#12 {main}
CRITICAL - 2023-09-04 15:02:03 --> Uncaught Error: Call to undefined function clean_path() in C:\wamp64\www\medical_center\app\Views\errors\html\error_exception.php:38
Stack trace:
#0 C:\wamp64\www\medical_center\system\Debug\Exceptions.php(309): include()
#1 C:\wamp64\www\medical_center\system\Debug\Exceptions.php(175): CodeIgniter\Debug\Exceptions->render(Object(ErrorException), 500)
#2 [internal function]: CodeIgniter\Debug\Exceptions->exceptionHandler(Object(ErrorException))
#3 {main}
  thrown
#0 [internal function]: CodeIgniter\Debug\Exceptions->shutdownHandler()
#1 {main}
CRITICAL - 2023-09-04 15:02:03 --> file_get_contents() expects parameter 1 to be a valid path, string given
#0 [internal function]: CodeIgniter\Debug\Exceptions->errorHandler(2, 'file_get_conten...', 'C:\\wamp64\\www\\m...', 36, Array)
#1 C:\wamp64\www\medical_center\app\Views\admin\requests.php(36): file_get_contents('%PDF-1.6\r%\xE2\xE3\xCF\xD3\r...')
#2 C:\wamp64\www\medical_center\system\View\View.php(246): include('C:\\wamp64\\www\\m...')
#3 C:\wamp64\www\medical_center\system\Common.php(1119): CodeIgniter\View\View->render('admin/requests', Array, true)
#4 C:\wamp64\www\medical_center\app\Views\header\admin.php(30): view('admin/requests')
#5 C:\wamp64\www\medical_center\system\View\View.php(246): include('C:\\wamp64\\www\\m...')
#6 C:\wamp64\www\medical_center\system\Common.php(1119): CodeIgniter\View\View->render('header/admin', Array, true)
#7 C:\wamp64\www\medical_center\app\Controllers\AdminActions.php(51): view('header/admin', Array)
#8 C:\wamp64\www\medical_center\system\CodeIgniter.php(918): App\Controllers\AdminActions->requests()
#9 C:\wamp64\www\medical_center\system\CodeIgniter.php(404): CodeIgniter\CodeIgniter->runController(Object(App\Controllers\AdminActions))
#10 C:\wamp64\www\medical_center\system\CodeIgniter.php(312): CodeIgniter\CodeIgniter->handleRequest(NULL, Object(Config\Cache), false)
#11 C:\wamp64\www\medical_center\public\index.php(44): CodeIgniter\CodeIgniter->run()
#12 {main}
CRITICAL - 2023-09-04 15:02:03 --> Uncaught Error: Call to undefined function clean_path() in C:\wamp64\www\medical_center\app\Views\errors\html\error_exception.php:38
Stack trace:
#0 C:\wamp64\www\medical_center\system\Debug\Exceptions.php(309): include()
#1 C:\wamp64\www\medical_center\system\Debug\Exceptions.php(175): CodeIgniter\Debug\Exceptions->render(Object(ErrorException), 500)
#2 [internal function]: CodeIgniter\Debug\Exceptions->exceptionHandler(Object(ErrorException))
#3 {main}
  thrown
#0 [internal function]: CodeIgniter\Debug\Exceptions->shutdownHandler()
#1 {main}
CRITICAL - 2023-09-04 15:04:43 --> unlink(C:\wamp64\www\medical_center\writable\debugbar/debugbar_1693857457.json): No such file or directory
#0 [internal function]: CodeIgniter\Debug\Exceptions->errorHandler(2, 'unlink(C:\\wamp6...', 'C:\\wamp64\\www\\m...', 106, Array)
#1 C:\wamp64\www\medical_center\system\Debug\Toolbar\Collectors\History.php(106): unlink('C:\\wamp64\\www\\m...')
#2 C:\wamp64\www\medical_center\system\Debug\Toolbar.php(483): CodeIgniter\Debug\Toolbar\Collectors\History->setFiles(1693857883, 20)
#3 C:\wamp64\www\medical_center\system\Debug\Toolbar.php(455): CodeIgniter\Debug\Toolbar->format(Array, 'html')
#4 C:\wamp64\www\medical_center\app\Config\Events.php(50): CodeIgniter\Debug\Toolbar->respond()
#5 [internal function]: CodeIgniter\Events\Events::Config\{closure}()
#6 C:\wamp64\www\medical_center\system\Events\Events.php(188): call_user_func(Object(Closure))
#7 C:\wamp64\www\medical_center\system\CodeIgniter.php(293): CodeIgniter\Events\Events::trigger('pre_system')
#8 C:\wamp64\www\medical_center\public\index.php(44): CodeIgniter\CodeIgniter->run()
#9 {main}
CRITICAL - 2023-09-04 15:05:16 --> unlink(C:\wamp64\www\medical_center\writable\debugbar/debugbar_1693857617.json): No such file or directory
#0 [internal function]: CodeIgniter\Debug\Exceptions->errorHandler(2, 'unlink(C:\\wamp6...', 'C:\\wamp64\\www\\m...', 106, Array)
#1 C:\wamp64\www\medical_center\system\Debug\Toolbar\Collectors\History.php(106): unlink('C:\\wamp64\\www\\m...')
#2 C:\wamp64\www\medical_center\system\Debug\Toolbar.php(483): CodeIgniter\Debug\Toolbar\Collectors\History->setFiles(1693857916, 20)
#3 C:\wamp64\www\medical_center\system\Debug\Toolbar.php(455): CodeIgniter\Debug\Toolbar->format(Array, 'html')
#4 C:\wamp64\www\medical_center\app\Config\Events.php(50): CodeIgniter\Debug\Toolbar->respond()
#5 [internal function]: CodeIgniter\Events\Events::Config\{closure}()
#6 C:\wamp64\www\medical_center\system\Events\Events.php(188): call_user_func(Object(Closure))
#7 C:\wamp64\www\medical_center\system\CodeIgniter.php(293): CodeIgniter\Events\Events::trigger('pre_system')
#8 C:\wamp64\www\medical_center\public\index.php(44): CodeIgniter\CodeIgniter->run()
#9 {main}
CRITICAL - 2023-09-04 15:05:50 --> unlink(C:\wamp64\www\medical_center\writable\debugbar/debugbar_1693857665.json): No such file or directory
#0 [internal function]: CodeIgniter\Debug\Exceptions->errorHandler(2, 'unlink(C:\\wamp6...', 'C:\\wamp64\\www\\m...', 106, Array)
#1 C:\wamp64\www\medical_center\system\Debug\Toolbar\Collectors\History.php(106): unlink('C:\\wamp64\\www\\m...')
#2 C:\wamp64\www\medical_center\system\Debug\Toolbar.php(483): CodeIgniter\Debug\Toolbar\Collectors\History->setFiles(1693857950, 20)
#3 C:\wamp64\www\medical_center\system\Debug\Toolbar.php(455): CodeIgniter\Debug\Toolbar->format(Array, 'html')
#4 C:\wamp64\www\medical_center\app\Config\Events.php(50): CodeIgniter\Debug\Toolbar->respond()
#5 [internal function]: CodeIgniter\Events\Events::Config\{closure}()
#6 C:\wamp64\www\medical_center\system\Events\Events.php(188): call_user_func(Object(Closure))
#7 C:\wamp64\www\medical_center\system\CodeIgniter.php(293): CodeIgniter\Events\Events::trigger('pre_system')
#8 C:\wamp64\www\medical_center\public\index.php(44): CodeIgniter\CodeIgniter->run()
#9 {main}
CRITICAL - 2023-09-04 15:05:51 --> unlink(C:\wamp64\www\medical_center\writable\debugbar/debugbar_1693857710.json): No such file or directory
#0 [internal function]: CodeIgniter\Debug\Exceptions->errorHandler(2, 'unlink(C:\\wamp6...', 'C:\\wamp64\\www\\m...', 106, Array)
#1 C:\wamp64\www\medical_center\system\Debug\Toolbar\Collectors\History.php(106): unlink('C:\\wamp64\\www\\m...')
#2 C:\wamp64\www\medical_center\system\Debug\Toolbar.php(483): CodeIgniter\Debug\Toolbar\Collectors\History->setFiles(1693857951, 20)
#3 C:\wamp64\www\medical_center\system\Debug\Toolbar.php(455): CodeIgniter\Debug\Toolbar->format(Array, 'html')
#4 C:\wamp64\www\medical_center\app\Config\Events.php(50): CodeIgniter\Debug\Toolbar->respond()
#5 [internal function]: CodeIgniter\Events\Events::Config\{closure}()
#6 C:\wamp64\www\medical_center\system\Events\Events.php(188): call_user_func(Object(Closure))
#7 C:\wamp64\www\medical_center\system\CodeIgniter.php(293): CodeIgniter\Events\Events::trigger('pre_system')
#8 C:\wamp64\www\medical_center\public\index.php(44): CodeIgniter\CodeIgniter->run()
#9 {main}
CRITICAL - 2023-09-04 15:05:51 --> unlink(C:\wamp64\www\medical_center\writable\debugbar/debugbar_1693857710.json): No such file or directory
#0 [internal function]: CodeIgniter\Debug\Exceptions->errorHandler(2, 'unlink(C:\\wamp6...', 'C:\\wamp64\\www\\m...', 106, Array)
#1 C:\wamp64\www\medical_center\system\Debug\Toolbar\Collectors\History.php(106): unlink('C:\\wamp64\\www\\m...')
#2 C:\wamp64\www\medical_center\system\Debug\Toolbar.php(483): CodeIgniter\Debug\Toolbar\Collectors\History->setFiles(1693857951, 20)
#3 C:\wamp64\www\medical_center\system\Debug\Toolbar.php(455): CodeIgniter\Debug\Toolbar->format(Array, 'html')
#4 C:\wamp64\www\medical_center\app\Config\Events.php(50): CodeIgniter\Debug\Toolbar->respond()
#5 [internal function]: CodeIgniter\Events\Events::Config\{closure}()
#6 C:\wamp64\www\medical_center\system\Events\Events.php(188): call_user_func(Object(Closure))
#7 C:\wamp64\www\medical_center\system\CodeIgniter.php(293): CodeIgniter\Events\Events::trigger('pre_system')
#8 C:\wamp64\www\medical_center\public\index.php(44): CodeIgniter\CodeIgniter->run()
#9 {main}
CRITICAL - 2023-09-04 15:05:53 --> unlink(C:\wamp64\www\medical_center\writable\debugbar/debugbar_1693857741.json): No such file or directory
#0 [internal function]: CodeIgniter\Debug\Exceptions->errorHandler(2, 'unlink(C:\\wamp6...', 'C:\\wamp64\\www\\m...', 106, Array)
#1 C:\wamp64\www\medical_center\system\Debug\Toolbar\Collectors\History.php(106): unlink('C:\\wamp64\\www\\m...')
#2 C:\wamp64\www\medical_center\system\Debug\Toolbar.php(483): CodeIgniter\Debug\Toolbar\Collectors\History->setFiles(1693857953, 20)
#3 C:\wamp64\www\medical_center\system\Debug\Toolbar.php(455): CodeIgniter\Debug\Toolbar->format(Array, 'html')
#4 C:\wamp64\www\medical_center\app\Config\Events.php(50): CodeIgniter\Debug\Toolbar->respond()
#5 [internal function]: CodeIgniter\Events\Events::Config\{closure}()
#6 C:\wamp64\www\medical_center\system\Events\Events.php(188): call_user_func(Object(Closure))
#7 C:\wamp64\www\medical_center\system\CodeIgniter.php(293): CodeIgniter\Events\Events::trigger('pre_system')
#8 C:\wamp64\www\medical_center\public\index.php(44): CodeIgniter\CodeIgniter->run()
#9 {main}
CRITICAL - 2023-09-04 15:06:08 --> unlink(C:\wamp64\www\medical_center\writable\debugbar/debugbar_1693857839.json): No such file or directory
#0 [internal function]: CodeIgniter\Debug\Exceptions->errorHandler(2, 'unlink(C:\\wamp6...', 'C:\\wamp64\\www\\m...', 106, Array)
#1 C:\wamp64\www\medical_center\system\Debug\Toolbar\Collectors\History.php(106): unlink('C:\\wamp64\\www\\m...')
#2 C:\wamp64\www\medical_center\system\Debug\Toolbar.php(483): CodeIgniter\Debug\Toolbar\Collectors\History->setFiles(1693857968, 20)
#3 C:\wamp64\www\medical_center\system\Debug\Toolbar.php(455): CodeIgniter\Debug\Toolbar->format(Array, 'html')
#4 C:\wamp64\www\medical_center\app\Config\Events.php(50): CodeIgniter\Debug\Toolbar->respond()
#5 [internal function]: CodeIgniter\Events\Events::Config\{closure}()
#6 C:\wamp64\www\medical_center\system\Events\Events.php(188): call_user_func(Object(Closure))
#7 C:\wamp64\www\medical_center\system\CodeIgniter.php(293): CodeIgniter\Events\Events::trigger('pre_system')
#8 C:\wamp64\www\medical_center\public\index.php(44): CodeIgniter\CodeIgniter->run()
#9 {main}
CRITICAL - 2023-09-04 15:06:08 --> unlink(C:\wamp64\www\medical_center\writable\debugbar/debugbar_1693857839.json): No such file or directory
#0 [internal function]: CodeIgniter\Debug\Exceptions->errorHandler(2, 'unlink(C:\\wamp6...', 'C:\\wamp64\\www\\m...', 106, Array)
#1 C:\wamp64\www\medical_center\system\Debug\Toolbar\Collectors\History.php(106): unlink('C:\\wamp64\\www\\m...')
#2 C:\wamp64\www\medical_center\system\Debug\Toolbar.php(483): CodeIgniter\Debug\Toolbar\Collectors\History->setFiles(1693857968, 20)
#3 C:\wamp64\www\medical_center\system\Debug\Toolbar.php(455): CodeIgniter\Debug\Toolbar->format(Array, 'html')
#4 C:\wamp64\www\medical_center\app\Config\Events.php(50): CodeIgniter\Debug\Toolbar->respond()
#5 [internal function]: CodeIgniter\Events\Events::Config\{closure}()
#6 C:\wamp64\www\medical_center\system\Events\Events.php(188): call_user_func(Object(Closure))
#7 C:\wamp64\www\medical_center\system\CodeIgniter.php(293): CodeIgniter\Events\Events::trigger('pre_system')
#8 C:\wamp64\www\medical_center\public\index.php(44): CodeIgniter\CodeIgniter->run()
#9 {main}
CRITICAL - 2023-09-04 15:06:14 --> unlink(C:\wamp64\www\medical_center\writable\debugbar/debugbar_1693857841.json): No such file or directory
#0 [internal function]: CodeIgniter\Debug\Exceptions->errorHandler(2, 'unlink(C:\\wamp6...', 'C:\\wamp64\\www\\m...', 106, Array)
#1 C:\wamp64\www\medical_center\system\Debug\Toolbar\Collectors\History.php(106): unlink('C:\\wamp64\\www\\m...')
#2 C:\wamp64\www\medical_center\system\Debug\Toolbar.php(483): CodeIgniter\Debug\Toolbar\Collectors\History->setFiles(1693857974, 20)
#3 C:\wamp64\www\medical_center\system\Debug\Toolbar.php(455): CodeIgniter\Debug\Toolbar->format(Array, 'html')
#4 C:\wamp64\www\medical_center\app\Config\Events.php(50): CodeIgniter\Debug\Toolbar->respond()
#5 [internal function]: CodeIgniter\Events\Events::Config\{closure}()
#6 C:\wamp64\www\medical_center\system\Events\Events.php(188): call_user_func(Object(Closure))
#7 C:\wamp64\www\medical_center\system\CodeIgniter.php(293): CodeIgniter\Events\Events::trigger('pre_system')
#8 C:\wamp64\www\medical_center\public\index.php(44): CodeIgniter\CodeIgniter->run()
#9 {main}
CRITICAL - 2023-09-04 15:07:19 --> unlink(C:\wamp64\www\medical_center\writable\debugbar/debugbar_1693857882.json): No such file or directory
#0 [internal function]: CodeIgniter\Debug\Exceptions->errorHandler(2, 'unlink(C:\\wamp6...', 'C:\\wamp64\\www\\m...', 106, Array)
#1 C:\wamp64\www\medical_center\system\Debug\Toolbar\Collectors\History.php(106): unlink('C:\\wamp64\\www\\m...')
#2 C:\wamp64\www\medical_center\system\Debug\Toolbar.php(483): CodeIgniter\Debug\Toolbar\Collectors\History->setFiles(1693858039, 20)
#3 C:\wamp64\www\medical_center\system\Debug\Toolbar.php(455): CodeIgniter\Debug\Toolbar->format(Array, 'html')
#4 C:\wamp64\www\medical_center\app\Config\Events.php(50): CodeIgniter\Debug\Toolbar->respond()
#5 [internal function]: CodeIgniter\Events\Events::Config\{closure}()
#6 C:\wamp64\www\medical_center\system\Events\Events.php(188): call_user_func(Object(Closure))
#7 C:\wamp64\www\medical_center\system\CodeIgniter.php(293): CodeIgniter\Events\Events::trigger('pre_system')
#8 C:\wamp64\www\medical_center\public\index.php(44): CodeIgniter\CodeIgniter->run()
#9 {main}
CRITICAL - 2023-09-04 15:07:19 --> unlink(C:\wamp64\www\medical_center\writable\debugbar/debugbar_1693857883.json): No such file or directory
#0 [internal function]: CodeIgniter\Debug\Exceptions->errorHandler(2, 'unlink(C:\\wamp6...', 'C:\\wamp64\\www\\m...', 106, Array)
#1 C:\wamp64\www\medical_center\system\Debug\Toolbar\Collectors\History.php(106): unlink('C:\\wamp64\\www\\m...')
#2 C:\wamp64\www\medical_center\system\Debug\Toolbar.php(483): CodeIgniter\Debug\Toolbar\Collectors\History->setFiles(1693858039, 20)
#3 C:\wamp64\www\medical_center\system\Debug\Toolbar.php(455): CodeIgniter\Debug\Toolbar->format(Array, 'html')
#4 C:\wamp64\www\medical_center\app\Config\Events.php(50): CodeIgniter\Debug\Toolbar->respond()
#5 [internal function]: CodeIgniter\Events\Events::Config\{closure}()
#6 C:\wamp64\www\medical_center\system\Events\Events.php(188): call_user_func(Object(Closure))
#7 C:\wamp64\www\medical_center\system\CodeIgniter.php(293): CodeIgniter\Events\Events::trigger('pre_system')
#8 C:\wamp64\www\medical_center\public\index.php(44): CodeIgniter\CodeIgniter->run()
#9 {main}
CRITICAL - 2023-09-04 15:07:44 --> unlink(C:\wamp64\www\medical_center\writable\debugbar/debugbar_1693857901.json): No such file or directory
#0 [internal function]: CodeIgniter\Debug\Exceptions->errorHandler(2, 'unlink(C:\\wamp6...', 'C:\\wamp64\\www\\m...', 106, Array)
#1 C:\wamp64\www\medical_center\system\Debug\Toolbar\Collectors\History.php(106): unlink('C:\\wamp64\\www\\m...')
#2 C:\wamp64\www\medical_center\system\Debug\Toolbar.php(483): CodeIgniter\Debug\Toolbar\Collectors\History->setFiles(1693858064, 20)
#3 C:\wamp64\www\medical_center\system\Debug\Toolbar.php(455): CodeIgniter\Debug\Toolbar->format(Array, 'html')
#4 C:\wamp64\www\medical_center\app\Config\Events.php(50): CodeIgniter\Debug\Toolbar->respond()
#5 [internal function]: CodeIgniter\Events\Events::Config\{closure}()
#6 C:\wamp64\www\medical_center\system\Events\Events.php(188): call_user_func(Object(Closure))
#7 C:\wamp64\www\medical_center\system\CodeIgniter.php(293): CodeIgniter\Events\Events::trigger('pre_system')
#8 C:\wamp64\www\medical_center\public\index.php(44): CodeIgniter\CodeIgniter->run()
#9 {main}
CRITICAL - 2023-09-04 15:08:21 --> unlink(C:\wamp64\www\medical_center\writable\debugbar/debugbar_1693857950.json): No such file or directory
#0 [internal function]: CodeIgniter\Debug\Exceptions->errorHandler(2, 'unlink(C:\\wamp6...', 'C:\\wamp64\\www\\m...', 106, Array)
#1 C:\wamp64\www\medical_center\system\Debug\Toolbar\Collectors\History.php(106): unlink('C:\\wamp64\\www\\m...')
#2 C:\wamp64\www\medical_center\system\Debug\Toolbar.php(483): CodeIgniter\Debug\Toolbar\Collectors\History->setFiles(1693858101, 20)
#3 C:\wamp64\www\medical_center\system\Debug\Toolbar.php(455): CodeIgniter\Debug\Toolbar->format(Array, 'html')
#4 C:\wamp64\www\medical_center\app\Config\Events.php(50): CodeIgniter\Debug\Toolbar->respond()
#5 [internal function]: CodeIgniter\Events\Events::Config\{closure}()
#6 C:\wamp64\www\medical_center\system\Events\Events.php(188): call_user_func(Object(Closure))
#7 C:\wamp64\www\medical_center\system\CodeIgniter.php(293): CodeIgniter\Events\Events::trigger('pre_system')
#8 C:\wamp64\www\medical_center\public\index.php(44): CodeIgniter\CodeIgniter->run()
#9 {main}
CRITICAL - 2023-09-04 15:32:03 --> unlink(C:\wamp64\www\medical_center\writable\debugbar/debugbar_1693858706.json): No such file or directory
#0 [internal function]: CodeIgniter\Debug\Exceptions->errorHandler(2, 'unlink(C:\\wamp6...', 'C:\\wamp64\\www\\m...', 106, Array)
#1 C:\wamp64\www\medical_center\system\Debug\Toolbar\Collectors\History.php(106): unlink('C:\\wamp64\\www\\m...')
#2 C:\wamp64\www\medical_center\system\Debug\Toolbar.php(483): CodeIgniter\Debug\Toolbar\Collectors\History->setFiles(1693859523, 20)
#3 C:\wamp64\www\medical_center\system\Debug\Toolbar.php(455): CodeIgniter\Debug\Toolbar->format(Array, 'html')
#4 C:\wamp64\www\medical_center\app\Config\Events.php(50): CodeIgniter\Debug\Toolbar->respond()
#5 [internal function]: CodeIgniter\Events\Events::Config\{closure}()
#6 C:\wamp64\www\medical_center\system\Events\Events.php(188): call_user_func(Object(Closure))
#7 C:\wamp64\www\medical_center\system\CodeIgniter.php(293): CodeIgniter\Events\Events::trigger('pre_system')
#8 C:\wamp64\www\medical_center\public\index.php(44): CodeIgniter\CodeIgniter->run()
#9 {main}
CRITICAL - 2023-09-04 15:35:11 --> unlink(C:\wamp64\www\medical_center\writable\debugbar/debugbar_1693858934.json): No such file or directory
#0 [internal function]: CodeIgniter\Debug\Exceptions->errorHandler(2, 'unlink(C:\\wamp6...', 'C:\\wamp64\\www\\m...', 106, Array)
#1 C:\wamp64\www\medical_center\system\Debug\Toolbar\Collectors\History.php(106): unlink('C:\\wamp64\\www\\m...')
#2 C:\wamp64\www\medical_center\system\Debug\Toolbar.php(483): CodeIgniter\Debug\Toolbar\Collectors\History->setFiles(1693859710, 20)
#3 C:\wamp64\www\medical_center\system\Debug\Toolbar.php(455): CodeIgniter\Debug\Toolbar->format(Array, 'html')
#4 C:\wamp64\www\medical_center\app\Config\Events.php(50): CodeIgniter\Debug\Toolbar->respond()
#5 [internal function]: CodeIgniter\Events\Events::Config\{closure}()
#6 C:\wamp64\www\medical_center\system\Events\Events.php(188): call_user_func(Object(Closure))
#7 C:\wamp64\www\medical_center\system\CodeIgniter.php(293): CodeIgniter\Events\Events::trigger('pre_system')
#8 C:\wamp64\www\medical_center\public\index.php(44): CodeIgniter\CodeIgniter->run()
#9 {main}
CRITICAL - 2023-09-04 15:35:12 --> unlink(C:\wamp64\www\medical_center\writable\debugbar/debugbar_1693859005.json): No such file or directory
#0 [internal function]: CodeIgniter\Debug\Exceptions->errorHandler(2, 'unlink(C:\\wamp6...', 'C:\\wamp64\\www\\m...', 106, Array)
#1 C:\wamp64\www\medical_center\system\Debug\Toolbar\Collectors\History.php(106): unlink('C:\\wamp64\\www\\m...')
#2 C:\wamp64\www\medical_center\system\Debug\Toolbar.php(483): CodeIgniter\Debug\Toolbar\Collectors\History->setFiles(1693859711, 20)
#3 C:\wamp64\www\medical_center\system\Debug\Toolbar.php(455): CodeIgniter\Debug\Toolbar->format(Array, 'html')
#4 C:\wamp64\www\medical_center\app\Config\Events.php(50): CodeIgniter\Debug\Toolbar->respond()
#5 [internal function]: CodeIgniter\Events\Events::Config\{closure}()
#6 C:\wamp64\www\medical_center\system\Events\Events.php(188): call_user_func(Object(Closure))
#7 C:\wamp64\www\medical_center\system\CodeIgniter.php(293): CodeIgniter\Events\Events::trigger('pre_system')
#8 C:\wamp64\www\medical_center\public\index.php(44): CodeIgniter\CodeIgniter->run()
#9 {main}
CRITICAL - 2023-09-04 23:47:53 --> Argument 1 passed to view() must be of the type string, array given, called in C:\wamp64\www\medical_center\app\Controllers\Home.php on line 287
#0 C:\wamp64\www\medical_center\app\Controllers\Home.php(287): view(Array)
#1 C:\wamp64\www\medical_center\system\CodeIgniter.php(918): App\Controllers\Home->showModalChatOnline()
#2 C:\wamp64\www\medical_center\system\CodeIgniter.php(404): CodeIgniter\CodeIgniter->runController(Object(App\Controllers\Home))
#3 C:\wamp64\www\medical_center\system\CodeIgniter.php(312): CodeIgniter\CodeIgniter->handleRequest(NULL, Object(Config\Cache), false)
#4 C:\wamp64\www\medical_center\public\index.php(44): CodeIgniter\CodeIgniter->run()
#5 {main}
CRITICAL - 2023-09-04 23:47:54 --> Uncaught Error: Call to undefined function clean_path() in C:\wamp64\www\medical_center\app\Views\errors\html\error_exception.php:38
Stack trace:
#0 C:\wamp64\www\medical_center\system\Debug\Exceptions.php(309): include()
#1 C:\wamp64\www\medical_center\system\Debug\Exceptions.php(175): CodeIgniter\Debug\Exceptions->render(Object(TypeError), 500)
#2 [internal function]: CodeIgniter\Debug\Exceptions->exceptionHandler(Object(TypeError))
#3 {main}
  thrown
#0 [internal function]: CodeIgniter\Debug\Exceptions->shutdownHandler()
#1 {main}
CRITICAL - 2023-09-04 23:56:26 --> Unknown column 'emailVerified' in 'where clause'
#0 C:\wamp64\www\medical_center\system\Database\MySQLi\Connection.php(331): mysqli->query('SELECT *\nFROM `...')
#1 C:\wamp64\www\medical_center\system\Database\BaseConnection.php(741): CodeIgniter\Database\MySQLi\Connection->execute('SELECT *\nFROM `...')
#2 C:\wamp64\www\medical_center\system\Database\BaseConnection.php(669): CodeIgniter\Database\BaseConnection->simpleQuery('SELECT *\nFROM `...')
#3 C:\wamp64\www\medical_center\system\Database\BaseBuilder.php(1860): CodeIgniter\Database\BaseConnection->query('SELECT *\nFROM `...', Array, false)
#4 C:\wamp64\www\medical_center\app\Models\MainModel.php(23): CodeIgniter\Database\BaseBuilder->get()
#5 C:\wamp64\www\medical_center\app\Controllers\Home.php(285): App\Models\MainModel->objData('chats')
#6 C:\wamp64\www\medical_center\system\CodeIgniter.php(918): App\Controllers\Home->showModalChatOnline()
#7 C:\wamp64\www\medical_center\system\CodeIgniter.php(404): CodeIgniter\CodeIgniter->runController(Object(App\Controllers\Home))
#8 C:\wamp64\www\medical_center\system\CodeIgniter.php(312): CodeIgniter\CodeIgniter->handleRequest(NULL, Object(Config\Cache), false)
#9 C:\wamp64\www\medical_center\public\index.php(44): CodeIgniter\CodeIgniter->run()
#10 {main}
CRITICAL - 2023-09-04 23:56:26 --> Uncaught Error: Call to undefined function clean_path() in C:\wamp64\www\medical_center\app\Views\errors\html\error_exception.php:38
Stack trace:
#0 C:\wamp64\www\medical_center\system\Debug\Exceptions.php(309): include()
#1 C:\wamp64\www\medical_center\system\Debug\Exceptions.php(175): CodeIgniter\Debug\Exceptions->render(Object(mysqli_sql_exception), 500)
#2 [internal function]: CodeIgniter\Debug\Exceptions->exceptionHandler(Object(mysqli_sql_exception))
#3 {main}
  thrown
#0 [internal function]: CodeIgniter\Debug\Exceptions->shutdownHandler()
#1 {main}
CRITICAL - 2023-09-04 23:56:38 --> Unknown column 'emailVerified' in 'where clause'
#0 C:\wamp64\www\medical_center\system\Database\MySQLi\Connection.php(331): mysqli->query('SELECT *\nFROM `...')
#1 C:\wamp64\www\medical_center\system\Database\BaseConnection.php(741): CodeIgniter\Database\MySQLi\Connection->execute('SELECT *\nFROM `...')
#2 C:\wamp64\www\medical_center\system\Database\BaseConnection.php(669): CodeIgniter\Database\BaseConnection->simpleQuery('SELECT *\nFROM `...')
#3 C:\wamp64\www\medical_center\system\Database\BaseBuilder.php(1860): CodeIgniter\Database\BaseConnection->query('SELECT *\nFROM `...', Array, false)
#4 C:\wamp64\www\medical_center\app\Models\MainModel.php(23): CodeIgniter\Database\BaseBuilder->get()
#5 C:\wamp64\www\medical_center\app\Controllers\Home.php(285): App\Models\MainModel->objData('chats')
#6 C:\wamp64\www\medical_center\system\CodeIgniter.php(918): App\Controllers\Home->showModalChatOnline()
#7 C:\wamp64\www\medical_center\system\CodeIgniter.php(404): CodeIgniter\CodeIgniter->runController(Object(App\Controllers\Home))
#8 C:\wamp64\www\medical_center\system\CodeIgniter.php(312): CodeIgniter\CodeIgniter->handleRequest(NULL, Object(Config\Cache), false)
#9 C:\wamp64\www\medical_center\public\index.php(44): CodeIgniter\CodeIgniter->run()
#10 {main}
CRITICAL - 2023-09-04 23:56:38 --> Uncaught Error: Call to undefined function clean_path() in C:\wamp64\www\medical_center\app\Views\errors\html\error_exception.php:38
Stack trace:
#0 C:\wamp64\www\medical_center\system\Debug\Exceptions.php(309): include()
#1 C:\wamp64\www\medical_center\system\Debug\Exceptions.php(175): CodeIgniter\Debug\Exceptions->render(Object(mysqli_sql_exception), 500)
#2 [internal function]: CodeIgniter\Debug\Exceptions->exceptionHandler(Object(mysqli_sql_exception))
#3 {main}
  thrown
#0 [internal function]: CodeIgniter\Debug\Exceptions->shutdownHandler()
#1 {main}
CRITICAL - 2023-09-04 23:58:35 --> Unknown column 'emailVerified' in 'where clause'
#0 C:\wamp64\www\medical_center\system\Database\MySQLi\Connection.php(331): mysqli->query('SELECT *\nFROM `...')
#1 C:\wamp64\www\medical_center\system\Database\BaseConnection.php(741): CodeIgniter\Database\MySQLi\Connection->execute('SELECT *\nFROM `...')
#2 C:\wamp64\www\medical_center\system\Database\BaseConnection.php(669): CodeIgniter\Database\BaseConnection->simpleQuery('SELECT *\nFROM `...')
#3 C:\wamp64\www\medical_center\system\Database\BaseBuilder.php(1860): CodeIgniter\Database\BaseConnection->query('SELECT *\nFROM `...', Array, false)
#4 C:\wamp64\www\medical_center\app\Models\MainModel.php(23): CodeIgniter\Database\BaseBuilder->get()
#5 C:\wamp64\www\medical_center\app\Controllers\Home.php(285): App\Models\MainModel->objData('chats')
#6 C:\wamp64\www\medical_center\system\CodeIgniter.php(918): App\Controllers\Home->showModalChatOnline()
#7 C:\wamp64\www\medical_center\system\CodeIgniter.php(404): CodeIgniter\CodeIgniter->runController(Object(App\Controllers\Home))
#8 C:\wamp64\www\medical_center\system\CodeIgniter.php(312): CodeIgniter\CodeIgniter->handleRequest(NULL, Object(Config\Cache), false)
#9 C:\wamp64\www\medical_center\public\index.php(44): CodeIgniter\CodeIgniter->run()
#10 {main}
CRITICAL - 2023-09-04 23:58:35 --> Uncaught Error: Call to undefined function clean_path() in C:\wamp64\www\medical_center\app\Views\errors\html\error_exception.php:38
Stack trace:
#0 C:\wamp64\www\medical_center\system\Debug\Exceptions.php(309): include()
#1 C:\wamp64\www\medical_center\system\Debug\Exceptions.php(175): CodeIgniter\Debug\Exceptions->render(Object(mysqli_sql_exception), 500)
#2 [internal function]: CodeIgniter\Debug\Exceptions->exceptionHandler(Object(mysqli_sql_exception))
#3 {main}
  thrown
#0 [internal function]: CodeIgniter\Debug\Exceptions->shutdownHandler()
#1 {main}
