CRITICAL - 2023-09-13 06:18:47 --> file_get_contents(): Filename cannot be empty
#0 [internal function]: CodeIgniter\Debug\Exceptions->errorHandler(2, 'file_get_conten...', 'C:\\wamp64\\www\\m...', 125, Array)
#1 C:\wamp64\www\medical_center\app\Models\MainModel.php(125): file_get_contents('')
#2 C:\wamp64\www\medical_center\app\Controllers\Home.php(223): App\Models\MainModel->uploadFile('requests', 'undefined', 'document', Array)
#3 C:\wamp64\www\medical_center\system\CodeIgniter.php(918): App\Controllers\Home->uploadFile()
#4 C:\wamp64\www\medical_center\system\CodeIgniter.php(404): CodeIgniter\CodeIgniter->runController(Object(App\Controllers\Home))
#5 C:\wamp64\www\medical_center\system\CodeIgniter.php(312): CodeIgniter\CodeIgniter->handleRequest(NULL, Object(Config\Cache), false)
#6 C:\wamp64\www\medical_center\public\index.php(44): CodeIgniter\CodeIgniter->run()
#7 {main}
CRITICAL - 2023-09-13 06:18:55 --> file_get_contents(): Filename cannot be empty
#0 [internal function]: CodeIgniter\Debug\Exceptions->errorHandler(2, 'file_get_conten...', 'C:\\wamp64\\www\\m...', 125, Array)
#1 C:\wamp64\www\medical_center\app\Models\MainModel.php(125): file_get_contents('')
#2 C:\wamp64\www\medical_center\app\Controllers\Home.php(223): App\Models\MainModel->uploadFile('requests', 'undefined', 'document', Array)
#3 C:\wamp64\www\medical_center\system\CodeIgniter.php(918): App\Controllers\Home->uploadFile()
#4 C:\wamp64\www\medical_center\system\CodeIgniter.php(404): CodeIgniter\CodeIgniter->runController(Object(App\Controllers\Home))
#5 C:\wamp64\www\medical_center\system\CodeIgniter.php(312): CodeIgniter\CodeIgniter->handleRequest(NULL, Object(Config\Cache), false)
#6 C:\wamp64\www\medical_center\public\index.php(44): CodeIgniter\CodeIgniter->run()
#7 {main}
CRITICAL - 2023-09-13 06:19:07 --> file_get_contents(): Filename cannot be empty
#0 [internal function]: CodeIgniter\Debug\Exceptions->errorHandler(2, 'file_get_conten...', 'C:\\wamp64\\www\\m...', 125, Array)
#1 C:\wamp64\www\medical_center\app\Models\MainModel.php(125): file_get_contents('')
#2 C:\wamp64\www\medical_center\app\Controllers\Home.php(223): App\Models\MainModel->uploadFile('requests', 'undefined', 'document', Array)
#3 C:\wamp64\www\medical_center\system\CodeIgniter.php(918): App\Controllers\Home->uploadFile()
#4 C:\wamp64\www\medical_center\system\CodeIgniter.php(404): CodeIgniter\CodeIgniter->runController(Object(App\Controllers\Home))
#5 C:\wamp64\www\medical_center\system\CodeIgniter.php(312): CodeIgniter\CodeIgniter->handleRequest(NULL, Object(Config\Cache), false)
#6 C:\wamp64\www\medical_center\public\index.php(44): CodeIgniter\CodeIgniter->run()
#7 {main}
CRITICAL - 2023-09-13 06:27:36 --> file_get_contents(): Filename cannot be empty
#0 [internal function]: CodeIgniter\Debug\Exceptions->errorHandler(2, 'file_get_conten...', 'C:\\wamp64\\www\\m...', 125, Array)
#1 C:\wamp64\www\medical_center\app\Models\MainModel.php(125): file_get_contents('')
#2 C:\wamp64\www\medical_center\app\Controllers\Home.php(223): App\Models\MainModel->uploadFile('requests', 'undefined', 'document', Array)
#3 C:\wamp64\www\medical_center\system\CodeIgniter.php(918): App\Controllers\Home->uploadFile()
#4 C:\wamp64\www\medical_center\system\CodeIgniter.php(404): CodeIgniter\CodeIgniter->runController(Object(App\Controllers\Home))
#5 C:\wamp64\www\medical_center\system\CodeIgniter.php(312): CodeIgniter\CodeIgniter->handleRequest(NULL, Object(Config\Cache), false)
#6 C:\wamp64\www\medical_center\public\index.php(44): CodeIgniter\CodeIgniter->run()
#7 {main}
CRITICAL - 2023-09-13 06:27:42 --> file_get_contents(): Filename cannot be empty
#0 [internal function]: CodeIgniter\Debug\Exceptions->errorHandler(2, 'file_get_conten...', 'C:\\wamp64\\www\\m...', 125, Array)
#1 C:\wamp64\www\medical_center\app\Models\MainModel.php(125): file_get_contents('')
#2 C:\wamp64\www\medical_center\app\Controllers\Home.php(223): App\Models\MainModel->uploadFile('requests', 'undefined', 'document', Array)
#3 C:\wamp64\www\medical_center\system\CodeIgniter.php(918): App\Controllers\Home->uploadFile()
#4 C:\wamp64\www\medical_center\system\CodeIgniter.php(404): CodeIgniter\CodeIgniter->runController(Object(App\Controllers\Home))
#5 C:\wamp64\www\medical_center\system\CodeIgniter.php(312): CodeIgniter\CodeIgniter->handleRequest(NULL, Object(Config\Cache), false)
#6 C:\wamp64\www\medical_center\public\index.php(44): CodeIgniter\CodeIgniter->run()
#7 {main}
CRITICAL - 2023-09-13 06:32:48 --> file_get_contents(): Filename cannot be empty
#0 [internal function]: CodeIgniter\Debug\Exceptions->errorHandler(2, 'file_get_conten...', 'C:\\wamp64\\www\\m...', 125, Array)
#1 C:\wamp64\www\medical_center\app\Models\MainModel.php(125): file_get_contents('')
#2 C:\wamp64\www\medical_center\app\Controllers\Home.php(223): App\Models\MainModel->uploadFile('requests', 'undefined', 'document', Array)
#3 C:\wamp64\www\medical_center\system\CodeIgniter.php(918): App\Controllers\Home->uploadFile()
#4 C:\wamp64\www\medical_center\system\CodeIgniter.php(404): CodeIgniter\CodeIgniter->runController(Object(App\Controllers\Home))
#5 C:\wamp64\www\medical_center\system\CodeIgniter.php(312): CodeIgniter\CodeIgniter->handleRequest(NULL, Object(Config\Cache), false)
#6 C:\wamp64\www\medical_center\public\index.php(44): CodeIgniter\CodeIgniter->run()
#7 {main}
CRITICAL - 2023-09-13 06:33:31 --> file_get_contents(): Filename cannot be empty
#0 [internal function]: CodeIgniter\Debug\Exceptions->errorHandler(2, 'file_get_conten...', 'C:\\wamp64\\www\\m...', 125, Array)
#1 C:\wamp64\www\medical_center\app\Models\MainModel.php(125): file_get_contents('')
#2 C:\wamp64\www\medical_center\app\Controllers\Home.php(223): App\Models\MainModel->uploadFile('requests', 'undefined', 'document', Array)
#3 C:\wamp64\www\medical_center\system\CodeIgniter.php(918): App\Controllers\Home->uploadFile()
#4 C:\wamp64\www\medical_center\system\CodeIgniter.php(404): CodeIgniter\CodeIgniter->runController(Object(App\Controllers\Home))
#5 C:\wamp64\www\medical_center\system\CodeIgniter.php(312): CodeIgniter\CodeIgniter->handleRequest(NULL, Object(Config\Cache), false)
#6 C:\wamp64\www\medical_center\public\index.php(44): CodeIgniter\CodeIgniter->run()
#7 {main}
CRITICAL - 2023-09-13 06:34:12 --> file_get_contents(): Filename cannot be empty
#0 [internal function]: CodeIgniter\Debug\Exceptions->errorHandler(2, 'file_get_conten...', 'C:\\wamp64\\www\\m...', 125, Array)
#1 C:\wamp64\www\medical_center\app\Models\MainModel.php(125): file_get_contents('')
#2 C:\wamp64\www\medical_center\app\Controllers\Home.php(223): App\Models\MainModel->uploadFile('requests', 'undefined', 'document', Array)
#3 C:\wamp64\www\medical_center\system\CodeIgniter.php(918): App\Controllers\Home->uploadFile()
#4 C:\wamp64\www\medical_center\system\CodeIgniter.php(404): CodeIgniter\CodeIgniter->runController(Object(App\Controllers\Home))
#5 C:\wamp64\www\medical_center\system\CodeIgniter.php(312): CodeIgniter\CodeIgniter->handleRequest(NULL, Object(Config\Cache), false)
#6 C:\wamp64\www\medical_center\public\index.php(44): CodeIgniter\CodeIgniter->run()
#7 {main}
CRITICAL - 2023-09-13 06:34:27 --> file_get_contents(): Filename cannot be empty
#0 [internal function]: CodeIgniter\Debug\Exceptions->errorHandler(2, 'file_get_conten...', 'C:\\wamp64\\www\\m...', 125, Array)
#1 C:\wamp64\www\medical_center\app\Models\MainModel.php(125): file_get_contents('')
#2 C:\wamp64\www\medical_center\app\Controllers\Home.php(223): App\Models\MainModel->uploadFile('requests', '4', 'document', Array)
#3 C:\wamp64\www\medical_center\system\CodeIgniter.php(918): App\Controllers\Home->uploadFile()
#4 C:\wamp64\www\medical_center\system\CodeIgniter.php(404): CodeIgniter\CodeIgniter->runController(Object(App\Controllers\Home))
#5 C:\wamp64\www\medical_center\system\CodeIgniter.php(312): CodeIgniter\CodeIgniter->handleRequest(NULL, Object(Config\Cache), false)
#6 C:\wamp64\www\medical_center\public\index.php(44): CodeIgniter\CodeIgniter->run()
#7 {main}
CRITICAL - 2023-09-13 06:35:07 --> file_get_contents(): Filename cannot be empty
#0 [internal function]: CodeIgniter\Debug\Exceptions->errorHandler(2, 'file_get_conten...', 'C:\\wamp64\\www\\m...', 125, Array)
#1 C:\wamp64\www\medical_center\app\Models\MainModel.php(125): file_get_contents('')
#2 C:\wamp64\www\medical_center\app\Controllers\Home.php(223): App\Models\MainModel->uploadFile('requests', 'undefined', 'document', Array)
#3 C:\wamp64\www\medical_center\system\CodeIgniter.php(918): App\Controllers\Home->uploadFile()
#4 C:\wamp64\www\medical_center\system\CodeIgniter.php(404): CodeIgniter\CodeIgniter->runController(Object(App\Controllers\Home))
#5 C:\wamp64\www\medical_center\system\CodeIgniter.php(312): CodeIgniter\CodeIgniter->handleRequest(NULL, Object(Config\Cache), false)
#6 C:\wamp64\www\medical_center\public\index.php(44): CodeIgniter\CodeIgniter->run()
#7 {main}
CRITICAL - 2023-09-13 06:35:11 --> file_get_contents(): Filename cannot be empty
#0 [internal function]: CodeIgniter\Debug\Exceptions->errorHandler(2, 'file_get_conten...', 'C:\\wamp64\\www\\m...', 125, Array)
#1 C:\wamp64\www\medical_center\app\Models\MainModel.php(125): file_get_contents('')
#2 C:\wamp64\www\medical_center\app\Controllers\Home.php(223): App\Models\MainModel->uploadFile('requests', 'undefined', 'document', Array)
#3 C:\wamp64\www\medical_center\system\CodeIgniter.php(918): App\Controllers\Home->uploadFile()
#4 C:\wamp64\www\medical_center\system\CodeIgniter.php(404): CodeIgniter\CodeIgniter->runController(Object(App\Controllers\Home))
#5 C:\wamp64\www\medical_center\system\CodeIgniter.php(312): CodeIgniter\CodeIgniter->handleRequest(NULL, Object(Config\Cache), false)
#6 C:\wamp64\www\medical_center\public\index.php(44): CodeIgniter\CodeIgniter->run()
#7 {main}
CRITICAL - 2023-09-13 06:35:28 --> file_get_contents(): Filename cannot be empty
#0 [internal function]: CodeIgniter\Debug\Exceptions->errorHandler(2, 'file_get_conten...', 'C:\\wamp64\\www\\m...', 126, Array)
#1 C:\wamp64\www\medical_center\app\Models\MainModel.php(126): file_get_contents('')
#2 C:\wamp64\www\medical_center\app\Controllers\Home.php(223): App\Models\MainModel->uploadFile('requests', 'undefined', 'document', Array)
#3 C:\wamp64\www\medical_center\system\CodeIgniter.php(918): App\Controllers\Home->uploadFile()
#4 C:\wamp64\www\medical_center\system\CodeIgniter.php(404): CodeIgniter\CodeIgniter->runController(Object(App\Controllers\Home))
#5 C:\wamp64\www\medical_center\system\CodeIgniter.php(312): CodeIgniter\CodeIgniter->handleRequest(NULL, Object(Config\Cache), false)
#6 C:\wamp64\www\medical_center\public\index.php(44): CodeIgniter\CodeIgniter->run()
#7 {main}
CRITICAL - 2023-09-13 06:36:11 --> file_get_contents(): Filename cannot be empty
#0 [internal function]: CodeIgniter\Debug\Exceptions->errorHandler(2, 'file_get_conten...', 'C:\\wamp64\\www\\m...', 125, Array)
#1 C:\wamp64\www\medical_center\app\Models\MainModel.php(125): file_get_contents('')
#2 C:\wamp64\www\medical_center\app\Controllers\Home.php(223): App\Models\MainModel->uploadFile('requests', '5', 'document', Array)
#3 C:\wamp64\www\medical_center\system\CodeIgniter.php(918): App\Controllers\Home->uploadFile()
#4 C:\wamp64\www\medical_center\system\CodeIgniter.php(404): CodeIgniter\CodeIgniter->runController(Object(App\Controllers\Home))
#5 C:\wamp64\www\medical_center\system\CodeIgniter.php(312): CodeIgniter\CodeIgniter->handleRequest(NULL, Object(Config\Cache), false)
#6 C:\wamp64\www\medical_center\public\index.php(44): CodeIgniter\CodeIgniter->run()
#7 {main}
CRITICAL - 2023-09-13 07:17:54 --> Invalid file: admin/modals/modalFooter.php
#0 C:\wamp64\www\medical_center\system\View\View.php(228): CodeIgniter\Exceptions\FrameworkException::forInvalidFile('admin/modals/mo...')
#1 C:\wamp64\www\medical_center\system\Common.php(1119): CodeIgniter\View\View->render('admin/modals/mo...', Array, true)
#2 C:\wamp64\www\medical_center\app\Views\modals\keyChange.php(24): view('admin/modals/mo...')
#3 C:\wamp64\www\medical_center\system\View\View.php(246): include('C:\\wamp64\\www\\m...')
#4 C:\wamp64\www\medical_center\system\Common.php(1119): CodeIgniter\View\View->render('modals/keyChang...', Array, true)
#5 C:\wamp64\www\medical_center\app\Controllers\AdminActions.php(135): view('modals/keyChang...', Array)
#6 C:\wamp64\www\medical_center\system\CodeIgniter.php(918): App\Controllers\AdminActions->showModalChangeKey()
#7 C:\wamp64\www\medical_center\system\CodeIgniter.php(404): CodeIgniter\CodeIgniter->runController(Object(App\Controllers\AdminActions))
#8 C:\wamp64\www\medical_center\system\CodeIgniter.php(312): CodeIgniter\CodeIgniter->handleRequest(NULL, Object(Config\Cache), false)
#9 C:\wamp64\www\medical_center\public\index.php(44): CodeIgniter\CodeIgniter->run()
#10 {main}
CRITICAL - 2023-09-13 07:17:54 --> Uncaught Error: Call to undefined function clean_path() in C:\wamp64\www\medical_center\app\Views\errors\html\error_exception.php:38
Stack trace:
#0 C:\wamp64\www\medical_center\system\Debug\Exceptions.php(309): include()
#1 C:\wamp64\www\medical_center\system\Debug\Exceptions.php(175): CodeIgniter\Debug\Exceptions->render(Object(CodeIgniter\View\Exceptions\ViewException), 500)
#2 [internal function]: CodeIgniter\Debug\Exceptions->exceptionHandler(Object(CodeIgniter\View\Exceptions\ViewException))
#3 {main}
  thrown
#0 [internal function]: CodeIgniter\Debug\Exceptions->shutdownHandler()
#1 {main}
CRITICAL - 2023-09-13 07:17:59 --> Invalid file: admin/modals/modalFooter.php
#0 C:\wamp64\www\medical_center\system\View\View.php(228): CodeIgniter\Exceptions\FrameworkException::forInvalidFile('admin/modals/mo...')
#1 C:\wamp64\www\medical_center\system\Common.php(1119): CodeIgniter\View\View->render('admin/modals/mo...', Array, true)
#2 C:\wamp64\www\medical_center\app\Views\modals\keyChange.php(24): view('admin/modals/mo...')
#3 C:\wamp64\www\medical_center\system\View\View.php(246): include('C:\\wamp64\\www\\m...')
#4 C:\wamp64\www\medical_center\system\Common.php(1119): CodeIgniter\View\View->render('modals/keyChang...', Array, true)
#5 C:\wamp64\www\medical_center\app\Controllers\AdminActions.php(135): view('modals/keyChang...', Array)
#6 C:\wamp64\www\medical_center\system\CodeIgniter.php(918): App\Controllers\AdminActions->showModalChangeKey()
#7 C:\wamp64\www\medical_center\system\CodeIgniter.php(404): CodeIgniter\CodeIgniter->runController(Object(App\Controllers\AdminActions))
#8 C:\wamp64\www\medical_center\system\CodeIgniter.php(312): CodeIgniter\CodeIgniter->handleRequest(NULL, Object(Config\Cache), false)
#9 C:\wamp64\www\medical_center\public\index.php(44): CodeIgniter\CodeIgniter->run()
#10 {main}
CRITICAL - 2023-09-13 07:17:59 --> Uncaught Error: Call to undefined function clean_path() in C:\wamp64\www\medical_center\app\Views\errors\html\error_exception.php:38
Stack trace:
#0 C:\wamp64\www\medical_center\system\Debug\Exceptions.php(309): include()
#1 C:\wamp64\www\medical_center\system\Debug\Exceptions.php(175): CodeIgniter\Debug\Exceptions->render(Object(CodeIgniter\View\Exceptions\ViewException), 500)
#2 [internal function]: CodeIgniter\Debug\Exceptions->exceptionHandler(Object(CodeIgniter\View\Exceptions\ViewException))
#3 {main}
  thrown
#0 [internal function]: CodeIgniter\Debug\Exceptions->shutdownHandler()
#1 {main}
CRITICAL - 2023-09-13 07:19:57 --> Invalid file: admin/modals/modalFooter.php
#0 C:\wamp64\www\medical_center\system\View\View.php(228): CodeIgniter\Exceptions\FrameworkException::forInvalidFile('admin/modals/mo...')
#1 C:\wamp64\www\medical_center\system\Common.php(1119): CodeIgniter\View\View->render('admin/modals/mo...', Array, true)
#2 C:\wamp64\www\medical_center\app\Views\modals\keyChange.php(24): view('admin/modals/mo...')
#3 C:\wamp64\www\medical_center\system\View\View.php(246): include('C:\\wamp64\\www\\m...')
#4 C:\wamp64\www\medical_center\system\Common.php(1119): CodeIgniter\View\View->render('modals/keyChang...', Array, true)
#5 C:\wamp64\www\medical_center\app\Controllers\AdminActions.php(135): view('modals/keyChang...', Array)
#6 C:\wamp64\www\medical_center\system\CodeIgniter.php(918): App\Controllers\AdminActions->showModalChangeKey()
#7 C:\wamp64\www\medical_center\system\CodeIgniter.php(404): CodeIgniter\CodeIgniter->runController(Object(App\Controllers\AdminActions))
#8 C:\wamp64\www\medical_center\system\CodeIgniter.php(312): CodeIgniter\CodeIgniter->handleRequest(NULL, Object(Config\Cache), false)
#9 C:\wamp64\www\medical_center\public\index.php(44): CodeIgniter\CodeIgniter->run()
#10 {main}
CRITICAL - 2023-09-13 07:19:57 --> Uncaught Error: Call to undefined function clean_path() in C:\wamp64\www\medical_center\app\Views\errors\html\error_exception.php:38
Stack trace:
#0 C:\wamp64\www\medical_center\system\Debug\Exceptions.php(309): include()
#1 C:\wamp64\www\medical_center\system\Debug\Exceptions.php(175): CodeIgniter\Debug\Exceptions->render(Object(CodeIgniter\View\Exceptions\ViewException), 500)
#2 [internal function]: CodeIgniter\Debug\Exceptions->exceptionHandler(Object(CodeIgniter\View\Exceptions\ViewException))
#3 {main}
  thrown
#0 [internal function]: CodeIgniter\Debug\Exceptions->shutdownHandler()
#1 {main}
