CRITICAL - 2023-09-12 07:08:24 --> unlink(C:\wamp64\www\medical_center\writable\debugbar/debugbar_1694519884.json): No such file or directory
#0 [internal function]: CodeIgniter\Debug\Exceptions->errorHandler(2, 'unlink(C:\\wamp6...', 'C:\\wamp64\\www\\m...', 106, Array)
#1 C:\wamp64\www\medical_center\system\Debug\Toolbar\Collectors\History.php(106): unlink('C:\\wamp64\\www\\m...')
#2 C:\wamp64\www\medical_center\system\Debug\Toolbar.php(483): CodeIgniter\Debug\Toolbar\Collectors\History->setFiles(1694520504, 20)
#3 C:\wamp64\www\medical_center\system\Debug\Toolbar.php(455): CodeIgniter\Debug\Toolbar->format(Array, 'html')
#4 C:\wamp64\www\medical_center\app\Config\Events.php(50): CodeIgniter\Debug\Toolbar->respond()
#5 [internal function]: CodeIgniter\Events\Events::Config\{closure}()
#6 C:\wamp64\www\medical_center\system\Events\Events.php(188): call_user_func(Object(Closure))
#7 C:\wamp64\www\medical_center\system\CodeIgniter.php(293): CodeIgniter\Events\Events::trigger('pre_system')
#8 C:\wamp64\www\medical_center\public\index.php(44): CodeIgniter\CodeIgniter->run()
#9 {main}
CRITICAL - 2023-09-12 07:09:45 --> unlink(C:\wamp64\www\medical_center\writable\debugbar/debugbar_1694519988.json): No such file or directory
#0 [internal function]: CodeIgniter\Debug\Exceptions->errorHandler(2, 'unlink(C:\\wamp6...', 'C:\\wamp64\\www\\m...', 106, Array)
#1 C:\wamp64\www\medical_center\system\Debug\Toolbar\Collectors\History.php(106): unlink('C:\\wamp64\\www\\m...')
#2 C:\wamp64\www\medical_center\system\Debug\Toolbar.php(483): CodeIgniter\Debug\Toolbar\Collectors\History->setFiles(1694520585, 20)
#3 C:\wamp64\www\medical_center\system\Debug\Toolbar.php(455): CodeIgniter\Debug\Toolbar->format(Array, 'html')
#4 C:\wamp64\www\medical_center\app\Config\Events.php(50): CodeIgniter\Debug\Toolbar->respond()
#5 [internal function]: CodeIgniter\Events\Events::Config\{closure}()
#6 C:\wamp64\www\medical_center\system\Events\Events.php(188): call_user_func(Object(Closure))
#7 C:\wamp64\www\medical_center\system\CodeIgniter.php(293): CodeIgniter\Events\Events::trigger('pre_system')
#8 C:\wamp64\www\medical_center\public\index.php(44): CodeIgniter\CodeIgniter->run()
#9 {main}
