CRITICAL - 2023-06-29 00:03:51 --> Trying to access array offset on value of type null
#0 C:\wamp64\www\e_comerce\app\Controllers\Category.php(19): CodeIgniter\Debug\Exceptions->errorHandler(8, 'Trying to acces...', 'C:\\wamp64\\www\\e...', 19, Array)
#1 C:\wamp64\www\e_comerce\system\CodeIgniter.php(918): App\Controllers\Category->index()
#2 C:\wamp64\www\e_comerce\system\CodeIgniter.php(404): CodeIgniter\CodeIgniter->runController(Object(App\Controllers\Category))
#3 C:\wamp64\www\e_comerce\system\CodeIgniter.php(312): CodeIgniter\CodeIgniter->handleRequest(NULL, Object(Config\Cache), false)
#4 C:\wamp64\www\e_comerce\public\index.php(44): CodeIgniter\CodeIgniter->run()
#5 {main}
CRITICAL - 2023-06-29 00:04:00 --> Trying to access array offset on value of type null
#0 C:\wamp64\www\e_comerce\app\Controllers\Category.php(19): CodeIgniter\Debug\Exceptions->errorHandler(8, 'Trying to acces...', 'C:\\wamp64\\www\\e...', 19, Array)
#1 C:\wamp64\www\e_comerce\system\CodeIgniter.php(918): App\Controllers\Category->index()
#2 C:\wamp64\www\e_comerce\system\CodeIgniter.php(404): CodeIgniter\CodeIgniter->runController(Object(App\Controllers\Category))
#3 C:\wamp64\www\e_comerce\system\CodeIgniter.php(312): CodeIgniter\CodeIgniter->handleRequest(NULL, Object(Config\Cache), false)
#4 C:\wamp64\www\e_comerce\public\index.php(44): CodeIgniter\CodeIgniter->run()
#5 {main}
CRITICAL - 2023-06-29 00:04:03 --> Trying to access array offset on value of type null
#0 C:\wamp64\www\e_comerce\app\Controllers\Product.php(17): CodeIgniter\Debug\Exceptions->errorHandler(8, 'Trying to acces...', 'C:\\wamp64\\www\\e...', 17, Array)
#1 C:\wamp64\www\e_comerce\system\CodeIgniter.php(918): App\Controllers\Product->index()
#2 C:\wamp64\www\e_comerce\system\CodeIgniter.php(404): CodeIgniter\CodeIgniter->runController(Object(App\Controllers\Product))
#3 C:\wamp64\www\e_comerce\system\CodeIgniter.php(312): CodeIgniter\CodeIgniter->handleRequest(NULL, Object(Config\Cache), false)
#4 C:\wamp64\www\e_comerce\public\index.php(44): CodeIgniter\CodeIgniter->run()
#5 {main}
CRITICAL - 2023-06-29 00:04:04 --> Trying to access array offset on value of type null
#0 C:\wamp64\www\e_comerce\app\Controllers\Dashboard.php(17): CodeIgniter\Debug\Exceptions->errorHandler(8, 'Trying to acces...', 'C:\\wamp64\\www\\e...', 17, Array)
#1 C:\wamp64\www\e_comerce\system\CodeIgniter.php(918): App\Controllers\Dashboard->index()
#2 C:\wamp64\www\e_comerce\system\CodeIgniter.php(404): CodeIgniter\CodeIgniter->runController(Object(App\Controllers\Dashboard))
#3 C:\wamp64\www\e_comerce\system\CodeIgniter.php(312): CodeIgniter\CodeIgniter->handleRequest(NULL, Object(Config\Cache), false)
#4 C:\wamp64\www\e_comerce\public\index.php(44): CodeIgniter\CodeIgniter->run()
#5 {main}
CRITICAL - 2023-06-29 00:04:37 --> Undefined property: stdClass::$fkCategory
#0 C:\wamp64\www\e_comerce\app\Views\modals\subCategory.php(18): CodeIgniter\Debug\Exceptions->errorHandler(8, 'Undefined prope...', 'C:\\wamp64\\www\\e...', 18, Array)
#1 C:\wamp64\www\e_comerce\system\View\View.php(246): include('C:\\wamp64\\www\\e...')
#2 C:\wamp64\www\e_comerce\system\Common.php(1119): CodeIgniter\View\View->render('modals/subCateg...', Array, true)
#3 C:\wamp64\www\e_comerce\app\Controllers\Category.php(184): view('modals/subCateg...', Array)
#4 C:\wamp64\www\e_comerce\system\CodeIgniter.php(918): App\Controllers\Category->showModalSubCategory()
#5 C:\wamp64\www\e_comerce\system\CodeIgniter.php(404): CodeIgniter\CodeIgniter->runController(Object(App\Controllers\Category))
#6 C:\wamp64\www\e_comerce\system\CodeIgniter.php(312): CodeIgniter\CodeIgniter->handleRequest(NULL, Object(Config\Cache), false)
#7 C:\wamp64\www\e_comerce\public\index.php(44): CodeIgniter\CodeIgniter->run()
#8 {main}
CRITICAL - 2023-06-29 00:04:39 --> Undefined property: stdClass::$fkCategory
#0 C:\wamp64\www\e_comerce\app\Views\modals\subCategory.php(18): CodeIgniter\Debug\Exceptions->errorHandler(8, 'Undefined prope...', 'C:\\wamp64\\www\\e...', 18, Array)
#1 C:\wamp64\www\e_comerce\system\View\View.php(246): include('C:\\wamp64\\www\\e...')
#2 C:\wamp64\www\e_comerce\system\Common.php(1119): CodeIgniter\View\View->render('modals/subCateg...', Array, true)
#3 C:\wamp64\www\e_comerce\app\Controllers\Category.php(184): view('modals/subCateg...', Array)
#4 C:\wamp64\www\e_comerce\system\CodeIgniter.php(918): App\Controllers\Category->showModalSubCategory()
#5 C:\wamp64\www\e_comerce\system\CodeIgniter.php(404): CodeIgniter\CodeIgniter->runController(Object(App\Controllers\Category))
#6 C:\wamp64\www\e_comerce\system\CodeIgniter.php(312): CodeIgniter\CodeIgniter->handleRequest(NULL, Object(Config\Cache), false)
#7 C:\wamp64\www\e_comerce\public\index.php(44): CodeIgniter\CodeIgniter->run()
#8 {main}
CRITICAL - 2023-06-29 00:04:45 --> Undefined property: stdClass::$fkCategory
#0 C:\wamp64\www\e_comerce\app\Views\modals\subCategory.php(18): CodeIgniter\Debug\Exceptions->errorHandler(8, 'Undefined prope...', 'C:\\wamp64\\www\\e...', 18, Array)
#1 C:\wamp64\www\e_comerce\system\View\View.php(246): include('C:\\wamp64\\www\\e...')
#2 C:\wamp64\www\e_comerce\system\Common.php(1119): CodeIgniter\View\View->render('modals/subCateg...', Array, true)
#3 C:\wamp64\www\e_comerce\app\Controllers\Category.php(184): view('modals/subCateg...', Array)
#4 C:\wamp64\www\e_comerce\system\CodeIgniter.php(918): App\Controllers\Category->showModalSubCategory()
#5 C:\wamp64\www\e_comerce\system\CodeIgniter.php(404): CodeIgniter\CodeIgniter->runController(Object(App\Controllers\Category))
#6 C:\wamp64\www\e_comerce\system\CodeIgniter.php(312): CodeIgniter\CodeIgniter->handleRequest(NULL, Object(Config\Cache), false)
#7 C:\wamp64\www\e_comerce\public\index.php(44): CodeIgniter\CodeIgniter->run()
#8 {main}
CRITICAL - 2023-06-29 00:38:19 --> Undefined variable: dtCategory
#0 C:\wamp64\www\e_comerce\app\Views\product\mainProduct.php(23): CodeIgniter\Debug\Exceptions->errorHandler(8, 'Undefined varia...', 'C:\\wamp64\\www\\e...', 23, Array)
#1 C:\wamp64\www\e_comerce\system\View\View.php(246): include('C:\\wamp64\\www\\e...')
#2 C:\wamp64\www\e_comerce\system\Common.php(1119): CodeIgniter\View\View->render('product/mainPro...', Array, true)
#3 C:\wamp64\www\e_comerce\app\Views\layout\main.php(65): view('product/mainPro...')
#4 C:\wamp64\www\e_comerce\system\View\View.php(246): include('C:\\wamp64\\www\\e...')
#5 C:\wamp64\www\e_comerce\system\Common.php(1119): CodeIgniter\View\View->render('layout/main', Array, true)
#6 C:\wamp64\www\e_comerce\app\Controllers\Product.php(26): view('layout/main', Array)
#7 C:\wamp64\www\e_comerce\system\CodeIgniter.php(918): App\Controllers\Product->index()
#8 C:\wamp64\www\e_comerce\system\CodeIgniter.php(404): CodeIgniter\CodeIgniter->runController(Object(App\Controllers\Product))
#9 C:\wamp64\www\e_comerce\system\CodeIgniter.php(312): CodeIgniter\CodeIgniter->handleRequest(NULL, Object(Config\Cache), false)
#10 C:\wamp64\www\e_comerce\public\index.php(44): CodeIgniter\CodeIgniter->run()
#11 {main}
CRITICAL - 2023-06-29 00:41:26 --> Undefined variable: i
#0 C:\wamp64\www\e_comerce\app\Views\product\mainProduct.php(23): CodeIgniter\Debug\Exceptions->errorHandler(8, 'Undefined varia...', 'C:\\wamp64\\www\\e...', 23, Array)
#1 C:\wamp64\www\e_comerce\system\View\View.php(246): include('C:\\wamp64\\www\\e...')
#2 C:\wamp64\www\e_comerce\system\Common.php(1119): CodeIgniter\View\View->render('product/mainPro...', Array, true)
#3 C:\wamp64\www\e_comerce\app\Views\layout\main.php(65): view('product/mainPro...')
#4 C:\wamp64\www\e_comerce\system\View\View.php(246): include('C:\\wamp64\\www\\e...')
#5 C:\wamp64\www\e_comerce\system\Common.php(1119): CodeIgniter\View\View->render('layout/main', Array, true)
#6 C:\wamp64\www\e_comerce\app\Controllers\Product.php(32): view('layout/main', Array)
#7 C:\wamp64\www\e_comerce\system\CodeIgniter.php(918): App\Controllers\Product->index()
#8 C:\wamp64\www\e_comerce\system\CodeIgniter.php(404): CodeIgniter\CodeIgniter->runController(Object(App\Controllers\Product))
#9 C:\wamp64\www\e_comerce\system\CodeIgniter.php(312): CodeIgniter\CodeIgniter->handleRequest(NULL, Object(Config\Cache), false)
#10 C:\wamp64\www\e_comerce\public\index.php(44): CodeIgniter\CodeIgniter->run()
#11 {main}
CRITICAL - 2023-06-29 00:42:51 --> Trying to get property 'name' of non-object
#0 C:\wamp64\www\e_comerce\app\Views\product\mainProduct.php(23): CodeIgniter\Debug\Exceptions->errorHandler(8, 'Trying to get p...', 'C:\\wamp64\\www\\e...', 23, Array)
#1 C:\wamp64\www\e_comerce\system\View\View.php(246): include('C:\\wamp64\\www\\e...')
#2 C:\wamp64\www\e_comerce\system\Common.php(1119): CodeIgniter\View\View->render('product/mainPro...', Array, true)
#3 C:\wamp64\www\e_comerce\app\Views\layout\main.php(65): view('product/mainPro...')
#4 C:\wamp64\www\e_comerce\system\View\View.php(246): include('C:\\wamp64\\www\\e...')
#5 C:\wamp64\www\e_comerce\system\Common.php(1119): CodeIgniter\View\View->render('layout/main', Array, true)
#6 C:\wamp64\www\e_comerce\app\Controllers\Product.php(32): view('layout/main', Array)
#7 C:\wamp64\www\e_comerce\system\CodeIgniter.php(918): App\Controllers\Product->index()
#8 C:\wamp64\www\e_comerce\system\CodeIgniter.php(404): CodeIgniter\CodeIgniter->runController(Object(App\Controllers\Product))
#9 C:\wamp64\www\e_comerce\system\CodeIgniter.php(312): CodeIgniter\CodeIgniter->handleRequest(NULL, Object(Config\Cache), false)
#10 C:\wamp64\www\e_comerce\public\index.php(44): CodeIgniter\CodeIgniter->run()
#11 {main}
CRITICAL - 2023-06-29 00:43:12 --> Undefined variable: i
#0 C:\wamp64\www\e_comerce\app\Views\product\mainProduct.php(23): CodeIgniter\Debug\Exceptions->errorHandler(8, 'Undefined varia...', 'C:\\wamp64\\www\\e...', 23, Array)
#1 C:\wamp64\www\e_comerce\system\View\View.php(246): include('C:\\wamp64\\www\\e...')
#2 C:\wamp64\www\e_comerce\system\Common.php(1119): CodeIgniter\View\View->render('product/mainPro...', Array, true)
#3 C:\wamp64\www\e_comerce\app\Views\layout\main.php(65): view('product/mainPro...')
#4 C:\wamp64\www\e_comerce\system\View\View.php(246): include('C:\\wamp64\\www\\e...')
#5 C:\wamp64\www\e_comerce\system\Common.php(1119): CodeIgniter\View\View->render('layout/main', Array, true)
#6 C:\wamp64\www\e_comerce\app\Controllers\Product.php(32): view('layout/main', Array)
#7 C:\wamp64\www\e_comerce\system\CodeIgniter.php(918): App\Controllers\Product->index()
#8 C:\wamp64\www\e_comerce\system\CodeIgniter.php(404): CodeIgniter\CodeIgniter->runController(Object(App\Controllers\Product))
#9 C:\wamp64\www\e_comerce\system\CodeIgniter.php(312): CodeIgniter\CodeIgniter->handleRequest(NULL, Object(Config\Cache), false)
#10 C:\wamp64\www\e_comerce\public\index.php(44): CodeIgniter\CodeIgniter->run()
#11 {main}
CRITICAL - 2023-06-29 00:43:28 --> Cannot use [] for reading
#0 [internal function]: CodeIgniter\Debug\Exceptions->shutdownHandler()
#1 {main}
CRITICAL - 2023-06-29 00:46:27 --> Undefined variable: result
#0 C:\wamp64\www\e_comerce\app\Views\product\mainProduct.php(23): CodeIgniter\Debug\Exceptions->errorHandler(8, 'Undefined varia...', 'C:\\wamp64\\www\\e...', 23, Array)
#1 C:\wamp64\www\e_comerce\system\View\View.php(246): include('C:\\wamp64\\www\\e...')
#2 C:\wamp64\www\e_comerce\system\Common.php(1119): CodeIgniter\View\View->render('product/mainPro...', Array, true)
#3 C:\wamp64\www\e_comerce\app\Views\layout\main.php(65): view('product/mainPro...')
#4 C:\wamp64\www\e_comerce\system\View\View.php(246): include('C:\\wamp64\\www\\e...')
#5 C:\wamp64\www\e_comerce\system\Common.php(1119): CodeIgniter\View\View->render('layout/main', Array, true)
#6 C:\wamp64\www\e_comerce\app\Controllers\Product.php(32): view('layout/main', Array)
#7 C:\wamp64\www\e_comerce\system\CodeIgniter.php(918): App\Controllers\Product->index()
#8 C:\wamp64\www\e_comerce\system\CodeIgniter.php(404): CodeIgniter\CodeIgniter->runController(Object(App\Controllers\Product))
#9 C:\wamp64\www\e_comerce\system\CodeIgniter.php(312): CodeIgniter\CodeIgniter->handleRequest(NULL, Object(Config\Cache), false)
#10 C:\wamp64\www\e_comerce\public\index.php(44): CodeIgniter\CodeIgniter->run()
#11 {main}
CRITICAL - 2023-06-29 00:46:46 --> Undefined variable: i
#0 C:\wamp64\www\e_comerce\app\Views\product\mainProduct.php(23): CodeIgniter\Debug\Exceptions->errorHandler(8, 'Undefined varia...', 'C:\\wamp64\\www\\e...', 23, Array)
#1 C:\wamp64\www\e_comerce\system\View\View.php(246): include('C:\\wamp64\\www\\e...')
#2 C:\wamp64\www\e_comerce\system\Common.php(1119): CodeIgniter\View\View->render('product/mainPro...', Array, true)
#3 C:\wamp64\www\e_comerce\app\Views\layout\main.php(65): view('product/mainPro...')
#4 C:\wamp64\www\e_comerce\system\View\View.php(246): include('C:\\wamp64\\www\\e...')
#5 C:\wamp64\www\e_comerce\system\Common.php(1119): CodeIgniter\View\View->render('layout/main', Array, true)
#6 C:\wamp64\www\e_comerce\app\Controllers\Product.php(32): view('layout/main', Array)
#7 C:\wamp64\www\e_comerce\system\CodeIgniter.php(918): App\Controllers\Product->index()
#8 C:\wamp64\www\e_comerce\system\CodeIgniter.php(404): CodeIgniter\CodeIgniter->runController(Object(App\Controllers\Product))
#9 C:\wamp64\www\e_comerce\system\CodeIgniter.php(312): CodeIgniter\CodeIgniter->handleRequest(NULL, Object(Config\Cache), false)
#10 C:\wamp64\www\e_comerce\public\index.php(44): CodeIgniter\CodeIgniter->run()
#11 {main}
CRITICAL - 2023-06-29 00:46:54 --> Trying to get property 'productName' of non-object
#0 C:\wamp64\www\e_comerce\app\Views\product\mainProduct.php(23): CodeIgniter\Debug\Exceptions->errorHandler(8, 'Trying to get p...', 'C:\\wamp64\\www\\e...', 23, Array)
#1 C:\wamp64\www\e_comerce\system\View\View.php(246): include('C:\\wamp64\\www\\e...')
#2 C:\wamp64\www\e_comerce\system\Common.php(1119): CodeIgniter\View\View->render('product/mainPro...', Array, true)
#3 C:\wamp64\www\e_comerce\app\Views\layout\main.php(65): view('product/mainPro...')
#4 C:\wamp64\www\e_comerce\system\View\View.php(246): include('C:\\wamp64\\www\\e...')
#5 C:\wamp64\www\e_comerce\system\Common.php(1119): CodeIgniter\View\View->render('layout/main', Array, true)
#6 C:\wamp64\www\e_comerce\app\Controllers\Product.php(32): view('layout/main', Array)
#7 C:\wamp64\www\e_comerce\system\CodeIgniter.php(918): App\Controllers\Product->index()
#8 C:\wamp64\www\e_comerce\system\CodeIgniter.php(404): CodeIgniter\CodeIgniter->runController(Object(App\Controllers\Product))
#9 C:\wamp64\www\e_comerce\system\CodeIgniter.php(312): CodeIgniter\CodeIgniter->handleRequest(NULL, Object(Config\Cache), false)
#10 C:\wamp64\www\e_comerce\public\index.php(44): CodeIgniter\CodeIgniter->run()
#11 {main}
CRITICAL - 2023-06-29 00:47:08 --> Undefined variable: i
#0 C:\wamp64\www\e_comerce\app\Views\product\mainProduct.php(29): CodeIgniter\Debug\Exceptions->errorHandler(8, 'Undefined varia...', 'C:\\wamp64\\www\\e...', 29, Array)
#1 C:\wamp64\www\e_comerce\system\View\View.php(246): include('C:\\wamp64\\www\\e...')
#2 C:\wamp64\www\e_comerce\system\Common.php(1119): CodeIgniter\View\View->render('product/mainPro...', Array, true)
#3 C:\wamp64\www\e_comerce\app\Views\layout\main.php(65): view('product/mainPro...')
#4 C:\wamp64\www\e_comerce\system\View\View.php(246): include('C:\\wamp64\\www\\e...')
#5 C:\wamp64\www\e_comerce\system\Common.php(1119): CodeIgniter\View\View->render('layout/main', Array, true)
#6 C:\wamp64\www\e_comerce\app\Controllers\Product.php(32): view('layout/main', Array)
#7 C:\wamp64\www\e_comerce\system\CodeIgniter.php(918): App\Controllers\Product->index()
#8 C:\wamp64\www\e_comerce\system\CodeIgniter.php(404): CodeIgniter\CodeIgniter->runController(Object(App\Controllers\Product))
#9 C:\wamp64\www\e_comerce\system\CodeIgniter.php(312): CodeIgniter\CodeIgniter->handleRequest(NULL, Object(Config\Cache), false)
#10 C:\wamp64\www\e_comerce\public\index.php(44): CodeIgniter\CodeIgniter->run()
#11 {main}
CRITICAL - 2023-06-29 00:48:49 --> Undefined variable: i
#0 C:\wamp64\www\e_comerce\app\Views\product\mainProduct.php(29): CodeIgniter\Debug\Exceptions->errorHandler(8, 'Undefined varia...', 'C:\\wamp64\\www\\e...', 29, Array)
#1 C:\wamp64\www\e_comerce\system\View\View.php(246): include('C:\\wamp64\\www\\e...')
#2 C:\wamp64\www\e_comerce\system\Common.php(1119): CodeIgniter\View\View->render('product/mainPro...', Array, true)
#3 C:\wamp64\www\e_comerce\app\Views\layout\main.php(65): view('product/mainPro...')
#4 C:\wamp64\www\e_comerce\system\View\View.php(246): include('C:\\wamp64\\www\\e...')
#5 C:\wamp64\www\e_comerce\system\Common.php(1119): CodeIgniter\View\View->render('layout/main', Array, true)
#6 C:\wamp64\www\e_comerce\app\Controllers\Product.php(33): view('layout/main', Array)
#7 C:\wamp64\www\e_comerce\system\CodeIgniter.php(918): App\Controllers\Product->index()
#8 C:\wamp64\www\e_comerce\system\CodeIgniter.php(404): CodeIgniter\CodeIgniter->runController(Object(App\Controllers\Product))
#9 C:\wamp64\www\e_comerce\system\CodeIgniter.php(312): CodeIgniter\CodeIgniter->handleRequest(NULL, Object(Config\Cache), false)
#10 C:\wamp64\www\e_comerce\public\index.php(44): CodeIgniter\CodeIgniter->run()
#11 {main}
CRITICAL - 2023-06-29 00:48:50 --> Undefined variable: i
#0 C:\wamp64\www\e_comerce\app\Views\product\mainProduct.php(29): CodeIgniter\Debug\Exceptions->errorHandler(8, 'Undefined varia...', 'C:\\wamp64\\www\\e...', 29, Array)
#1 C:\wamp64\www\e_comerce\system\View\View.php(246): include('C:\\wamp64\\www\\e...')
#2 C:\wamp64\www\e_comerce\system\Common.php(1119): CodeIgniter\View\View->render('product/mainPro...', Array, true)
#3 C:\wamp64\www\e_comerce\app\Views\layout\main.php(65): view('product/mainPro...')
#4 C:\wamp64\www\e_comerce\system\View\View.php(246): include('C:\\wamp64\\www\\e...')
#5 C:\wamp64\www\e_comerce\system\Common.php(1119): CodeIgniter\View\View->render('layout/main', Array, true)
#6 C:\wamp64\www\e_comerce\app\Controllers\Product.php(33): view('layout/main', Array)
#7 C:\wamp64\www\e_comerce\system\CodeIgniter.php(918): App\Controllers\Product->index()
#8 C:\wamp64\www\e_comerce\system\CodeIgniter.php(404): CodeIgniter\CodeIgniter->runController(Object(App\Controllers\Product))
#9 C:\wamp64\www\e_comerce\system\CodeIgniter.php(312): CodeIgniter\CodeIgniter->handleRequest(NULL, Object(Config\Cache), false)
#10 C:\wamp64\www\e_comerce\public\index.php(44): CodeIgniter\CodeIgniter->run()
#11 {main}
CRITICAL - 2023-06-29 00:48:51 --> Undefined variable: i
#0 C:\wamp64\www\e_comerce\app\Views\product\mainProduct.php(29): CodeIgniter\Debug\Exceptions->errorHandler(8, 'Undefined varia...', 'C:\\wamp64\\www\\e...', 29, Array)
#1 C:\wamp64\www\e_comerce\system\View\View.php(246): include('C:\\wamp64\\www\\e...')
#2 C:\wamp64\www\e_comerce\system\Common.php(1119): CodeIgniter\View\View->render('product/mainPro...', Array, true)
#3 C:\wamp64\www\e_comerce\app\Views\layout\main.php(65): view('product/mainPro...')
#4 C:\wamp64\www\e_comerce\system\View\View.php(246): include('C:\\wamp64\\www\\e...')
#5 C:\wamp64\www\e_comerce\system\Common.php(1119): CodeIgniter\View\View->render('layout/main', Array, true)
#6 C:\wamp64\www\e_comerce\app\Controllers\Product.php(33): view('layout/main', Array)
#7 C:\wamp64\www\e_comerce\system\CodeIgniter.php(918): App\Controllers\Product->index()
#8 C:\wamp64\www\e_comerce\system\CodeIgniter.php(404): CodeIgniter\CodeIgniter->runController(Object(App\Controllers\Product))
#9 C:\wamp64\www\e_comerce\system\CodeIgniter.php(312): CodeIgniter\CodeIgniter->handleRequest(NULL, Object(Config\Cache), false)
#10 C:\wamp64\www\e_comerce\public\index.php(44): CodeIgniter\CodeIgniter->run()
#11 {main}
CRITICAL - 2023-06-29 00:49:45 --> Undefined variable: categories
#0 C:\wamp64\www\e_comerce\app\Views\modals\subCategory.php(16): CodeIgniter\Debug\Exceptions->errorHandler(8, 'Undefined varia...', 'C:\\wamp64\\www\\e...', 16, Array)
#1 C:\wamp64\www\e_comerce\system\View\View.php(246): include('C:\\wamp64\\www\\e...')
#2 C:\wamp64\www\e_comerce\system\Common.php(1119): CodeIgniter\View\View->render('modals/subCateg...', Array, true)
#3 C:\wamp64\www\e_comerce\app\Controllers\Product.php(59): view('modals/subCateg...', Array)
#4 C:\wamp64\www\e_comerce\system\CodeIgniter.php(918): App\Controllers\Product->showModal()
#5 C:\wamp64\www\e_comerce\system\CodeIgniter.php(404): CodeIgniter\CodeIgniter->runController(Object(App\Controllers\Product))
#6 C:\wamp64\www\e_comerce\system\CodeIgniter.php(312): CodeIgniter\CodeIgniter->handleRequest(NULL, Object(Config\Cache), false)
#7 C:\wamp64\www\e_comerce\public\index.php(44): CodeIgniter\CodeIgniter->run()
#8 {main}
CRITICAL - 2023-06-29 01:11:42 --> Undefined variable: i
#0 C:\wamp64\www\e_comerce\app\Views\product\mainProduct.php(29): CodeIgniter\Debug\Exceptions->errorHandler(8, 'Undefined varia...', 'C:\\wamp64\\www\\e...', 29, Array)
#1 C:\wamp64\www\e_comerce\system\View\View.php(246): include('C:\\wamp64\\www\\e...')
#2 C:\wamp64\www\e_comerce\system\Common.php(1119): CodeIgniter\View\View->render('product/mainPro...', Array, true)
#3 C:\wamp64\www\e_comerce\app\Views\layout\main.php(65): view('product/mainPro...')
#4 C:\wamp64\www\e_comerce\system\View\View.php(246): include('C:\\wamp64\\www\\e...')
#5 C:\wamp64\www\e_comerce\system\Common.php(1119): CodeIgniter\View\View->render('layout/main', Array, true)
#6 C:\wamp64\www\e_comerce\app\Controllers\Product.php(33): view('layout/main', Array)
#7 C:\wamp64\www\e_comerce\system\CodeIgniter.php(918): App\Controllers\Product->index()
#8 C:\wamp64\www\e_comerce\system\CodeIgniter.php(404): CodeIgniter\CodeIgniter->runController(Object(App\Controllers\Product))
#9 C:\wamp64\www\e_comerce\system\CodeIgniter.php(312): CodeIgniter\CodeIgniter->handleRequest(NULL, Object(Config\Cache), false)
#10 C:\wamp64\www\e_comerce\public\index.php(44): CodeIgniter\CodeIgniter->run()
#11 {main}
CRITICAL - 2023-06-29 10:21:41 --> Trying to access array offset on value of type null
#0 C:\wamp64\www\e_comerce\app\Controllers\Product.php(19): CodeIgniter\Debug\Exceptions->errorHandler(8, 'Trying to acces...', 'C:\\wamp64\\www\\e...', 19, Array)
#1 C:\wamp64\www\e_comerce\system\CodeIgniter.php(918): App\Controllers\Product->index()
#2 C:\wamp64\www\e_comerce\system\CodeIgniter.php(404): CodeIgniter\CodeIgniter->runController(Object(App\Controllers\Product))
#3 C:\wamp64\www\e_comerce\system\CodeIgniter.php(312): CodeIgniter\CodeIgniter->handleRequest(NULL, Object(Config\Cache), false)
#4 C:\wamp64\www\e_comerce\public\index.php(44): CodeIgniter\CodeIgniter->run()
#5 {main}
CRITICAL - 2023-06-29 10:25:07 --> Invalid file: admin/login.php
#0 C:\wamp64\www\e_comerce\system\View\View.php(228): CodeIgniter\Exceptions\FrameworkException::forInvalidFile('admin/login.php')
#1 C:\wamp64\www\e_comerce\system\Common.php(1119): CodeIgniter\View\View->render('admin/login', Array, true)
#2 C:\wamp64\www\e_comerce\app\Controllers\Home.php(12): view('admin/login')
#3 C:\wamp64\www\e_comerce\system\CodeIgniter.php(918): App\Controllers\Home->index()
#4 C:\wamp64\www\e_comerce\system\CodeIgniter.php(404): CodeIgniter\CodeIgniter->runController(Object(App\Controllers\Home))
#5 C:\wamp64\www\e_comerce\system\CodeIgniter.php(312): CodeIgniter\CodeIgniter->handleRequest(NULL, Object(Config\Cache), false)
#6 C:\wamp64\www\e_comerce\public\index.php(44): CodeIgniter\CodeIgniter->run()
#7 {main}
CRITICAL - 2023-06-29 10:32:42 --> Undefined variable: categories
#0 C:\wamp64\www\e_comerce\app\Views\modals\product.php(23): CodeIgniter\Debug\Exceptions->errorHandler(8, 'Undefined varia...', 'C:\\wamp64\\www\\e...', 23, Array)
#1 C:\wamp64\www\e_comerce\system\View\View.php(246): include('C:\\wamp64\\www\\e...')
#2 C:\wamp64\www\e_comerce\system\Common.php(1119): CodeIgniter\View\View->render('modals/product', Array, true)
#3 C:\wamp64\www\e_comerce\app\Controllers\Product.php(59): view('modals/product', Array)
#4 C:\wamp64\www\e_comerce\system\CodeIgniter.php(918): App\Controllers\Product->showModal()
#5 C:\wamp64\www\e_comerce\system\CodeIgniter.php(404): CodeIgniter\CodeIgniter->runController(Object(App\Controllers\Product))
#6 C:\wamp64\www\e_comerce\system\CodeIgniter.php(312): CodeIgniter\CodeIgniter->handleRequest(NULL, Object(Config\Cache), false)
#7 C:\wamp64\www\e_comerce\public\index.php(44): CodeIgniter\CodeIgniter->run()
#8 {main}
CRITICAL - 2023-06-29 10:53:41 --> Illegal string offset 'name'
#0 C:\wamp64\www\e_comerce\app\Controllers\Product.php(89): CodeIgniter\Debug\Exceptions->errorHandler(2, 'Illegal string ...', 'C:\\wamp64\\www\\e...', 89, Array)
#1 C:\wamp64\www\e_comerce\system\CodeIgniter.php(918): App\Controllers\Product->create()
#2 C:\wamp64\www\e_comerce\system\CodeIgniter.php(404): CodeIgniter\CodeIgniter->runController(Object(App\Controllers\Product))
#3 C:\wamp64\www\e_comerce\system\CodeIgniter.php(312): CodeIgniter\CodeIgniter->handleRequest(NULL, Object(Config\Cache), false)
#4 C:\wamp64\www\e_comerce\public\index.php(44): CodeIgniter\CodeIgniter->run()
#5 {main}
CRITICAL - 2023-06-29 10:57:13 --> Illegal string offset 'name'
#0 C:\wamp64\www\e_comerce\app\Controllers\Product.php(89): CodeIgniter\Debug\Exceptions->errorHandler(2, 'Illegal string ...', 'C:\\wamp64\\www\\e...', 89, Array)
#1 C:\wamp64\www\e_comerce\system\CodeIgniter.php(918): App\Controllers\Product->create()
#2 C:\wamp64\www\e_comerce\system\CodeIgniter.php(404): CodeIgniter\CodeIgniter->runController(Object(App\Controllers\Product))
#3 C:\wamp64\www\e_comerce\system\CodeIgniter.php(312): CodeIgniter\CodeIgniter->handleRequest(NULL, Object(Config\Cache), false)
#4 C:\wamp64\www\e_comerce\public\index.php(44): CodeIgniter\CodeIgniter->run()
#5 {main}
CRITICAL - 2023-06-29 11:02:59 --> Unknown column 'category' in 'field list'
#0 C:\wamp64\www\e_comerce\system\Database\MySQLi\Connection.php(331): mysqli->query('INSERT INTO `pr...')
#1 C:\wamp64\www\e_comerce\system\Database\BaseConnection.php(741): CodeIgniter\Database\MySQLi\Connection->execute('INSERT INTO `pr...')
#2 C:\wamp64\www\e_comerce\system\Database\BaseConnection.php(669): CodeIgniter\Database\BaseConnection->simpleQuery('INSERT INTO `pr...')
#3 C:\wamp64\www\e_comerce\system\Database\BaseBuilder.php(2249): CodeIgniter\Database\BaseConnection->query('INSERT INTO `pr...', Array, false)
#4 C:\wamp64\www\e_comerce\app\Models\MainModel.php(39): CodeIgniter\Database\BaseBuilder->insert(Array)
#5 C:\wamp64\www\e_comerce\app\Controllers\Product.php(98): App\Models\MainModel->objCreate('product', Array)
#6 C:\wamp64\www\e_comerce\system\CodeIgniter.php(918): App\Controllers\Product->create()
#7 C:\wamp64\www\e_comerce\system\CodeIgniter.php(404): CodeIgniter\CodeIgniter->runController(Object(App\Controllers\Product))
#8 C:\wamp64\www\e_comerce\system\CodeIgniter.php(312): CodeIgniter\CodeIgniter->handleRequest(NULL, Object(Config\Cache), false)
#9 C:\wamp64\www\e_comerce\public\index.php(44): CodeIgniter\CodeIgniter->run()
#10 {main}
CRITICAL - 2023-06-29 11:40:47 --> Undefined variable: product
#0 C:\wamp64\www\e_comerce\app\Views\product\mainProduct.php(22): CodeIgniter\Debug\Exceptions->errorHandler(8, 'Undefined varia...', 'C:\\wamp64\\www\\e...', 22, Array)
#1 C:\wamp64\www\e_comerce\system\View\View.php(246): include('C:\\wamp64\\www\\e...')
#2 C:\wamp64\www\e_comerce\system\Common.php(1119): CodeIgniter\View\View->render('product/mainPro...', Array, true)
#3 C:\wamp64\www\e_comerce\app\Views\layout\main.php(65): view('product/mainPro...')
#4 C:\wamp64\www\e_comerce\system\View\View.php(246): include('C:\\wamp64\\www\\e...')
#5 C:\wamp64\www\e_comerce\system\Common.php(1119): CodeIgniter\View\View->render('layout/main', Array, true)
#6 C:\wamp64\www\e_comerce\app\Controllers\Product.php(33): view('layout/main', Array)
#7 C:\wamp64\www\e_comerce\system\CodeIgniter.php(918): App\Controllers\Product->index()
#8 C:\wamp64\www\e_comerce\system\CodeIgniter.php(404): CodeIgniter\CodeIgniter->runController(Object(App\Controllers\Product))
#9 C:\wamp64\www\e_comerce\system\CodeIgniter.php(312): CodeIgniter\CodeIgniter->handleRequest(NULL, Object(Config\Cache), false)
#10 C:\wamp64\www\e_comerce\public\index.php(44): CodeIgniter\CodeIgniter->run()
#11 {main}
CRITICAL - 2023-06-29 13:39:25 --> Trying to access array offset on value of type null
#0 C:\wamp64\www\e_comerce\app\Controllers\Product.php(19): CodeIgniter\Debug\Exceptions->errorHandler(8, 'Trying to acces...', 'C:\\wamp64\\www\\e...', 19, Array)
#1 C:\wamp64\www\e_comerce\system\CodeIgniter.php(918): App\Controllers\Product->index()
#2 C:\wamp64\www\e_comerce\system\CodeIgniter.php(404): CodeIgniter\CodeIgniter->runController(Object(App\Controllers\Product))
#3 C:\wamp64\www\e_comerce\system\CodeIgniter.php(312): CodeIgniter\CodeIgniter->handleRequest(NULL, Object(Config\Cache), false)
#4 C:\wamp64\www\e_comerce\public\index.php(44): CodeIgniter\CodeIgniter->run()
#5 {main}
CRITICAL - 2023-06-29 13:47:13 --> Undefined variable: resultado
#0 C:\wamp64\www\e_comerce\app\Views\product\mainProduct.php(24): CodeIgniter\Debug\Exceptions->errorHandler(8, 'Undefined varia...', 'C:\\wamp64\\www\\e...', 24, Array)
#1 C:\wamp64\www\e_comerce\system\View\View.php(246): include('C:\\wamp64\\www\\e...')
#2 C:\wamp64\www\e_comerce\system\Common.php(1119): CodeIgniter\View\View->render('product/mainPro...', Array, true)
#3 C:\wamp64\www\e_comerce\app\Views\layout\main.php(65): view('product/mainPro...')
#4 C:\wamp64\www\e_comerce\system\View\View.php(246): include('C:\\wamp64\\www\\e...')
#5 C:\wamp64\www\e_comerce\system\Common.php(1119): CodeIgniter\View\View->render('layout/main', Array, true)
#6 C:\wamp64\www\e_comerce\app\Controllers\Product.php(33): view('layout/main', Array)
#7 C:\wamp64\www\e_comerce\system\CodeIgniter.php(918): App\Controllers\Product->index()
#8 C:\wamp64\www\e_comerce\system\CodeIgniter.php(404): CodeIgniter\CodeIgniter->runController(Object(App\Controllers\Product))
#9 C:\wamp64\www\e_comerce\system\CodeIgniter.php(312): CodeIgniter\CodeIgniter->handleRequest(NULL, Object(Config\Cache), false)
#10 C:\wamp64\www\e_comerce\public\index.php(44): CodeIgniter\CodeIgniter->run()
#11 {main}
CRITICAL - 2023-06-29 14:06:03 --> Undefined variable: products
#0 C:\wamp64\www\e_comerce\app\Views\product\mainProduct.php(23): CodeIgniter\Debug\Exceptions->errorHandler(8, 'Undefined varia...', 'C:\\wamp64\\www\\e...', 23, Array)
#1 C:\wamp64\www\e_comerce\system\View\View.php(246): include('C:\\wamp64\\www\\e...')
#2 C:\wamp64\www\e_comerce\system\Common.php(1119): CodeIgniter\View\View->render('product/mainPro...', Array, true)
#3 C:\wamp64\www\e_comerce\app\Views\layout\main.php(65): view('product/mainPro...')
#4 C:\wamp64\www\e_comerce\system\View\View.php(246): include('C:\\wamp64\\www\\e...')
#5 C:\wamp64\www\e_comerce\system\Common.php(1119): CodeIgniter\View\View->render('layout/main', Array, true)
#6 C:\wamp64\www\e_comerce\app\Controllers\Product.php(33): view('layout/main', Array)
#7 C:\wamp64\www\e_comerce\system\CodeIgniter.php(918): App\Controllers\Product->index()
#8 C:\wamp64\www\e_comerce\system\CodeIgniter.php(404): CodeIgniter\CodeIgniter->runController(Object(App\Controllers\Product))
#9 C:\wamp64\www\e_comerce\system\CodeIgniter.php(312): CodeIgniter\CodeIgniter->handleRequest(NULL, Object(Config\Cache), false)
#10 C:\wamp64\www\e_comerce\public\index.php(44): CodeIgniter\CodeIgniter->run()
#11 {main}
CRITICAL - 2023-06-29 14:06:07 --> Undefined variable: products
#0 C:\wamp64\www\e_comerce\app\Views\product\mainProduct.php(23): CodeIgniter\Debug\Exceptions->errorHandler(8, 'Undefined varia...', 'C:\\wamp64\\www\\e...', 23, Array)
#1 C:\wamp64\www\e_comerce\system\View\View.php(246): include('C:\\wamp64\\www\\e...')
#2 C:\wamp64\www\e_comerce\system\Common.php(1119): CodeIgniter\View\View->render('product/mainPro...', Array, true)
#3 C:\wamp64\www\e_comerce\app\Views\layout\main.php(65): view('product/mainPro...')
#4 C:\wamp64\www\e_comerce\system\View\View.php(246): include('C:\\wamp64\\www\\e...')
#5 C:\wamp64\www\e_comerce\system\Common.php(1119): CodeIgniter\View\View->render('layout/main', Array, true)
#6 C:\wamp64\www\e_comerce\app\Controllers\Product.php(33): view('layout/main', Array)
#7 C:\wamp64\www\e_comerce\system\CodeIgniter.php(918): App\Controllers\Product->index()
#8 C:\wamp64\www\e_comerce\system\CodeIgniter.php(404): CodeIgniter\CodeIgniter->runController(Object(App\Controllers\Product))
#9 C:\wamp64\www\e_comerce\system\CodeIgniter.php(312): CodeIgniter\CodeIgniter->handleRequest(NULL, Object(Config\Cache), false)
#10 C:\wamp64\www\e_comerce\public\index.php(44): CodeIgniter\CodeIgniter->run()
#11 {main}
CRITICAL - 2023-06-29 14:07:08 --> You must set the database table to be used with your query.
#0 C:\wamp64\www\e_comerce\system\Model.php(1237): CodeIgniter\Database\BaseConnection->table(NULL)
#1 C:\wamp64\www\e_comerce\system\Model.php(454): CodeIgniter\Model->builder()
#2 C:\wamp64\www\e_comerce\app\Controllers\Product.php(29): CodeIgniter\Model->findAll()
#3 C:\wamp64\www\e_comerce\system\CodeIgniter.php(918): App\Controllers\Product->index()
#4 C:\wamp64\www\e_comerce\system\CodeIgniter.php(404): CodeIgniter\CodeIgniter->runController(Object(App\Controllers\Product))
#5 C:\wamp64\www\e_comerce\system\CodeIgniter.php(312): CodeIgniter\CodeIgniter->handleRequest(NULL, Object(Config\Cache), false)
#6 C:\wamp64\www\e_comerce\public\index.php(44): CodeIgniter\CodeIgniter->run()
#7 {main}
CRITICAL - 2023-06-29 14:07:17 --> You must set the database table to be used with your query.
#0 C:\wamp64\www\e_comerce\system\Model.php(1237): CodeIgniter\Database\BaseConnection->table(NULL)
#1 C:\wamp64\www\e_comerce\system\Model.php(454): CodeIgniter\Model->builder()
#2 C:\wamp64\www\e_comerce\app\Controllers\Product.php(29): CodeIgniter\Model->findAll()
#3 C:\wamp64\www\e_comerce\system\CodeIgniter.php(918): App\Controllers\Product->index()
#4 C:\wamp64\www\e_comerce\system\CodeIgniter.php(404): CodeIgniter\CodeIgniter->runController(Object(App\Controllers\Product))
#5 C:\wamp64\www\e_comerce\system\CodeIgniter.php(312): CodeIgniter\CodeIgniter->handleRequest(NULL, Object(Config\Cache), false)
#6 C:\wamp64\www\e_comerce\public\index.php(44): CodeIgniter\CodeIgniter->run()
#7 {main}
CRITICAL - 2023-06-29 14:08:24 --> You must set the database table to be used with your query.
#0 C:\wamp64\www\e_comerce\system\Model.php(1237): CodeIgniter\Database\BaseConnection->table(NULL)
#1 C:\wamp64\www\e_comerce\system\Model.php(454): CodeIgniter\Model->builder()
#2 C:\wamp64\www\e_comerce\app\Controllers\Product.php(29): CodeIgniter\Model->findAll()
#3 C:\wamp64\www\e_comerce\system\CodeIgniter.php(918): App\Controllers\Product->index()
#4 C:\wamp64\www\e_comerce\system\CodeIgniter.php(404): CodeIgniter\CodeIgniter->runController(Object(App\Controllers\Product))
#5 C:\wamp64\www\e_comerce\system\CodeIgniter.php(312): CodeIgniter\CodeIgniter->handleRequest(NULL, Object(Config\Cache), false)
#6 C:\wamp64\www\e_comerce\public\index.php(44): CodeIgniter\CodeIgniter->run()
#7 {main}
CRITICAL - 2023-06-29 14:08:36 --> You must set the database table to be used with your query.
#0 C:\wamp64\www\e_comerce\system\Model.php(1237): CodeIgniter\Database\BaseConnection->table(NULL)
#1 C:\wamp64\www\e_comerce\system\Model.php(454): CodeIgniter\Model->builder()
#2 C:\wamp64\www\e_comerce\app\Controllers\Product.php(29): CodeIgniter\Model->findAll()
#3 C:\wamp64\www\e_comerce\system\CodeIgniter.php(918): App\Controllers\Product->index()
#4 C:\wamp64\www\e_comerce\system\CodeIgniter.php(404): CodeIgniter\CodeIgniter->runController(Object(App\Controllers\Product))
#5 C:\wamp64\www\e_comerce\system\CodeIgniter.php(312): CodeIgniter\CodeIgniter->handleRequest(NULL, Object(Config\Cache), false)
#6 C:\wamp64\www\e_comerce\public\index.php(44): CodeIgniter\CodeIgniter->run()
#7 {main}
CRITICAL - 2023-06-29 14:11:16 --> Call to undefined method CodeIgniter\HTTP\IncomingRequest::table()
#0 C:\wamp64\www\e_comerce\system\CodeIgniter.php(918): App\Controllers\Product->index()
#1 C:\wamp64\www\e_comerce\system\CodeIgniter.php(404): CodeIgniter\CodeIgniter->runController(Object(App\Controllers\Product))
#2 C:\wamp64\www\e_comerce\system\CodeIgniter.php(312): CodeIgniter\CodeIgniter->handleRequest(NULL, Object(Config\Cache), false)
#3 C:\wamp64\www\e_comerce\public\index.php(44): CodeIgniter\CodeIgniter->run()
#4 {main}
CRITICAL - 2023-06-29 14:13:13 --> Argument 1 passed to CodeIgniter\Model::findAll() must be of the type int, string given, called in C:\wamp64\www\e_comerce\app\Controllers\Product.php on line 31
#0 C:\wamp64\www\e_comerce\app\Controllers\Product.php(31): CodeIgniter\Model->findAll('product')
#1 C:\wamp64\www\e_comerce\system\CodeIgniter.php(918): App\Controllers\Product->index()
#2 C:\wamp64\www\e_comerce\system\CodeIgniter.php(404): CodeIgniter\CodeIgniter->runController(Object(App\Controllers\Product))
#3 C:\wamp64\www\e_comerce\system\CodeIgniter.php(312): CodeIgniter\CodeIgniter->handleRequest(NULL, Object(Config\Cache), false)
#4 C:\wamp64\www\e_comerce\public\index.php(44): CodeIgniter\CodeIgniter->run()
#5 {main}
CRITICAL - 2023-06-29 14:13:20 --> You must set the database table to be used with your query.
#0 C:\wamp64\www\e_comerce\system\Model.php(1237): CodeIgniter\Database\BaseConnection->table(NULL)
#1 C:\wamp64\www\e_comerce\system\Model.php(454): CodeIgniter\Model->builder()
#2 C:\wamp64\www\e_comerce\app\Controllers\Product.php(31): CodeIgniter\Model->findAll()
#3 C:\wamp64\www\e_comerce\system\CodeIgniter.php(918): App\Controllers\Product->index()
#4 C:\wamp64\www\e_comerce\system\CodeIgniter.php(404): CodeIgniter\CodeIgniter->runController(Object(App\Controllers\Product))
#5 C:\wamp64\www\e_comerce\system\CodeIgniter.php(312): CodeIgniter\CodeIgniter->handleRequest(NULL, Object(Config\Cache), false)
#6 C:\wamp64\www\e_comerce\public\index.php(44): CodeIgniter\CodeIgniter->run()
#7 {main}
CRITICAL - 2023-06-29 14:15:35 --> You must set the database table to be used with your query.
#0 C:\wamp64\www\e_comerce\system\Model.php(1237): CodeIgniter\Database\BaseConnection->table(NULL)
#1 C:\wamp64\www\e_comerce\system\Model.php(454): CodeIgniter\Model->builder()
#2 C:\wamp64\www\e_comerce\app\Controllers\Product.php(32): CodeIgniter\Model->findAll()
#3 C:\wamp64\www\e_comerce\system\CodeIgniter.php(918): App\Controllers\Product->index()
#4 C:\wamp64\www\e_comerce\system\CodeIgniter.php(404): CodeIgniter\CodeIgniter->runController(Object(App\Controllers\Product))
#5 C:\wamp64\www\e_comerce\system\CodeIgniter.php(312): CodeIgniter\CodeIgniter->handleRequest(NULL, Object(Config\Cache), false)
#6 C:\wamp64\www\e_comerce\public\index.php(44): CodeIgniter\CodeIgniter->run()
#7 {main}
CRITICAL - 2023-06-29 14:15:36 --> You must set the database table to be used with your query.
#0 C:\wamp64\www\e_comerce\system\Model.php(1237): CodeIgniter\Database\BaseConnection->table(NULL)
#1 C:\wamp64\www\e_comerce\system\Model.php(454): CodeIgniter\Model->builder()
#2 C:\wamp64\www\e_comerce\app\Controllers\Product.php(32): CodeIgniter\Model->findAll()
#3 C:\wamp64\www\e_comerce\system\CodeIgniter.php(918): App\Controllers\Product->index()
#4 C:\wamp64\www\e_comerce\system\CodeIgniter.php(404): CodeIgniter\CodeIgniter->runController(Object(App\Controllers\Product))
#5 C:\wamp64\www\e_comerce\system\CodeIgniter.php(312): CodeIgniter\CodeIgniter->handleRequest(NULL, Object(Config\Cache), false)
#6 C:\wamp64\www\e_comerce\public\index.php(44): CodeIgniter\CodeIgniter->run()
#7 {main}
CRITICAL - 2023-06-29 14:15:38 --> You must set the database table to be used with your query.
#0 C:\wamp64\www\e_comerce\system\Model.php(1237): CodeIgniter\Database\BaseConnection->table(NULL)
#1 C:\wamp64\www\e_comerce\system\Model.php(454): CodeIgniter\Model->builder()
#2 C:\wamp64\www\e_comerce\app\Controllers\Product.php(32): CodeIgniter\Model->findAll()
#3 C:\wamp64\www\e_comerce\system\CodeIgniter.php(918): App\Controllers\Product->index()
#4 C:\wamp64\www\e_comerce\system\CodeIgniter.php(404): CodeIgniter\CodeIgniter->runController(Object(App\Controllers\Product))
#5 C:\wamp64\www\e_comerce\system\CodeIgniter.php(312): CodeIgniter\CodeIgniter->handleRequest(NULL, Object(Config\Cache), false)
#6 C:\wamp64\www\e_comerce\public\index.php(44): CodeIgniter\CodeIgniter->run()
#7 {main}
CRITICAL - 2023-06-29 14:17:29 --> Cannot use object of type stdClass as array
#0 C:\wamp64\www\e_comerce\system\View\View.php(246): include()
#1 C:\wamp64\www\e_comerce\system\Common.php(1119): CodeIgniter\View\View->render('product/mainPro...', Array, true)
#2 C:\wamp64\www\e_comerce\app\Views\layout\main.php(65): view('product/mainPro...')
#3 C:\wamp64\www\e_comerce\system\View\View.php(246): include('C:\\wamp64\\www\\e...')
#4 C:\wamp64\www\e_comerce\system\Common.php(1119): CodeIgniter\View\View->render('layout/main', Array, true)
#5 C:\wamp64\www\e_comerce\app\Controllers\Product.php(35): view('layout/main', Array)
#6 C:\wamp64\www\e_comerce\system\CodeIgniter.php(918): App\Controllers\Product->index()
#7 C:\wamp64\www\e_comerce\system\CodeIgniter.php(404): CodeIgniter\CodeIgniter->runController(Object(App\Controllers\Product))
#8 C:\wamp64\www\e_comerce\system\CodeIgniter.php(312): CodeIgniter\CodeIgniter->handleRequest(NULL, Object(Config\Cache), false)
#9 C:\wamp64\www\e_comerce\public\index.php(44): CodeIgniter\CodeIgniter->run()
#10 {main}
CRITICAL - 2023-06-29 14:27:26 --> Undefined offset: 0
#0 C:\wamp64\www\e_comerce\app\Views\modals\product.php(25): CodeIgniter\Debug\Exceptions->errorHandler(8, 'Undefined offse...', 'C:\\wamp64\\www\\e...', 25, Array)
#1 C:\wamp64\www\e_comerce\system\View\View.php(246): include('C:\\wamp64\\www\\e...')
#2 C:\wamp64\www\e_comerce\system\Common.php(1119): CodeIgniter\View\View->render('modals/product', Array, true)
#3 C:\wamp64\www\e_comerce\app\Controllers\Product.php(62): view('modals/product', Array)
#4 C:\wamp64\www\e_comerce\system\CodeIgniter.php(918): App\Controllers\Product->showModal()
#5 C:\wamp64\www\e_comerce\system\CodeIgniter.php(404): CodeIgniter\CodeIgniter->runController(Object(App\Controllers\Product))
#6 C:\wamp64\www\e_comerce\system\CodeIgniter.php(312): CodeIgniter\CodeIgniter->handleRequest(NULL, Object(Config\Cache), false)
#7 C:\wamp64\www\e_comerce\public\index.php(44): CodeIgniter\CodeIgniter->run()
#8 {main}
CRITICAL - 2023-06-29 14:27:30 --> Undefined offset: 0
#0 C:\wamp64\www\e_comerce\app\Views\modals\product.php(25): CodeIgniter\Debug\Exceptions->errorHandler(8, 'Undefined offse...', 'C:\\wamp64\\www\\e...', 25, Array)
#1 C:\wamp64\www\e_comerce\system\View\View.php(246): include('C:\\wamp64\\www\\e...')
#2 C:\wamp64\www\e_comerce\system\Common.php(1119): CodeIgniter\View\View->render('modals/product', Array, true)
#3 C:\wamp64\www\e_comerce\app\Controllers\Product.php(62): view('modals/product', Array)
#4 C:\wamp64\www\e_comerce\system\CodeIgniter.php(918): App\Controllers\Product->showModal()
#5 C:\wamp64\www\e_comerce\system\CodeIgniter.php(404): CodeIgniter\CodeIgniter->runController(Object(App\Controllers\Product))
#6 C:\wamp64\www\e_comerce\system\CodeIgniter.php(312): CodeIgniter\CodeIgniter->handleRequest(NULL, Object(Config\Cache), false)
#7 C:\wamp64\www\e_comerce\public\index.php(44): CodeIgniter\CodeIgniter->run()
#8 {main}
CRITICAL - 2023-06-29 14:37:13 --> Undefined offset: 0
#0 C:\wamp64\www\e_comerce\app\Views\modals\product.php(25): CodeIgniter\Debug\Exceptions->errorHandler(8, 'Undefined offse...', 'C:\\wamp64\\www\\e...', 25, Array)
#1 C:\wamp64\www\e_comerce\system\View\View.php(246): include('C:\\wamp64\\www\\e...')
#2 C:\wamp64\www\e_comerce\system\Common.php(1119): CodeIgniter\View\View->render('modals/product', Array, true)
#3 C:\wamp64\www\e_comerce\app\Controllers\Product.php(63): view('modals/product', Array)
#4 C:\wamp64\www\e_comerce\system\CodeIgniter.php(918): App\Controllers\Product->showModal()
#5 C:\wamp64\www\e_comerce\system\CodeIgniter.php(404): CodeIgniter\CodeIgniter->runController(Object(App\Controllers\Product))
#6 C:\wamp64\www\e_comerce\system\CodeIgniter.php(312): CodeIgniter\CodeIgniter->handleRequest(NULL, Object(Config\Cache), false)
#7 C:\wamp64\www\e_comerce\public\index.php(44): CodeIgniter\CodeIgniter->run()
#8 {main}
CRITICAL - 2023-06-29 14:39:18 --> Undefined offset: 0
#0 C:\wamp64\www\e_comerce\app\Views\modals\product.php(25): CodeIgniter\Debug\Exceptions->errorHandler(8, 'Undefined offse...', 'C:\\wamp64\\www\\e...', 25, Array)
#1 C:\wamp64\www\e_comerce\system\View\View.php(246): include('C:\\wamp64\\www\\e...')
#2 C:\wamp64\www\e_comerce\system\Common.php(1119): CodeIgniter\View\View->render('modals/product', Array, true)
#3 C:\wamp64\www\e_comerce\app\Controllers\Product.php(63): view('modals/product', Array)
#4 C:\wamp64\www\e_comerce\system\CodeIgniter.php(918): App\Controllers\Product->showModal()
#5 C:\wamp64\www\e_comerce\system\CodeIgniter.php(404): CodeIgniter\CodeIgniter->runController(Object(App\Controllers\Product))
#6 C:\wamp64\www\e_comerce\system\CodeIgniter.php(312): CodeIgniter\CodeIgniter->handleRequest(NULL, Object(Config\Cache), false)
#7 C:\wamp64\www\e_comerce\public\index.php(44): CodeIgniter\CodeIgniter->run()
#8 {main}
CRITICAL - 2023-06-29 14:39:24 --> Undefined offset: 0
#0 C:\wamp64\www\e_comerce\app\Views\modals\product.php(25): CodeIgniter\Debug\Exceptions->errorHandler(8, 'Undefined offse...', 'C:\\wamp64\\www\\e...', 25, Array)
#1 C:\wamp64\www\e_comerce\system\View\View.php(246): include('C:\\wamp64\\www\\e...')
#2 C:\wamp64\www\e_comerce\system\Common.php(1119): CodeIgniter\View\View->render('modals/product', Array, true)
#3 C:\wamp64\www\e_comerce\app\Controllers\Product.php(63): view('modals/product', Array)
#4 C:\wamp64\www\e_comerce\system\CodeIgniter.php(918): App\Controllers\Product->showModal()
#5 C:\wamp64\www\e_comerce\system\CodeIgniter.php(404): CodeIgniter\CodeIgniter->runController(Object(App\Controllers\Product))
#6 C:\wamp64\www\e_comerce\system\CodeIgniter.php(312): CodeIgniter\CodeIgniter->handleRequest(NULL, Object(Config\Cache), false)
#7 C:\wamp64\www\e_comerce\public\index.php(44): CodeIgniter\CodeIgniter->run()
#8 {main}
CRITICAL - 2023-06-29 14:51:19 --> Trying to get property 'name' of non-object
#0 C:\wamp64\www\e_comerce\app\Views\modals\product.php(14): CodeIgniter\Debug\Exceptions->errorHandler(8, 'Trying to get p...', 'C:\\wamp64\\www\\e...', 14, Array)
#1 C:\wamp64\www\e_comerce\system\View\View.php(246): include('C:\\wamp64\\www\\e...')
#2 C:\wamp64\www\e_comerce\system\Common.php(1119): CodeIgniter\View\View->render('modals/product', Array, true)
#3 C:\wamp64\www\e_comerce\app\Controllers\Product.php(63): view('modals/product', Array)
#4 C:\wamp64\www\e_comerce\system\CodeIgniter.php(918): App\Controllers\Product->showModal()
#5 C:\wamp64\www\e_comerce\system\CodeIgniter.php(404): CodeIgniter\CodeIgniter->runController(Object(App\Controllers\Product))
#6 C:\wamp64\www\e_comerce\system\CodeIgniter.php(312): CodeIgniter\CodeIgniter->handleRequest(NULL, Object(Config\Cache), false)
#7 C:\wamp64\www\e_comerce\public\index.php(44): CodeIgniter\CodeIgniter->run()
#8 {main}
CRITICAL - 2023-06-29 14:51:33 --> Trying to get property 'name' of non-object
#0 C:\wamp64\www\e_comerce\app\Views\modals\product.php(14): CodeIgniter\Debug\Exceptions->errorHandler(8, 'Trying to get p...', 'C:\\wamp64\\www\\e...', 14, Array)
#1 C:\wamp64\www\e_comerce\system\View\View.php(246): include('C:\\wamp64\\www\\e...')
#2 C:\wamp64\www\e_comerce\system\Common.php(1119): CodeIgniter\View\View->render('modals/product', Array, true)
#3 C:\wamp64\www\e_comerce\app\Controllers\Product.php(63): view('modals/product', Array)
#4 C:\wamp64\www\e_comerce\system\CodeIgniter.php(918): App\Controllers\Product->showModal()
#5 C:\wamp64\www\e_comerce\system\CodeIgniter.php(404): CodeIgniter\CodeIgniter->runController(Object(App\Controllers\Product))
#6 C:\wamp64\www\e_comerce\system\CodeIgniter.php(312): CodeIgniter\CodeIgniter->handleRequest(NULL, Object(Config\Cache), false)
#7 C:\wamp64\www\e_comerce\public\index.php(44): CodeIgniter\CodeIgniter->run()
#8 {main}
CRITICAL - 2023-06-29 14:51:42 --> Trying to get property 'name' of non-object
#0 C:\wamp64\www\e_comerce\app\Views\modals\product.php(14): CodeIgniter\Debug\Exceptions->errorHandler(8, 'Trying to get p...', 'C:\\wamp64\\www\\e...', 14, Array)
#1 C:\wamp64\www\e_comerce\system\View\View.php(246): include('C:\\wamp64\\www\\e...')
#2 C:\wamp64\www\e_comerce\system\Common.php(1119): CodeIgniter\View\View->render('modals/product', Array, true)
#3 C:\wamp64\www\e_comerce\app\Controllers\Product.php(63): view('modals/product', Array)
#4 C:\wamp64\www\e_comerce\system\CodeIgniter.php(918): App\Controllers\Product->showModal()
#5 C:\wamp64\www\e_comerce\system\CodeIgniter.php(404): CodeIgniter\CodeIgniter->runController(Object(App\Controllers\Product))
#6 C:\wamp64\www\e_comerce\system\CodeIgniter.php(312): CodeIgniter\CodeIgniter->handleRequest(NULL, Object(Config\Cache), false)
#7 C:\wamp64\www\e_comerce\public\index.php(44): CodeIgniter\CodeIgniter->run()
#8 {main}
CRITICAL - 2023-06-29 14:59:57 --> Undefined offset: 0
#0 C:\wamp64\www\e_comerce\app\Views\modals\product.php(25): CodeIgniter\Debug\Exceptions->errorHandler(8, 'Undefined offse...', 'C:\\wamp64\\www\\e...', 25, Array)
#1 C:\wamp64\www\e_comerce\system\View\View.php(246): include('C:\\wamp64\\www\\e...')
#2 C:\wamp64\www\e_comerce\system\Common.php(1119): CodeIgniter\View\View->render('modals/product', Array, true)
#3 C:\wamp64\www\e_comerce\app\Controllers\Product.php(67): view('modals/product', Array)
#4 C:\wamp64\www\e_comerce\system\CodeIgniter.php(918): App\Controllers\Product->showModal()
#5 C:\wamp64\www\e_comerce\system\CodeIgniter.php(404): CodeIgniter\CodeIgniter->runController(Object(App\Controllers\Product))
#6 C:\wamp64\www\e_comerce\system\CodeIgniter.php(312): CodeIgniter\CodeIgniter->handleRequest(NULL, Object(Config\Cache), false)
#7 C:\wamp64\www\e_comerce\public\index.php(44): CodeIgniter\CodeIgniter->run()
#8 {main}
CRITICAL - 2023-06-29 15:00:10 --> Undefined offset: 0
#0 C:\wamp64\www\e_comerce\app\Views\modals\product.php(25): CodeIgniter\Debug\Exceptions->errorHandler(8, 'Undefined offse...', 'C:\\wamp64\\www\\e...', 25, Array)
#1 C:\wamp64\www\e_comerce\system\View\View.php(246): include('C:\\wamp64\\www\\e...')
#2 C:\wamp64\www\e_comerce\system\Common.php(1119): CodeIgniter\View\View->render('modals/product', Array, true)
#3 C:\wamp64\www\e_comerce\app\Controllers\Product.php(68): view('modals/product', Array)
#4 C:\wamp64\www\e_comerce\system\CodeIgniter.php(918): App\Controllers\Product->showModal()
#5 C:\wamp64\www\e_comerce\system\CodeIgniter.php(404): CodeIgniter\CodeIgniter->runController(Object(App\Controllers\Product))
#6 C:\wamp64\www\e_comerce\system\CodeIgniter.php(312): CodeIgniter\CodeIgniter->handleRequest(NULL, Object(Config\Cache), false)
#7 C:\wamp64\www\e_comerce\public\index.php(44): CodeIgniter\CodeIgniter->run()
#8 {main}
CRITICAL - 2023-06-29 15:00:39 --> Undefined offset: 0
#0 C:\wamp64\www\e_comerce\app\Views\modals\product.php(25): CodeIgniter\Debug\Exceptions->errorHandler(8, 'Undefined offse...', 'C:\\wamp64\\www\\e...', 25, Array)
#1 C:\wamp64\www\e_comerce\system\View\View.php(246): include('C:\\wamp64\\www\\e...')
#2 C:\wamp64\www\e_comerce\system\Common.php(1119): CodeIgniter\View\View->render('modals/product', Array, true)
#3 C:\wamp64\www\e_comerce\app\Controllers\Product.php(68): view('modals/product', Array)
#4 C:\wamp64\www\e_comerce\system\CodeIgniter.php(918): App\Controllers\Product->showModal()
#5 C:\wamp64\www\e_comerce\system\CodeIgniter.php(404): CodeIgniter\CodeIgniter->runController(Object(App\Controllers\Product))
#6 C:\wamp64\www\e_comerce\system\CodeIgniter.php(312): CodeIgniter\CodeIgniter->handleRequest(NULL, Object(Config\Cache), false)
#7 C:\wamp64\www\e_comerce\public\index.php(44): CodeIgniter\CodeIgniter->run()
#8 {main}
CRITICAL - 2023-06-29 15:01:59 --> Undefined offset: 0
#0 C:\wamp64\www\e_comerce\app\Views\modals\product.php(25): CodeIgniter\Debug\Exceptions->errorHandler(8, 'Undefined offse...', 'C:\\wamp64\\www\\e...', 25, Array)
#1 C:\wamp64\www\e_comerce\system\View\View.php(246): include('C:\\wamp64\\www\\e...')
#2 C:\wamp64\www\e_comerce\system\Common.php(1119): CodeIgniter\View\View->render('modals/product', Array, true)
#3 C:\wamp64\www\e_comerce\app\Controllers\Product.php(67): view('modals/product', Array)
#4 C:\wamp64\www\e_comerce\system\CodeIgniter.php(918): App\Controllers\Product->showModal()
#5 C:\wamp64\www\e_comerce\system\CodeIgniter.php(404): CodeIgniter\CodeIgniter->runController(Object(App\Controllers\Product))
#6 C:\wamp64\www\e_comerce\system\CodeIgniter.php(312): CodeIgniter\CodeIgniter->handleRequest(NULL, Object(Config\Cache), false)
#7 C:\wamp64\www\e_comerce\public\index.php(44): CodeIgniter\CodeIgniter->run()
#8 {main}
CRITICAL - 2023-06-29 15:02:07 --> Undefined offset: 0
#0 C:\wamp64\www\e_comerce\app\Views\modals\product.php(25): CodeIgniter\Debug\Exceptions->errorHandler(8, 'Undefined offse...', 'C:\\wamp64\\www\\e...', 25, Array)
#1 C:\wamp64\www\e_comerce\system\View\View.php(246): include('C:\\wamp64\\www\\e...')
#2 C:\wamp64\www\e_comerce\system\Common.php(1119): CodeIgniter\View\View->render('modals/product', Array, true)
#3 C:\wamp64\www\e_comerce\app\Controllers\Product.php(67): view('modals/product', Array)
#4 C:\wamp64\www\e_comerce\system\CodeIgniter.php(918): App\Controllers\Product->showModal()
#5 C:\wamp64\www\e_comerce\system\CodeIgniter.php(404): CodeIgniter\CodeIgniter->runController(Object(App\Controllers\Product))
#6 C:\wamp64\www\e_comerce\system\CodeIgniter.php(312): CodeIgniter\CodeIgniter->handleRequest(NULL, Object(Config\Cache), false)
#7 C:\wamp64\www\e_comerce\public\index.php(44): CodeIgniter\CodeIgniter->run()
#8 {main}
CRITICAL - 2023-06-29 15:24:14 --> Column 'fkCategory' cannot be null
#0 C:\wamp64\www\e_comerce\system\Database\MySQLi\Connection.php(331): mysqli->query('INSERT INTO `pr...')
#1 C:\wamp64\www\e_comerce\system\Database\BaseConnection.php(741): CodeIgniter\Database\MySQLi\Connection->execute('INSERT INTO `pr...')
#2 C:\wamp64\www\e_comerce\system\Database\BaseConnection.php(669): CodeIgniter\Database\BaseConnection->simpleQuery('INSERT INTO `pr...')
#3 C:\wamp64\www\e_comerce\system\Database\BaseBuilder.php(2249): CodeIgniter\Database\BaseConnection->query('INSERT INTO `pr...', Array, false)
#4 C:\wamp64\www\e_comerce\app\Models\MainModel.php(39): CodeIgniter\Database\BaseBuilder->insert(Array)
#5 C:\wamp64\www\e_comerce\app\Controllers\Product.php(104): App\Models\MainModel->objCreate('product', Array)
#6 C:\wamp64\www\e_comerce\system\CodeIgniter.php(918): App\Controllers\Product->create()
#7 C:\wamp64\www\e_comerce\system\CodeIgniter.php(404): CodeIgniter\CodeIgniter->runController(Object(App\Controllers\Product))
#8 C:\wamp64\www\e_comerce\system\CodeIgniter.php(312): CodeIgniter\CodeIgniter->handleRequest(NULL, Object(Config\Cache), false)
#9 C:\wamp64\www\e_comerce\public\index.php(44): CodeIgniter\CodeIgniter->run()
#10 {main}
CRITICAL - 2023-06-29 15:35:17 --> Unknown column 'A' in 'where clause'
#0 C:\wamp64\www\e_comerce\system\Database\MySQLi\Connection.php(331): mysqli->query('SELECT *\nFROM `...')
#1 C:\wamp64\www\e_comerce\system\Database\BaseConnection.php(741): CodeIgniter\Database\MySQLi\Connection->execute('SELECT *\nFROM `...')
#2 C:\wamp64\www\e_comerce\system\Database\BaseConnection.php(669): CodeIgniter\Database\BaseConnection->simpleQuery('SELECT *\nFROM `...')
#3 C:\wamp64\www\e_comerce\system\Database\BaseBuilder.php(1860): CodeIgniter\Database\BaseConnection->query('SELECT *\nFROM `...', Array, false)
#4 C:\wamp64\www\e_comerce\app\Models\MainModel.php(33): CodeIgniter\Database\BaseBuilder->get()
#5 C:\wamp64\www\e_comerce\app\Controllers\Product.php(138): App\Models\MainModel->checkDuplicate('product', 'A', NULL)
#6 C:\wamp64\www\e_comerce\system\CodeIgniter.php(918): App\Controllers\Product->update()
#7 C:\wamp64\www\e_comerce\system\CodeIgniter.php(404): CodeIgniter\CodeIgniter->runController(Object(App\Controllers\Product))
#8 C:\wamp64\www\e_comerce\system\CodeIgniter.php(312): CodeIgniter\CodeIgniter->handleRequest(NULL, Object(Config\Cache), false)
#9 C:\wamp64\www\e_comerce\public\index.php(44): CodeIgniter\CodeIgniter->run()
#10 {main}
CRITICAL - 2023-06-29 15:40:44 --> Unknown column 'S' in 'where clause'
#0 C:\wamp64\www\e_comerce\system\Database\MySQLi\Connection.php(331): mysqli->query('SELECT *\nFROM `...')
#1 C:\wamp64\www\e_comerce\system\Database\BaseConnection.php(741): CodeIgniter\Database\MySQLi\Connection->execute('SELECT *\nFROM `...')
#2 C:\wamp64\www\e_comerce\system\Database\BaseConnection.php(669): CodeIgniter\Database\BaseConnection->simpleQuery('SELECT *\nFROM `...')
#3 C:\wamp64\www\e_comerce\system\Database\BaseBuilder.php(1860): CodeIgniter\Database\BaseConnection->query('SELECT *\nFROM `...', Array, false)
#4 C:\wamp64\www\e_comerce\app\Models\MainModel.php(33): CodeIgniter\Database\BaseBuilder->get()
#5 C:\wamp64\www\e_comerce\app\Controllers\Product.php(138): App\Models\MainModel->checkDuplicate('product', 'S', NULL)
#6 C:\wamp64\www\e_comerce\system\CodeIgniter.php(918): App\Controllers\Product->update()
#7 C:\wamp64\www\e_comerce\system\CodeIgniter.php(404): CodeIgniter\CodeIgniter->runController(Object(App\Controllers\Product))
#8 C:\wamp64\www\e_comerce\system\CodeIgniter.php(312): CodeIgniter\CodeIgniter->handleRequest(NULL, Object(Config\Cache), false)
#9 C:\wamp64\www\e_comerce\public\index.php(44): CodeIgniter\CodeIgniter->run()
#10 {main}
CRITICAL - 2023-06-29 15:42:59 --> Unknown column 'A' in 'where clause'
#0 C:\wamp64\www\e_comerce\system\Database\MySQLi\Connection.php(331): mysqli->query('SELECT *\nFROM `...')
#1 C:\wamp64\www\e_comerce\system\Database\BaseConnection.php(741): CodeIgniter\Database\MySQLi\Connection->execute('SELECT *\nFROM `...')
#2 C:\wamp64\www\e_comerce\system\Database\BaseConnection.php(669): CodeIgniter\Database\BaseConnection->simpleQuery('SELECT *\nFROM `...')
#3 C:\wamp64\www\e_comerce\system\Database\BaseBuilder.php(1860): CodeIgniter\Database\BaseConnection->query('SELECT *\nFROM `...', Array, false)
#4 C:\wamp64\www\e_comerce\app\Models\MainModel.php(33): CodeIgniter\Database\BaseBuilder->get()
#5 C:\wamp64\www\e_comerce\app\Controllers\Product.php(138): App\Models\MainModel->checkDuplicate('product', 'A', 'name', NULL)
#6 C:\wamp64\www\e_comerce\system\CodeIgniter.php(918): App\Controllers\Product->update()
#7 C:\wamp64\www\e_comerce\system\CodeIgniter.php(404): CodeIgniter\CodeIgniter->runController(Object(App\Controllers\Product))
#8 C:\wamp64\www\e_comerce\system\CodeIgniter.php(312): CodeIgniter\CodeIgniter->handleRequest(NULL, Object(Config\Cache), false)
#9 C:\wamp64\www\e_comerce\public\index.php(44): CodeIgniter\CodeIgniter->run()
#10 {main}
CRITICAL - 2023-06-29 15:46:16 --> Unknown column 'A' in 'where clause'
#0 C:\wamp64\www\e_comerce\system\Database\MySQLi\Connection.php(331): mysqli->query('SELECT *\nFROM `...')
#1 C:\wamp64\www\e_comerce\system\Database\BaseConnection.php(741): CodeIgniter\Database\MySQLi\Connection->execute('SELECT *\nFROM `...')
#2 C:\wamp64\www\e_comerce\system\Database\BaseConnection.php(669): CodeIgniter\Database\BaseConnection->simpleQuery('SELECT *\nFROM `...')
#3 C:\wamp64\www\e_comerce\system\Database\BaseBuilder.php(1860): CodeIgniter\Database\BaseConnection->query('SELECT *\nFROM `...', Array, false)
#4 C:\wamp64\www\e_comerce\app\Models\MainModel.php(33): CodeIgniter\Database\BaseBuilder->get()
#5 C:\wamp64\www\e_comerce\app\Controllers\Product.php(149): App\Models\MainModel->checkDuplicate('product', 'A', 'name', NULL)
#6 C:\wamp64\www\e_comerce\system\CodeIgniter.php(918): App\Controllers\Product->update()
#7 C:\wamp64\www\e_comerce\system\CodeIgniter.php(404): CodeIgniter\CodeIgniter->runController(Object(App\Controllers\Product))
#8 C:\wamp64\www\e_comerce\system\CodeIgniter.php(312): CodeIgniter\CodeIgniter->handleRequest(NULL, Object(Config\Cache), false)
#9 C:\wamp64\www\e_comerce\public\index.php(44): CodeIgniter\CodeIgniter->run()
#10 {main}
CRITICAL - 2023-06-29 15:47:03 --> Unknown column 'A' in 'where clause'
#0 C:\wamp64\www\e_comerce\system\Database\MySQLi\Connection.php(331): mysqli->query('SELECT *\nFROM `...')
#1 C:\wamp64\www\e_comerce\system\Database\BaseConnection.php(741): CodeIgniter\Database\MySQLi\Connection->execute('SELECT *\nFROM `...')
#2 C:\wamp64\www\e_comerce\system\Database\BaseConnection.php(669): CodeIgniter\Database\BaseConnection->simpleQuery('SELECT *\nFROM `...')
#3 C:\wamp64\www\e_comerce\system\Database\BaseBuilder.php(1860): CodeIgniter\Database\BaseConnection->query('SELECT *\nFROM `...', Array, false)
#4 C:\wamp64\www\e_comerce\app\Models\MainModel.php(33): CodeIgniter\Database\BaseBuilder->get()
#5 C:\wamp64\www\e_comerce\app\Controllers\Product.php(149): App\Models\MainModel->checkDuplicate('product', 'A', 'name', NULL)
#6 C:\wamp64\www\e_comerce\system\CodeIgniter.php(918): App\Controllers\Product->update()
#7 C:\wamp64\www\e_comerce\system\CodeIgniter.php(404): CodeIgniter\CodeIgniter->runController(Object(App\Controllers\Product))
#8 C:\wamp64\www\e_comerce\system\CodeIgniter.php(312): CodeIgniter\CodeIgniter->handleRequest(NULL, Object(Config\Cache), false)
#9 C:\wamp64\www\e_comerce\public\index.php(44): CodeIgniter\CodeIgniter->run()
#10 {main}
CRITICAL - 2023-06-29 15:48:35 --> Unknown column 'Azulejo' in 'where clause'
#0 C:\wamp64\www\e_comerce\system\Database\MySQLi\Connection.php(331): mysqli->query('SELECT *\nFROM `...')
#1 C:\wamp64\www\e_comerce\system\Database\BaseConnection.php(741): CodeIgniter\Database\MySQLi\Connection->execute('SELECT *\nFROM `...')
#2 C:\wamp64\www\e_comerce\system\Database\BaseConnection.php(669): CodeIgniter\Database\BaseConnection->simpleQuery('SELECT *\nFROM `...')
#3 C:\wamp64\www\e_comerce\system\Database\BaseBuilder.php(1860): CodeIgniter\Database\BaseConnection->query('SELECT *\nFROM `...', Array, false)
#4 C:\wamp64\www\e_comerce\app\Models\MainModel.php(33): CodeIgniter\Database\BaseBuilder->get()
#5 C:\wamp64\www\e_comerce\app\Controllers\Product.php(149): App\Models\MainModel->checkDuplicate('product', 'Azulejo', 'name', NULL)
#6 C:\wamp64\www\e_comerce\system\CodeIgniter.php(918): App\Controllers\Product->update()
#7 C:\wamp64\www\e_comerce\system\CodeIgniter.php(404): CodeIgniter\CodeIgniter->runController(Object(App\Controllers\Product))
#8 C:\wamp64\www\e_comerce\system\CodeIgniter.php(312): CodeIgniter\CodeIgniter->handleRequest(NULL, Object(Config\Cache), false)
#9 C:\wamp64\www\e_comerce\public\index.php(44): CodeIgniter\CodeIgniter->run()
#10 {main}
CRITICAL - 2023-06-29 15:58:46 --> Unknown column 'Aaaa' in 'where clause'
#0 C:\wamp64\www\e_comerce\system\Database\MySQLi\Connection.php(331): mysqli->query('SELECT *\nFROM `...')
#1 C:\wamp64\www\e_comerce\system\Database\BaseConnection.php(741): CodeIgniter\Database\MySQLi\Connection->execute('SELECT *\nFROM `...')
#2 C:\wamp64\www\e_comerce\system\Database\BaseConnection.php(669): CodeIgniter\Database\BaseConnection->simpleQuery('SELECT *\nFROM `...')
#3 C:\wamp64\www\e_comerce\system\Database\BaseBuilder.php(1860): CodeIgniter\Database\BaseConnection->query('SELECT *\nFROM `...', Array, false)
#4 C:\wamp64\www\e_comerce\app\Models\MainModel.php(33): CodeIgniter\Database\BaseBuilder->get()
#5 C:\wamp64\www\e_comerce\app\Controllers\Product.php(150): App\Models\MainModel->checkDuplicate('product', 'Aaaa', 'name', NULL)
#6 C:\wamp64\www\e_comerce\system\CodeIgniter.php(918): App\Controllers\Product->update()
#7 C:\wamp64\www\e_comerce\system\CodeIgniter.php(404): CodeIgniter\CodeIgniter->runController(Object(App\Controllers\Product))
#8 C:\wamp64\www\e_comerce\system\CodeIgniter.php(312): CodeIgniter\CodeIgniter->handleRequest(NULL, Object(Config\Cache), false)
#9 C:\wamp64\www\e_comerce\public\index.php(44): CodeIgniter\CodeIgniter->run()
#10 {main}
CRITICAL - 2023-06-29 16:00:49 --> Unknown column 'category' in 'field list'
#0 C:\wamp64\www\e_comerce\system\Database\MySQLi\Connection.php(331): mysqli->query('UPDATE `product...')
#1 C:\wamp64\www\e_comerce\system\Database\BaseConnection.php(741): CodeIgniter\Database\MySQLi\Connection->execute('UPDATE `product...')
#2 C:\wamp64\www\e_comerce\system\Database\BaseConnection.php(669): CodeIgniter\Database\BaseConnection->simpleQuery('UPDATE `product...')
#3 C:\wamp64\www\e_comerce\system\Database\BaseBuilder.php(2456): CodeIgniter\Database\BaseConnection->query('UPDATE `product...', Array, false)
#4 C:\wamp64\www\e_comerce\app\Models\MainModel.php(66): CodeIgniter\Database\BaseBuilder->update(Array)
#5 C:\wamp64\www\e_comerce\app\Controllers\Product.php(163): App\Models\MainModel->objUpdate('product', Array, NULL)
#6 C:\wamp64\www\e_comerce\system\CodeIgniter.php(918): App\Controllers\Product->update()
#7 C:\wamp64\www\e_comerce\system\CodeIgniter.php(404): CodeIgniter\CodeIgniter->runController(Object(App\Controllers\Product))
#8 C:\wamp64\www\e_comerce\system\CodeIgniter.php(312): CodeIgniter\CodeIgniter->handleRequest(NULL, Object(Config\Cache), false)
#9 C:\wamp64\www\e_comerce\public\index.php(44): CodeIgniter\CodeIgniter->run()
#10 {main}
CRITICAL - 2023-06-29 16:07:26 --> Trying to access array offset on value of type null
#0 C:\wamp64\www\e_comerce\app\Controllers\Product.php(19): CodeIgniter\Debug\Exceptions->errorHandler(8, 'Trying to acces...', 'C:\\wamp64\\www\\e...', 19, Array)
#1 C:\wamp64\www\e_comerce\system\CodeIgniter.php(918): App\Controllers\Product->index()
#2 C:\wamp64\www\e_comerce\system\CodeIgniter.php(404): CodeIgniter\CodeIgniter->runController(Object(App\Controllers\Product))
#3 C:\wamp64\www\e_comerce\system\CodeIgniter.php(312): CodeIgniter\CodeIgniter->handleRequest(NULL, Object(Config\Cache), false)
#4 C:\wamp64\www\e_comerce\public\index.php(44): CodeIgniter\CodeIgniter->run()
#5 {main}
CRITICAL - 2023-06-29 16:10:06 --> Unknown column 'Aaaaa' in 'where clause'
#0 C:\wamp64\www\e_comerce\system\Database\MySQLi\Connection.php(331): mysqli->query('SELECT *\nFROM `...')
#1 C:\wamp64\www\e_comerce\system\Database\BaseConnection.php(741): CodeIgniter\Database\MySQLi\Connection->execute('SELECT *\nFROM `...')
#2 C:\wamp64\www\e_comerce\system\Database\BaseConnection.php(669): CodeIgniter\Database\BaseConnection->simpleQuery('SELECT *\nFROM `...')
#3 C:\wamp64\www\e_comerce\system\Database\BaseBuilder.php(1860): CodeIgniter\Database\BaseConnection->query('SELECT *\nFROM `...', Array, false)
#4 C:\wamp64\www\e_comerce\app\Models\MainModel.php(33): CodeIgniter\Database\BaseBuilder->get()
#5 C:\wamp64\www\e_comerce\app\Controllers\Product.php(151): App\Models\MainModel->checkDuplicate('product', 'Aaaaa', NULL)
#6 C:\wamp64\www\e_comerce\system\CodeIgniter.php(918): App\Controllers\Product->update()
#7 C:\wamp64\www\e_comerce\system\CodeIgniter.php(404): CodeIgniter\CodeIgniter->runController(Object(App\Controllers\Product))
#8 C:\wamp64\www\e_comerce\system\CodeIgniter.php(312): CodeIgniter\CodeIgniter->handleRequest(NULL, Object(Config\Cache), false)
#9 C:\wamp64\www\e_comerce\public\index.php(44): CodeIgniter\CodeIgniter->run()
#10 {main}
CRITICAL - 2023-06-29 16:11:10 --> Unknown column 'Aaaaa' in 'where clause'
#0 C:\wamp64\www\e_comerce\system\Database\MySQLi\Connection.php(331): mysqli->query('SELECT *\nFROM `...')
#1 C:\wamp64\www\e_comerce\system\Database\BaseConnection.php(741): CodeIgniter\Database\MySQLi\Connection->execute('SELECT *\nFROM `...')
#2 C:\wamp64\www\e_comerce\system\Database\BaseConnection.php(669): CodeIgniter\Database\BaseConnection->simpleQuery('SELECT *\nFROM `...')
#3 C:\wamp64\www\e_comerce\system\Database\BaseBuilder.php(1860): CodeIgniter\Database\BaseConnection->query('SELECT *\nFROM `...', Array, false)
#4 C:\wamp64\www\e_comerce\app\Models\MainModel.php(33): CodeIgniter\Database\BaseBuilder->get()
#5 C:\wamp64\www\e_comerce\app\Controllers\Product.php(151): App\Models\MainModel->checkDuplicate('product', 'Aaaaa', NULL)
#6 C:\wamp64\www\e_comerce\system\CodeIgniter.php(918): App\Controllers\Product->update()
#7 C:\wamp64\www\e_comerce\system\CodeIgniter.php(404): CodeIgniter\CodeIgniter->runController(Object(App\Controllers\Product))
#8 C:\wamp64\www\e_comerce\system\CodeIgniter.php(312): CodeIgniter\CodeIgniter->handleRequest(NULL, Object(Config\Cache), false)
#9 C:\wamp64\www\e_comerce\public\index.php(44): CodeIgniter\CodeIgniter->run()
#10 {main}
CRITICAL - 2023-06-29 16:21:42 --> Unknown column 'Aaaaa' in 'where clause'
#0 C:\wamp64\www\e_comerce\system\Database\MySQLi\Connection.php(331): mysqli->query('SELECT *\nFROM `...')
#1 C:\wamp64\www\e_comerce\system\Database\BaseConnection.php(741): CodeIgniter\Database\MySQLi\Connection->execute('SELECT *\nFROM `...')
#2 C:\wamp64\www\e_comerce\system\Database\BaseConnection.php(669): CodeIgniter\Database\BaseConnection->simpleQuery('SELECT *\nFROM `...')
#3 C:\wamp64\www\e_comerce\system\Database\BaseBuilder.php(1860): CodeIgniter\Database\BaseConnection->query('SELECT *\nFROM `...', Array, false)
#4 C:\wamp64\www\e_comerce\app\Models\MainModel.php(33): CodeIgniter\Database\BaseBuilder->get()
#5 C:\wamp64\www\e_comerce\app\Controllers\Product.php(151): App\Models\MainModel->checkDuplicate('product', 'Aaaaa', NULL)
#6 C:\wamp64\www\e_comerce\system\CodeIgniter.php(918): App\Controllers\Product->update()
#7 C:\wamp64\www\e_comerce\system\CodeIgniter.php(404): CodeIgniter\CodeIgniter->runController(Object(App\Controllers\Product))
#8 C:\wamp64\www\e_comerce\system\CodeIgniter.php(312): CodeIgniter\CodeIgniter->handleRequest(NULL, Object(Config\Cache), false)
#9 C:\wamp64\www\e_comerce\public\index.php(44): CodeIgniter\CodeIgniter->run()
#10 {main}
CRITICAL - 2023-06-29 16:31:56 --> Trying to access array offset on value of type bool
#0 C:\wamp64\www\e_comerce\app\Controllers\Product.php(191): CodeIgniter\Debug\Exceptions->errorHandler(8, 'Trying to acces...', 'C:\\wamp64\\www\\e...', 191, Array)
#1 C:\wamp64\www\e_comerce\system\CodeIgniter.php(918): App\Controllers\Product->delete()
#2 C:\wamp64\www\e_comerce\system\CodeIgniter.php(404): CodeIgniter\CodeIgniter->runController(Object(App\Controllers\Product))
#3 C:\wamp64\www\e_comerce\system\CodeIgniter.php(312): CodeIgniter\CodeIgniter->handleRequest(NULL, Object(Config\Cache), false)
#4 C:\wamp64\www\e_comerce\public\index.php(44): CodeIgniter\CodeIgniter->run()
#5 {main}
CRITICAL - 2023-06-29 16:33:04 --> Trying to access array offset on value of type bool
#0 C:\wamp64\www\e_comerce\app\Controllers\Product.php(191): CodeIgniter\Debug\Exceptions->errorHandler(8, 'Trying to acces...', 'C:\\wamp64\\www\\e...', 191, Array)
#1 C:\wamp64\www\e_comerce\system\CodeIgniter.php(918): App\Controllers\Product->delete()
#2 C:\wamp64\www\e_comerce\system\CodeIgniter.php(404): CodeIgniter\CodeIgniter->runController(Object(App\Controllers\Product))
#3 C:\wamp64\www\e_comerce\system\CodeIgniter.php(312): CodeIgniter\CodeIgniter->handleRequest(NULL, Object(Config\Cache), false)
#4 C:\wamp64\www\e_comerce\public\index.php(44): CodeIgniter\CodeIgniter->run()
#5 {main}
CRITICAL - 2023-06-29 16:34:39 --> Trying to access array offset on value of type bool
#0 C:\wamp64\www\e_comerce\app\Controllers\Product.php(191): CodeIgniter\Debug\Exceptions->errorHandler(8, 'Trying to acces...', 'C:\\wamp64\\www\\e...', 191, Array)
#1 C:\wamp64\www\e_comerce\system\CodeIgniter.php(918): App\Controllers\Product->delete()
#2 C:\wamp64\www\e_comerce\system\CodeIgniter.php(404): CodeIgniter\CodeIgniter->runController(Object(App\Controllers\Product))
#3 C:\wamp64\www\e_comerce\system\CodeIgniter.php(312): CodeIgniter\CodeIgniter->handleRequest(NULL, Object(Config\Cache), false)
#4 C:\wamp64\www\e_comerce\public\index.php(44): CodeIgniter\CodeIgniter->run()
#5 {main}
CRITICAL - 2023-06-29 16:35:59 --> Trying to access array offset on value of type bool
#0 C:\wamp64\www\e_comerce\app\Controllers\Product.php(191): CodeIgniter\Debug\Exceptions->errorHandler(8, 'Trying to acces...', 'C:\\wamp64\\www\\e...', 191, Array)
#1 C:\wamp64\www\e_comerce\system\CodeIgniter.php(918): App\Controllers\Product->delete()
#2 C:\wamp64\www\e_comerce\system\CodeIgniter.php(404): CodeIgniter\CodeIgniter->runController(Object(App\Controllers\Product))
#3 C:\wamp64\www\e_comerce\system\CodeIgniter.php(312): CodeIgniter\CodeIgniter->handleRequest(NULL, Object(Config\Cache), false)
#4 C:\wamp64\www\e_comerce\public\index.php(44): CodeIgniter\CodeIgniter->run()
#5 {main}
CRITICAL - 2023-06-29 16:36:39 --> Trying to access array offset on value of type bool
#0 C:\wamp64\www\e_comerce\app\Controllers\Product.php(191): CodeIgniter\Debug\Exceptions->errorHandler(8, 'Trying to acces...', 'C:\\wamp64\\www\\e...', 191, Array)
#1 C:\wamp64\www\e_comerce\system\CodeIgniter.php(918): App\Controllers\Product->delete()
#2 C:\wamp64\www\e_comerce\system\CodeIgniter.php(404): CodeIgniter\CodeIgniter->runController(Object(App\Controllers\Product))
#3 C:\wamp64\www\e_comerce\system\CodeIgniter.php(312): CodeIgniter\CodeIgniter->handleRequest(NULL, Object(Config\Cache), false)
#4 C:\wamp64\www\e_comerce\public\index.php(44): CodeIgniter\CodeIgniter->run()
#5 {main}
CRITICAL - 2023-06-29 16:38:55 --> Trying to access array offset on value of type bool
#0 C:\wamp64\www\e_comerce\app\Controllers\Product.php(191): CodeIgniter\Debug\Exceptions->errorHandler(8, 'Trying to acces...', 'C:\\wamp64\\www\\e...', 191, Array)
#1 C:\wamp64\www\e_comerce\system\CodeIgniter.php(918): App\Controllers\Product->delete()
#2 C:\wamp64\www\e_comerce\system\CodeIgniter.php(404): CodeIgniter\CodeIgniter->runController(Object(App\Controllers\Product))
#3 C:\wamp64\www\e_comerce\system\CodeIgniter.php(312): CodeIgniter\CodeIgniter->handleRequest(NULL, Object(Config\Cache), false)
#4 C:\wamp64\www\e_comerce\public\index.php(44): CodeIgniter\CodeIgniter->run()
#5 {main}
