CRITICAL - 2023-06-28 09:56:58 --> Unable to connect to the database.
#0 C:\wamp64\www\e_comerce\system\Database\BaseConnection.php(646): CodeIgniter\Database\BaseConnection->initialize()
#1 C:\wamp64\www\e_comerce\system\Database\BaseBuilder.php(1860): CodeIgniter\Database\BaseConnection->query('SELECT *\nFROM `...', Array, false)
#2 C:\wamp64\www\e_comerce\app\Models\AuthenticationModel.php(22): CodeIgniter\Database\BaseBuilder->get()
#3 C:\wamp64\www\e_comerce\app\Controllers\Admin.php(39): App\Models\AuthenticationModel->loginAdmin('123')
#4 C:\wamp64\www\e_comerce\system\CodeIgniter.php(918): App\Controllers\Admin->login()
#5 C:\wamp64\www\e_comerce\system\CodeIgniter.php(404): CodeIgniter\CodeIgniter->runController(Object(App\Controllers\Admin))
#6 C:\wamp64\www\e_comerce\system\CodeIgniter.php(312): CodeIgniter\CodeIgniter->handleRequest(NULL, Object(Config\Cache), false)
#7 C:\wamp64\www\e_comerce\public\index.php(44): CodeIgniter\CodeIgniter->run()
#8 {main}
CRITICAL - 2023-06-28 10:27:53 --> Invalid file: category/mainCategory, dashboard/mainDashboard.php
#0 C:\wamp64\www\e_comerce\system\View\View.php(228): CodeIgniter\Exceptions\FrameworkException::forInvalidFile('category/mainCa...')
#1 C:\wamp64\www\e_comerce\system\Common.php(1119): CodeIgniter\View\View->render('category/mainCa...', Array, true)
#2 C:\wamp64\www\e_comerce\app\Views\layout\main.php(65): view('category/mainCa...')
#3 C:\wamp64\www\e_comerce\system\View\View.php(246): include('C:\\wamp64\\www\\e...')
#4 C:\wamp64\www\e_comerce\system\Common.php(1119): CodeIgniter\View\View->render('layout/main', Array, true)
#5 C:\wamp64\www\e_comerce\app\Controllers\Category.php(33): view('layout/main', Array)
#6 C:\wamp64\www\e_comerce\system\CodeIgniter.php(918): App\Controllers\Category->index()
#7 C:\wamp64\www\e_comerce\system\CodeIgniter.php(404): CodeIgniter\CodeIgniter->runController(Object(App\Controllers\Category))
#8 C:\wamp64\www\e_comerce\system\CodeIgniter.php(312): CodeIgniter\CodeIgniter->handleRequest(NULL, Object(Config\Cache), false)
#9 C:\wamp64\www\e_comerce\public\index.php(44): CodeIgniter\CodeIgniter->run()
#10 {main}
CRITICAL - 2023-06-28 10:29:20 --> Invalid file: category/mainCategoryproduct/mainProduct.php
#0 C:\wamp64\www\e_comerce\system\View\View.php(228): CodeIgniter\Exceptions\FrameworkException::forInvalidFile('category/mainCa...')
#1 C:\wamp64\www\e_comerce\system\Common.php(1119): CodeIgniter\View\View->render('category/mainCa...', Array, true)
#2 C:\wamp64\www\e_comerce\app\Views\layout\main.php(65): view('category/mainCa...')
#3 C:\wamp64\www\e_comerce\system\View\View.php(246): include('C:\\wamp64\\www\\e...')
#4 C:\wamp64\www\e_comerce\system\Common.php(1119): CodeIgniter\View\View->render('layout/main', Array, true)
#5 C:\wamp64\www\e_comerce\app\Controllers\Category.php(33): view('layout/main', Array)
#6 C:\wamp64\www\e_comerce\system\CodeIgniter.php(918): App\Controllers\Category->index()
#7 C:\wamp64\www\e_comerce\system\CodeIgniter.php(404): CodeIgniter\CodeIgniter->runController(Object(App\Controllers\Category))
#8 C:\wamp64\www\e_comerce\system\CodeIgniter.php(312): CodeIgniter\CodeIgniter->handleRequest(NULL, Object(Config\Cache), false)
#9 C:\wamp64\www\e_comerce\public\index.php(44): CodeIgniter\CodeIgniter->run()
#10 {main}
CRITICAL - 2023-06-28 10:30:27 --> syntax error, unexpected ';', expecting identifier (T_STRING) or variable (T_VARIABLE) or '{' or '$'
#0 C:\wamp64\www\e_comerce\system\Common.php(1119): CodeIgniter\View\View->render('category/mainCa...', Array, true)
#1 C:\wamp64\www\e_comerce\app\Views\layout\main.php(65): view('category/mainCa...')
#2 C:\wamp64\www\e_comerce\system\View\View.php(246): include('C:\\wamp64\\www\\e...')
#3 C:\wamp64\www\e_comerce\system\Common.php(1119): CodeIgniter\View\View->render('layout/main', Array, true)
#4 C:\wamp64\www\e_comerce\app\Controllers\Category.php(33): view('layout/main', Array)
#5 C:\wamp64\www\e_comerce\system\CodeIgniter.php(918): App\Controllers\Category->index()
#6 C:\wamp64\www\e_comerce\system\CodeIgniter.php(404): CodeIgniter\CodeIgniter->runController(Object(App\Controllers\Category))
#7 C:\wamp64\www\e_comerce\system\CodeIgniter.php(312): CodeIgniter\CodeIgniter->handleRequest(NULL, Object(Config\Cache), false)
#8 C:\wamp64\www\e_comerce\public\index.php(44): CodeIgniter\CodeIgniter->run()
#9 {main}
CRITICAL - 2023-06-28 10:36:46 --> Undefined variable: countCategories
#0 C:\wamp64\www\e_comerce\app\Views\modals\subCategory.php(16): CodeIgniter\Debug\Exceptions->errorHandler(8, 'Undefined varia...', 'C:\\wamp64\\www\\e...', 16, Array)
#1 C:\wamp64\www\e_comerce\system\View\View.php(246): include('C:\\wamp64\\www\\e...')
#2 C:\wamp64\www\e_comerce\system\Common.php(1119): CodeIgniter\View\View->render('modals/subCateg...', Array, true)
#3 C:\wamp64\www\e_comerce\app\Controllers\SubCategory.php(57): view('modals/subCateg...', Array)
#4 C:\wamp64\www\e_comerce\system\CodeIgniter.php(918): App\Controllers\SubCategory->showModal()
#5 C:\wamp64\www\e_comerce\system\CodeIgniter.php(404): CodeIgniter\CodeIgniter->runController(Object(App\Controllers\SubCategory))
#6 C:\wamp64\www\e_comerce\system\CodeIgniter.php(312): CodeIgniter\CodeIgniter->handleRequest(NULL, Object(Config\Cache), false)
#7 C:\wamp64\www\e_comerce\public\index.php(44): CodeIgniter\CodeIgniter->run()
#8 {main}
CRITICAL - 2023-06-28 10:36:47 --> Undefined variable: countCategories
#0 C:\wamp64\www\e_comerce\app\Views\modals\subCategory.php(16): CodeIgniter\Debug\Exceptions->errorHandler(8, 'Undefined varia...', 'C:\\wamp64\\www\\e...', 16, Array)
#1 C:\wamp64\www\e_comerce\system\View\View.php(246): include('C:\\wamp64\\www\\e...')
#2 C:\wamp64\www\e_comerce\system\Common.php(1119): CodeIgniter\View\View->render('modals/subCateg...', Array, true)
#3 C:\wamp64\www\e_comerce\app\Controllers\SubCategory.php(57): view('modals/subCateg...', Array)
#4 C:\wamp64\www\e_comerce\system\CodeIgniter.php(918): App\Controllers\SubCategory->showModal()
#5 C:\wamp64\www\e_comerce\system\CodeIgniter.php(404): CodeIgniter\CodeIgniter->runController(Object(App\Controllers\SubCategory))
#6 C:\wamp64\www\e_comerce\system\CodeIgniter.php(312): CodeIgniter\CodeIgniter->handleRequest(NULL, Object(Config\Cache), false)
#7 C:\wamp64\www\e_comerce\public\index.php(44): CodeIgniter\CodeIgniter->run()
#8 {main}
CRITICAL - 2023-06-28 10:36:55 --> Undefined variable: countCategories
#0 C:\wamp64\www\e_comerce\app\Views\modals\subCategory.php(16): CodeIgniter\Debug\Exceptions->errorHandler(8, 'Undefined varia...', 'C:\\wamp64\\www\\e...', 16, Array)
#1 C:\wamp64\www\e_comerce\system\View\View.php(246): include('C:\\wamp64\\www\\e...')
#2 C:\wamp64\www\e_comerce\system\Common.php(1119): CodeIgniter\View\View->render('modals/subCateg...', Array, true)
#3 C:\wamp64\www\e_comerce\app\Controllers\SubCategory.php(57): view('modals/subCateg...', Array)
#4 C:\wamp64\www\e_comerce\system\CodeIgniter.php(918): App\Controllers\SubCategory->showModal()
#5 C:\wamp64\www\e_comerce\system\CodeIgniter.php(404): CodeIgniter\CodeIgniter->runController(Object(App\Controllers\SubCategory))
#6 C:\wamp64\www\e_comerce\system\CodeIgniter.php(312): CodeIgniter\CodeIgniter->handleRequest(NULL, Object(Config\Cache), false)
#7 C:\wamp64\www\e_comerce\public\index.php(44): CodeIgniter\CodeIgniter->run()
#8 {main}
CRITICAL - 2023-06-28 10:38:45 --> Undefined index: categories
#0 C:\wamp64\www\e_comerce\app\Controllers\SubCategory.php(44): CodeIgniter\Debug\Exceptions->errorHandler(8, 'Undefined index...', 'C:\\wamp64\\www\\e...', 44, Array)
#1 C:\wamp64\www\e_comerce\system\CodeIgniter.php(918): App\Controllers\SubCategory->showModal()
#2 C:\wamp64\www\e_comerce\system\CodeIgniter.php(404): CodeIgniter\CodeIgniter->runController(Object(App\Controllers\SubCategory))
#3 C:\wamp64\www\e_comerce\system\CodeIgniter.php(312): CodeIgniter\CodeIgniter->handleRequest(NULL, Object(Config\Cache), false)
#4 C:\wamp64\www\e_comerce\public\index.php(44): CodeIgniter\CodeIgniter->run()
#5 {main}
CRITICAL - 2023-06-28 10:39:33 --> Undefined index: category
#0 C:\wamp64\www\e_comerce\app\Controllers\SubCategory.php(44): CodeIgniter\Debug\Exceptions->errorHandler(8, 'Undefined index...', 'C:\\wamp64\\www\\e...', 44, Array)
#1 C:\wamp64\www\e_comerce\system\CodeIgniter.php(918): App\Controllers\SubCategory->showModal()
#2 C:\wamp64\www\e_comerce\system\CodeIgniter.php(404): CodeIgniter\CodeIgniter->runController(Object(App\Controllers\SubCategory))
#3 C:\wamp64\www\e_comerce\system\CodeIgniter.php(312): CodeIgniter\CodeIgniter->handleRequest(NULL, Object(Config\Cache), false)
#4 C:\wamp64\www\e_comerce\public\index.php(44): CodeIgniter\CodeIgniter->run()
#5 {main}
CRITICAL - 2023-06-28 10:42:44 --> Trying to access array offset on value of type int
#0 C:\wamp64\www\e_comerce\app\Views\modals\subCategory.php(19): CodeIgniter\Debug\Exceptions->errorHandler(8, 'Trying to acces...', 'C:\\wamp64\\www\\e...', 19, Array)
#1 C:\wamp64\www\e_comerce\system\View\View.php(246): include('C:\\wamp64\\www\\e...')
#2 C:\wamp64\www\e_comerce\system\Common.php(1119): CodeIgniter\View\View->render('modals/subCateg...', Array, true)
#3 C:\wamp64\www\e_comerce\app\Controllers\SubCategory.php(61): view('modals/subCateg...', Array)
#4 C:\wamp64\www\e_comerce\system\CodeIgniter.php(918): App\Controllers\SubCategory->showModal()
#5 C:\wamp64\www\e_comerce\system\CodeIgniter.php(404): CodeIgniter\CodeIgniter->runController(Object(App\Controllers\SubCategory))
#6 C:\wamp64\www\e_comerce\system\CodeIgniter.php(312): CodeIgniter\CodeIgniter->handleRequest(NULL, Object(Config\Cache), false)
#7 C:\wamp64\www\e_comerce\public\index.php(44): CodeIgniter\CodeIgniter->run()
#8 {main}
CRITICAL - 2023-06-28 10:43:56 --> Trying to access array offset on value of type int
#0 C:\wamp64\www\e_comerce\app\Views\modals\subCategory.php(19): CodeIgniter\Debug\Exceptions->errorHandler(8, 'Trying to acces...', 'C:\\wamp64\\www\\e...', 19, Array)
#1 C:\wamp64\www\e_comerce\system\View\View.php(246): include('C:\\wamp64\\www\\e...')
#2 C:\wamp64\www\e_comerce\system\Common.php(1119): CodeIgniter\View\View->render('modals/subCateg...', Array, true)
#3 C:\wamp64\www\e_comerce\app\Controllers\SubCategory.php(61): view('modals/subCateg...', Array)
#4 C:\wamp64\www\e_comerce\system\CodeIgniter.php(918): App\Controllers\SubCategory->showModal()
#5 C:\wamp64\www\e_comerce\system\CodeIgniter.php(404): CodeIgniter\CodeIgniter->runController(Object(App\Controllers\SubCategory))
#6 C:\wamp64\www\e_comerce\system\CodeIgniter.php(312): CodeIgniter\CodeIgniter->handleRequest(NULL, Object(Config\Cache), false)
#7 C:\wamp64\www\e_comerce\public\index.php(44): CodeIgniter\CodeIgniter->run()
#8 {main}
CRITICAL - 2023-06-28 10:45:01 --> Trying to access array offset on value of type int
#0 C:\wamp64\www\e_comerce\app\Views\modals\subCategory.php(18): CodeIgniter\Debug\Exceptions->errorHandler(8, 'Trying to acces...', 'C:\\wamp64\\www\\e...', 18, Array)
#1 C:\wamp64\www\e_comerce\system\View\View.php(246): include('C:\\wamp64\\www\\e...')
#2 C:\wamp64\www\e_comerce\system\Common.php(1119): CodeIgniter\View\View->render('modals/subCateg...', Array, true)
#3 C:\wamp64\www\e_comerce\app\Controllers\SubCategory.php(61): view('modals/subCateg...', Array)
#4 C:\wamp64\www\e_comerce\system\CodeIgniter.php(918): App\Controllers\SubCategory->showModal()
#5 C:\wamp64\www\e_comerce\system\CodeIgniter.php(404): CodeIgniter\CodeIgniter->runController(Object(App\Controllers\SubCategory))
#6 C:\wamp64\www\e_comerce\system\CodeIgniter.php(312): CodeIgniter\CodeIgniter->handleRequest(NULL, Object(Config\Cache), false)
#7 C:\wamp64\www\e_comerce\public\index.php(44): CodeIgniter\CodeIgniter->run()
#8 {main}
CRITICAL - 2023-06-28 10:51:12 --> Undefined variable: categories
#0 C:\wamp64\www\e_comerce\app\Views\modals\subCategory.php(15): CodeIgniter\Debug\Exceptions->errorHandler(8, 'Undefined varia...', 'C:\\wamp64\\www\\e...', 15, Array)
#1 C:\wamp64\www\e_comerce\system\View\View.php(246): include('C:\\wamp64\\www\\e...')
#2 C:\wamp64\www\e_comerce\system\Common.php(1119): CodeIgniter\View\View->render('modals/subCateg...', Array, true)
#3 C:\wamp64\www\e_comerce\app\Controllers\SubCategory.php(61): view('modals/subCateg...', Array)
#4 C:\wamp64\www\e_comerce\system\CodeIgniter.php(918): App\Controllers\SubCategory->showModal()
#5 C:\wamp64\www\e_comerce\system\CodeIgniter.php(404): CodeIgniter\CodeIgniter->runController(Object(App\Controllers\SubCategory))
#6 C:\wamp64\www\e_comerce\system\CodeIgniter.php(312): CodeIgniter\CodeIgniter->handleRequest(NULL, Object(Config\Cache), false)
#7 C:\wamp64\www\e_comerce\public\index.php(44): CodeIgniter\CodeIgniter->run()
#8 {main}
CRITICAL - 2023-06-28 10:51:25 --> Undefined index: category
#0 C:\wamp64\www\e_comerce\app\Controllers\SubCategory.php(47): CodeIgniter\Debug\Exceptions->errorHandler(8, 'Undefined index...', 'C:\\wamp64\\www\\e...', 47, Array)
#1 C:\wamp64\www\e_comerce\system\CodeIgniter.php(918): App\Controllers\SubCategory->showModal()
#2 C:\wamp64\www\e_comerce\system\CodeIgniter.php(404): CodeIgniter\CodeIgniter->runController(Object(App\Controllers\SubCategory))
#3 C:\wamp64\www\e_comerce\system\CodeIgniter.php(312): CodeIgniter\CodeIgniter->handleRequest(NULL, Object(Config\Cache), false)
#4 C:\wamp64\www\e_comerce\public\index.php(44): CodeIgniter\CodeIgniter->run()
#5 {main}
CRITICAL - 2023-06-28 10:54:47 --> Undefined index: category
#0 C:\wamp64\www\e_comerce\app\Controllers\SubCategory.php(47): CodeIgniter\Debug\Exceptions->errorHandler(8, 'Undefined index...', 'C:\\wamp64\\www\\e...', 47, Array)
#1 C:\wamp64\www\e_comerce\system\CodeIgniter.php(918): App\Controllers\SubCategory->showModal()
#2 C:\wamp64\www\e_comerce\system\CodeIgniter.php(404): CodeIgniter\CodeIgniter->runController(Object(App\Controllers\SubCategory))
#3 C:\wamp64\www\e_comerce\system\CodeIgniter.php(312): CodeIgniter\CodeIgniter->handleRequest(NULL, Object(Config\Cache), false)
#4 C:\wamp64\www\e_comerce\public\index.php(44): CodeIgniter\CodeIgniter->run()
#5 {main}
CRITICAL - 2023-06-28 10:57:14 --> Cannot use object of type stdClass as array
#0 C:\wamp64\www\e_comerce\system\View\View.php(246): include()
#1 C:\wamp64\www\e_comerce\system\Common.php(1119): CodeIgniter\View\View->render('modals/subCateg...', Array, true)
#2 C:\wamp64\www\e_comerce\app\Controllers\SubCategory.php(60): view('modals/subCateg...', Array)
#3 C:\wamp64\www\e_comerce\system\CodeIgniter.php(918): App\Controllers\SubCategory->showModal()
#4 C:\wamp64\www\e_comerce\system\CodeIgniter.php(404): CodeIgniter\CodeIgniter->runController(Object(App\Controllers\SubCategory))
#5 C:\wamp64\www\e_comerce\system\CodeIgniter.php(312): CodeIgniter\CodeIgniter->handleRequest(NULL, Object(Config\Cache), false)
#6 C:\wamp64\www\e_comerce\public\index.php(44): CodeIgniter\CodeIgniter->run()
#7 {main}
CRITICAL - 2023-06-28 11:00:11 --> Undefined index: category
#0 C:\wamp64\www\e_comerce\app\Controllers\SubCategory.php(47): CodeIgniter\Debug\Exceptions->errorHandler(8, 'Undefined index...', 'C:\\wamp64\\www\\e...', 47, Array)
#1 C:\wamp64\www\e_comerce\system\CodeIgniter.php(918): App\Controllers\SubCategory->showModal()
#2 C:\wamp64\www\e_comerce\system\CodeIgniter.php(404): CodeIgniter\CodeIgniter->runController(Object(App\Controllers\SubCategory))
#3 C:\wamp64\www\e_comerce\system\CodeIgniter.php(312): CodeIgniter\CodeIgniter->handleRequest(NULL, Object(Config\Cache), false)
#4 C:\wamp64\www\e_comerce\public\index.php(44): CodeIgniter\CodeIgniter->run()
#5 {main}
CRITICAL - 2023-06-28 11:01:01 --> Cannot use object of type stdClass as array
#0 C:\wamp64\www\e_comerce\system\View\View.php(246): include()
#1 C:\wamp64\www\e_comerce\system\Common.php(1119): CodeIgniter\View\View->render('modals/subCateg...', Array, true)
#2 C:\wamp64\www\e_comerce\app\Controllers\SubCategory.php(60): view('modals/subCateg...', Array)
#3 C:\wamp64\www\e_comerce\system\CodeIgniter.php(918): App\Controllers\SubCategory->showModal()
#4 C:\wamp64\www\e_comerce\system\CodeIgniter.php(404): CodeIgniter\CodeIgniter->runController(Object(App\Controllers\SubCategory))
#5 C:\wamp64\www\e_comerce\system\CodeIgniter.php(312): CodeIgniter\CodeIgniter->handleRequest(NULL, Object(Config\Cache), false)
#6 C:\wamp64\www\e_comerce\public\index.php(44): CodeIgniter\CodeIgniter->run()
#7 {main}
CRITICAL - 2023-06-28 11:04:04 --> Cannot use object of type stdClass as array
#0 C:\wamp64\www\e_comerce\system\View\View.php(246): include()
#1 C:\wamp64\www\e_comerce\system\Common.php(1119): CodeIgniter\View\View->render('modals/subCateg...', Array, true)
#2 C:\wamp64\www\e_comerce\app\Controllers\SubCategory.php(60): view('modals/subCateg...', Array)
#3 C:\wamp64\www\e_comerce\system\CodeIgniter.php(918): App\Controllers\SubCategory->showModal()
#4 C:\wamp64\www\e_comerce\system\CodeIgniter.php(404): CodeIgniter\CodeIgniter->runController(Object(App\Controllers\SubCategory))
#5 C:\wamp64\www\e_comerce\system\CodeIgniter.php(312): CodeIgniter\CodeIgniter->handleRequest(NULL, Object(Config\Cache), false)
#6 C:\wamp64\www\e_comerce\public\index.php(44): CodeIgniter\CodeIgniter->run()
#7 {main}
CRITICAL - 2023-06-28 11:10:34 --> Undefined variable: dataTableSubCategory
#0 C:\wamp64\www\e_comerce\app\Views\category\mainCategory.php(129): CodeIgniter\Debug\Exceptions->errorHandler(8, 'Undefined varia...', 'C:\\wamp64\\www\\e...', 129, Array)
#1 C:\wamp64\www\e_comerce\system\View\View.php(246): include('C:\\wamp64\\www\\e...')
#2 C:\wamp64\www\e_comerce\system\Common.php(1119): CodeIgniter\View\View->render('category/mainCa...', Array, true)
#3 C:\wamp64\www\e_comerce\app\Views\layout\main.php(65): view('category/mainCa...')
#4 C:\wamp64\www\e_comerce\system\View\View.php(246): include('C:\\wamp64\\www\\e...')
#5 C:\wamp64\www\e_comerce\system\Common.php(1119): CodeIgniter\View\View->render('layout/main', Array, true)
#6 C:\wamp64\www\e_comerce\app\Controllers\Category.php(33): view('layout/main', Array)
#7 C:\wamp64\www\e_comerce\system\CodeIgniter.php(918): App\Controllers\Category->index()
#8 C:\wamp64\www\e_comerce\system\CodeIgniter.php(404): CodeIgniter\CodeIgniter->runController(Object(App\Controllers\Category))
#9 C:\wamp64\www\e_comerce\system\CodeIgniter.php(312): CodeIgniter\CodeIgniter->handleRequest(NULL, Object(Config\Cache), false)
#10 C:\wamp64\www\e_comerce\public\index.php(44): CodeIgniter\CodeIgniter->run()
#11 {main}
CRITICAL - 2023-06-28 11:14:29 --> Undefined variable: recordCountSubCategory
#0 C:\wamp64\www\e_comerce\app\Views\category\mainCategory.php(127): CodeIgniter\Debug\Exceptions->errorHandler(8, 'Undefined varia...', 'C:\\wamp64\\www\\e...', 127, Array)
#1 C:\wamp64\www\e_comerce\system\View\View.php(246): include('C:\\wamp64\\www\\e...')
#2 C:\wamp64\www\e_comerce\system\Common.php(1119): CodeIgniter\View\View->render('category/mainCa...', Array, true)
#3 C:\wamp64\www\e_comerce\app\Views\layout\main.php(65): view('category/mainCa...')
#4 C:\wamp64\www\e_comerce\system\View\View.php(246): include('C:\\wamp64\\www\\e...')
#5 C:\wamp64\www\e_comerce\system\Common.php(1119): CodeIgniter\View\View->render('layout/main', Array, true)
#6 C:\wamp64\www\e_comerce\app\Controllers\Category.php(33): view('layout/main', Array)
#7 C:\wamp64\www\e_comerce\system\CodeIgniter.php(918): App\Controllers\Category->index()
#8 C:\wamp64\www\e_comerce\system\CodeIgniter.php(404): CodeIgniter\CodeIgniter->runController(Object(App\Controllers\Category))
#9 C:\wamp64\www\e_comerce\system\CodeIgniter.php(312): CodeIgniter\CodeIgniter->handleRequest(NULL, Object(Config\Cache), false)
#10 C:\wamp64\www\e_comerce\public\index.php(44): CodeIgniter\CodeIgniter->run()
#11 {main}
CRITICAL - 2023-06-28 11:14:58 --> Undefined variable: recordCountSubCategory
#0 C:\wamp64\www\e_comerce\app\Views\category\mainCategory.php(127): CodeIgniter\Debug\Exceptions->errorHandler(8, 'Undefined varia...', 'C:\\wamp64\\www\\e...', 127, Array)
#1 C:\wamp64\www\e_comerce\system\View\View.php(246): include('C:\\wamp64\\www\\e...')
#2 C:\wamp64\www\e_comerce\system\Common.php(1119): CodeIgniter\View\View->render('category/mainCa...', Array, true)
#3 C:\wamp64\www\e_comerce\app\Views\layout\main.php(65): view('category/mainCa...')
#4 C:\wamp64\www\e_comerce\system\View\View.php(246): include('C:\\wamp64\\www\\e...')
#5 C:\wamp64\www\e_comerce\system\Common.php(1119): CodeIgniter\View\View->render('layout/main', Array, true)
#6 C:\wamp64\www\e_comerce\app\Controllers\Category.php(33): view('layout/main', Array)
#7 C:\wamp64\www\e_comerce\system\CodeIgniter.php(918): App\Controllers\Category->index()
#8 C:\wamp64\www\e_comerce\system\CodeIgniter.php(404): CodeIgniter\CodeIgniter->runController(Object(App\Controllers\Category))
#9 C:\wamp64\www\e_comerce\system\CodeIgniter.php(312): CodeIgniter\CodeIgniter->handleRequest(NULL, Object(Config\Cache), false)
#10 C:\wamp64\www\e_comerce\public\index.php(44): CodeIgniter\CodeIgniter->run()
#11 {main}
CRITICAL - 2023-06-28 11:16:45 --> Undefined variable: hola
#0 C:\wamp64\www\e_comerce\app\Views\category\mainCategory.php(127): CodeIgniter\Debug\Exceptions->errorHandler(8, 'Undefined varia...', 'C:\\wamp64\\www\\e...', 127, Array)
#1 C:\wamp64\www\e_comerce\system\View\View.php(246): include('C:\\wamp64\\www\\e...')
#2 C:\wamp64\www\e_comerce\system\Common.php(1119): CodeIgniter\View\View->render('category/mainCa...', Array, true)
#3 C:\wamp64\www\e_comerce\app\Views\layout\main.php(65): view('category/mainCa...')
#4 C:\wamp64\www\e_comerce\system\View\View.php(246): include('C:\\wamp64\\www\\e...')
#5 C:\wamp64\www\e_comerce\system\Common.php(1119): CodeIgniter\View\View->render('layout/main', Array, true)
#6 C:\wamp64\www\e_comerce\app\Controllers\Category.php(33): view('layout/main', Array)
#7 C:\wamp64\www\e_comerce\system\CodeIgniter.php(918): App\Controllers\Category->index()
#8 C:\wamp64\www\e_comerce\system\CodeIgniter.php(404): CodeIgniter\CodeIgniter->runController(Object(App\Controllers\Category))
#9 C:\wamp64\www\e_comerce\system\CodeIgniter.php(312): CodeIgniter\CodeIgniter->handleRequest(NULL, Object(Config\Cache), false)
#10 C:\wamp64\www\e_comerce\public\index.php(44): CodeIgniter\CodeIgniter->run()
#11 {main}
CRITICAL - 2023-06-28 11:18:03 --> Undefined variable: recordCountA
#0 C:\wamp64\www\e_comerce\app\Views\category\mainCategory.php(127): CodeIgniter\Debug\Exceptions->errorHandler(8, 'Undefined varia...', 'C:\\wamp64\\www\\e...', 127, Array)
#1 C:\wamp64\www\e_comerce\system\View\View.php(246): include('C:\\wamp64\\www\\e...')
#2 C:\wamp64\www\e_comerce\system\Common.php(1119): CodeIgniter\View\View->render('category/mainCa...', Array, true)
#3 C:\wamp64\www\e_comerce\app\Views\layout\main.php(65): view('category/mainCa...')
#4 C:\wamp64\www\e_comerce\system\View\View.php(246): include('C:\\wamp64\\www\\e...')
#5 C:\wamp64\www\e_comerce\system\Common.php(1119): CodeIgniter\View\View->render('layout/main', Array, true)
#6 C:\wamp64\www\e_comerce\app\Controllers\Category.php(33): view('layout/main', Array)
#7 C:\wamp64\www\e_comerce\system\CodeIgniter.php(918): App\Controllers\Category->index()
#8 C:\wamp64\www\e_comerce\system\CodeIgniter.php(404): CodeIgniter\CodeIgniter->runController(Object(App\Controllers\Category))
#9 C:\wamp64\www\e_comerce\system\CodeIgniter.php(312): CodeIgniter\CodeIgniter->handleRequest(NULL, Object(Config\Cache), false)
#10 C:\wamp64\www\e_comerce\public\index.php(44): CodeIgniter\CodeIgniter->run()
#11 {main}
CRITICAL - 2023-06-28 11:20:31 --> Undefined variable: subCatRecord
#0 C:\wamp64\www\e_comerce\app\Views\category\mainCategory.php(127): CodeIgniter\Debug\Exceptions->errorHandler(8, 'Undefined varia...', 'C:\\wamp64\\www\\e...', 127, Array)
#1 C:\wamp64\www\e_comerce\system\View\View.php(246): include('C:\\wamp64\\www\\e...')
#2 C:\wamp64\www\e_comerce\system\Common.php(1119): CodeIgniter\View\View->render('category/mainCa...', Array, true)
#3 C:\wamp64\www\e_comerce\app\Views\layout\main.php(65): view('category/mainCa...')
#4 C:\wamp64\www\e_comerce\system\View\View.php(246): include('C:\\wamp64\\www\\e...')
#5 C:\wamp64\www\e_comerce\system\Common.php(1119): CodeIgniter\View\View->render('layout/main', Array, true)
#6 C:\wamp64\www\e_comerce\app\Controllers\Category.php(33): view('layout/main', Array)
#7 C:\wamp64\www\e_comerce\system\CodeIgniter.php(918): App\Controllers\Category->index()
#8 C:\wamp64\www\e_comerce\system\CodeIgniter.php(404): CodeIgniter\CodeIgniter->runController(Object(App\Controllers\Category))
#9 C:\wamp64\www\e_comerce\system\CodeIgniter.php(312): CodeIgniter\CodeIgniter->handleRequest(NULL, Object(Config\Cache), false)
#10 C:\wamp64\www\e_comerce\public\index.php(44): CodeIgniter\CodeIgniter->run()
#11 {main}
CRITICAL - 2023-06-28 11:30:08 --> Undefined property: stdClass::$nameSubCategory
#0 C:\wamp64\www\e_comerce\app\Views\category\mainCategory.php(129): CodeIgniter\Debug\Exceptions->errorHandler(8, 'Undefined prope...', 'C:\\wamp64\\www\\e...', 129, Array)
#1 C:\wamp64\www\e_comerce\system\View\View.php(246): include('C:\\wamp64\\www\\e...')
#2 C:\wamp64\www\e_comerce\system\Common.php(1119): CodeIgniter\View\View->render('category/mainCa...', Array, true)
#3 C:\wamp64\www\e_comerce\app\Views\layout\main.php(65): view('category/mainCa...')
#4 C:\wamp64\www\e_comerce\system\View\View.php(246): include('C:\\wamp64\\www\\e...')
#5 C:\wamp64\www\e_comerce\system\Common.php(1119): CodeIgniter\View\View->render('layout/main', Array, true)
#6 C:\wamp64\www\e_comerce\app\Controllers\Category.php(33): view('layout/main', Array)
#7 C:\wamp64\www\e_comerce\system\CodeIgniter.php(918): App\Controllers\Category->index()
#8 C:\wamp64\www\e_comerce\system\CodeIgniter.php(404): CodeIgniter\CodeIgniter->runController(Object(App\Controllers\Category))
#9 C:\wamp64\www\e_comerce\system\CodeIgniter.php(312): CodeIgniter\CodeIgniter->handleRequest(NULL, Object(Config\Cache), false)
#10 C:\wamp64\www\e_comerce\public\index.php(44): CodeIgniter\CodeIgniter->run()
#11 {main}
CRITICAL - 2023-06-28 11:30:30 --> Undefined property: stdClass::$namesubcategory
#0 C:\wamp64\www\e_comerce\app\Views\category\mainCategory.php(129): CodeIgniter\Debug\Exceptions->errorHandler(8, 'Undefined prope...', 'C:\\wamp64\\www\\e...', 129, Array)
#1 C:\wamp64\www\e_comerce\system\View\View.php(246): include('C:\\wamp64\\www\\e...')
#2 C:\wamp64\www\e_comerce\system\Common.php(1119): CodeIgniter\View\View->render('category/mainCa...', Array, true)
#3 C:\wamp64\www\e_comerce\app\Views\layout\main.php(65): view('category/mainCa...')
#4 C:\wamp64\www\e_comerce\system\View\View.php(246): include('C:\\wamp64\\www\\e...')
#5 C:\wamp64\www\e_comerce\system\Common.php(1119): CodeIgniter\View\View->render('layout/main', Array, true)
#6 C:\wamp64\www\e_comerce\app\Controllers\Category.php(33): view('layout/main', Array)
#7 C:\wamp64\www\e_comerce\system\CodeIgniter.php(918): App\Controllers\Category->index()
#8 C:\wamp64\www\e_comerce\system\CodeIgniter.php(404): CodeIgniter\CodeIgniter->runController(Object(App\Controllers\Category))
#9 C:\wamp64\www\e_comerce\system\CodeIgniter.php(312): CodeIgniter\CodeIgniter->handleRequest(NULL, Object(Config\Cache), false)
#10 C:\wamp64\www\e_comerce\public\index.php(44): CodeIgniter\CodeIgniter->run()
#11 {main}
CRITICAL - 2023-06-28 11:31:25 --> Undefined property: stdClass::$nameSubCat
#0 C:\wamp64\www\e_comerce\app\Views\category\mainCategory.php(129): CodeIgniter\Debug\Exceptions->errorHandler(8, 'Undefined prope...', 'C:\\wamp64\\www\\e...', 129, Array)
#1 C:\wamp64\www\e_comerce\system\View\View.php(246): include('C:\\wamp64\\www\\e...')
#2 C:\wamp64\www\e_comerce\system\Common.php(1119): CodeIgniter\View\View->render('category/mainCa...', Array, true)
#3 C:\wamp64\www\e_comerce\app\Views\layout\main.php(65): view('category/mainCa...')
#4 C:\wamp64\www\e_comerce\system\View\View.php(246): include('C:\\wamp64\\www\\e...')
#5 C:\wamp64\www\e_comerce\system\Common.php(1119): CodeIgniter\View\View->render('layout/main', Array, true)
#6 C:\wamp64\www\e_comerce\app\Controllers\Category.php(33): view('layout/main', Array)
#7 C:\wamp64\www\e_comerce\system\CodeIgniter.php(918): App\Controllers\Category->index()
#8 C:\wamp64\www\e_comerce\system\CodeIgniter.php(404): CodeIgniter\CodeIgniter->runController(Object(App\Controllers\Category))
#9 C:\wamp64\www\e_comerce\system\CodeIgniter.php(312): CodeIgniter\CodeIgniter->handleRequest(NULL, Object(Config\Cache), false)
#10 C:\wamp64\www\e_comerce\public\index.php(44): CodeIgniter\CodeIgniter->run()
#11 {main}
CRITICAL - 2023-06-28 11:33:40 --> Undefined variable: dataTableSubCategory
#0 C:\wamp64\www\e_comerce\app\Views\category\mainCategory.php(129): CodeIgniter\Debug\Exceptions->errorHandler(8, 'Undefined varia...', 'C:\\wamp64\\www\\e...', 129, Array)
#1 C:\wamp64\www\e_comerce\system\View\View.php(246): include('C:\\wamp64\\www\\e...')
#2 C:\wamp64\www\e_comerce\system\Common.php(1119): CodeIgniter\View\View->render('category/mainCa...', Array, true)
#3 C:\wamp64\www\e_comerce\app\Views\layout\main.php(65): view('category/mainCa...')
#4 C:\wamp64\www\e_comerce\system\View\View.php(246): include('C:\\wamp64\\www\\e...')
#5 C:\wamp64\www\e_comerce\system\Common.php(1119): CodeIgniter\View\View->render('layout/main', Array, true)
#6 C:\wamp64\www\e_comerce\app\Controllers\Category.php(33): view('layout/main', Array)
#7 C:\wamp64\www\e_comerce\system\CodeIgniter.php(918): App\Controllers\Category->index()
#8 C:\wamp64\www\e_comerce\system\CodeIgniter.php(404): CodeIgniter\CodeIgniter->runController(Object(App\Controllers\Category))
#9 C:\wamp64\www\e_comerce\system\CodeIgniter.php(312): CodeIgniter\CodeIgniter->handleRequest(NULL, Object(Config\Cache), false)
#10 C:\wamp64\www\e_comerce\public\index.php(44): CodeIgniter\CodeIgniter->run()
#11 {main}
CRITICAL - 2023-06-28 11:38:39 --> Invalid file: category/mainCategory, category/subcategory/mainSubCategory.php
#0 C:\wamp64\www\e_comerce\system\View\View.php(228): CodeIgniter\Exceptions\FrameworkException::forInvalidFile('category/mainCa...')
#1 C:\wamp64\www\e_comerce\system\Common.php(1119): CodeIgniter\View\View->render('category/mainCa...', Array, true)
#2 C:\wamp64\www\e_comerce\app\Views\layout\main.php(65): view('category/mainCa...')
#3 C:\wamp64\www\e_comerce\system\View\View.php(246): include('C:\\wamp64\\www\\e...')
#4 C:\wamp64\www\e_comerce\system\Common.php(1119): CodeIgniter\View\View->render('layout/main', Array, true)
#5 C:\wamp64\www\e_comerce\app\Controllers\Category.php(33): view('layout/main', Array)
#6 C:\wamp64\www\e_comerce\system\CodeIgniter.php(918): App\Controllers\Category->index()
#7 C:\wamp64\www\e_comerce\system\CodeIgniter.php(404): CodeIgniter\CodeIgniter->runController(Object(App\Controllers\Category))
#8 C:\wamp64\www\e_comerce\system\CodeIgniter.php(312): CodeIgniter\CodeIgniter->handleRequest(NULL, Object(Config\Cache), false)
#9 C:\wamp64\www\e_comerce\public\index.php(44): CodeIgniter\CodeIgniter->run()
#10 {main}
CRITICAL - 2023-06-28 11:40:59 --> Invalid file: app/Views/category/mainCategory.php, app/Views/category/subcategory/mainSubCategory.php..php
#0 C:\wamp64\www\e_comerce\system\View\View.php(228): CodeIgniter\Exceptions\FrameworkException::forInvalidFile('app/Views/categ...')
#1 C:\wamp64\www\e_comerce\system\Common.php(1119): CodeIgniter\View\View->render('app/Views/categ...', Array, true)
#2 C:\wamp64\www\e_comerce\app\Views\layout\main.php(65): view('app/Views/categ...')
#3 C:\wamp64\www\e_comerce\system\View\View.php(246): include('C:\\wamp64\\www\\e...')
#4 C:\wamp64\www\e_comerce\system\Common.php(1119): CodeIgniter\View\View->render('layout/main', Array, true)
#5 C:\wamp64\www\e_comerce\app\Controllers\Category.php(33): view('layout/main', Array)
#6 C:\wamp64\www\e_comerce\system\CodeIgniter.php(918): App\Controllers\Category->index()
#7 C:\wamp64\www\e_comerce\system\CodeIgniter.php(404): CodeIgniter\CodeIgniter->runController(Object(App\Controllers\Category))
#8 C:\wamp64\www\e_comerce\system\CodeIgniter.php(312): CodeIgniter\CodeIgniter->handleRequest(NULL, Object(Config\Cache), false)
#9 C:\wamp64\www\e_comerce\public\index.php(44): CodeIgniter\CodeIgniter->run()
#10 {main}
CRITICAL - 2023-06-28 11:42:49 --> Undefined property: App\Controllers\Category::$load
#0 C:\wamp64\www\e_comerce\app\Controllers\Category.php(29): CodeIgniter\Debug\Exceptions->errorHandler(8, 'Undefined prope...', 'C:\\wamp64\\www\\e...', 29, Array)
#1 C:\wamp64\www\e_comerce\system\CodeIgniter.php(918): App\Controllers\Category->index()
#2 C:\wamp64\www\e_comerce\system\CodeIgniter.php(404): CodeIgniter\CodeIgniter->runController(Object(App\Controllers\Category))
#3 C:\wamp64\www\e_comerce\system\CodeIgniter.php(312): CodeIgniter\CodeIgniter->handleRequest(NULL, Object(Config\Cache), false)
#4 C:\wamp64\www\e_comerce\public\index.php(44): CodeIgniter\CodeIgniter->run()
#5 {main}
CRITICAL - 2023-06-28 11:43:06 --> Invalid file: category/mainCategory . category/subcategory/mainSubCategory.php
#0 C:\wamp64\www\e_comerce\system\View\View.php(228): CodeIgniter\Exceptions\FrameworkException::forInvalidFile('category/mainCa...')
#1 C:\wamp64\www\e_comerce\system\Common.php(1119): CodeIgniter\View\View->render('category/mainCa...', Array, true)
#2 C:\wamp64\www\e_comerce\app\Views\layout\main.php(65): view('category/mainCa...')
#3 C:\wamp64\www\e_comerce\system\View\View.php(246): include('C:\\wamp64\\www\\e...')
#4 C:\wamp64\www\e_comerce\system\Common.php(1119): CodeIgniter\View\View->render('layout/main', Array, true)
#5 C:\wamp64\www\e_comerce\app\Controllers\Category.php(33): view('layout/main', Array)
#6 C:\wamp64\www\e_comerce\system\CodeIgniter.php(918): App\Controllers\Category->index()
#7 C:\wamp64\www\e_comerce\system\CodeIgniter.php(404): CodeIgniter\CodeIgniter->runController(Object(App\Controllers\Category))
#8 C:\wamp64\www\e_comerce\system\CodeIgniter.php(312): CodeIgniter\CodeIgniter->handleRequest(NULL, Object(Config\Cache), false)
#9 C:\wamp64\www\e_comerce\public\index.php(44): CodeIgniter\CodeIgniter->run()
#10 {main}
CRITICAL - 2023-06-28 11:45:04 --> Invalid file: category/mainCategory . category/subcategory/mainSubCategory.php
#0 C:\wamp64\www\e_comerce\system\View\View.php(228): CodeIgniter\Exceptions\FrameworkException::forInvalidFile('category/mainCa...')
#1 C:\wamp64\www\e_comerce\system\Common.php(1119): CodeIgniter\View\View->render('category/mainCa...', Array, true)
#2 C:\wamp64\www\e_comerce\app\Views\layout\main.php(65): view('category/mainCa...')
#3 C:\wamp64\www\e_comerce\system\View\View.php(246): include('C:\\wamp64\\www\\e...')
#4 C:\wamp64\www\e_comerce\system\Common.php(1119): CodeIgniter\View\View->render('layout/main', Array, true)
#5 C:\wamp64\www\e_comerce\app\Controllers\Category.php(33): view('layout/main', Array)
#6 C:\wamp64\www\e_comerce\system\CodeIgniter.php(918): App\Controllers\Category->index()
#7 C:\wamp64\www\e_comerce\system\CodeIgniter.php(404): CodeIgniter\CodeIgniter->runController(Object(App\Controllers\Category))
#8 C:\wamp64\www\e_comerce\system\CodeIgniter.php(312): CodeIgniter\CodeIgniter->handleRequest(NULL, Object(Config\Cache), false)
#9 C:\wamp64\www\e_comerce\public\index.php(44): CodeIgniter\CodeIgniter->run()
#10 {main}
CRITICAL - 2023-06-28 13:09:47 --> Undefined variable: categories
#0 C:\wamp64\www\e_comerce\app\Views\modals\subCategory.php(15): CodeIgniter\Debug\Exceptions->errorHandler(8, 'Undefined varia...', 'C:\\wamp64\\www\\e...', 15, Array)
#1 C:\wamp64\www\e_comerce\system\View\View.php(246): include('C:\\wamp64\\www\\e...')
#2 C:\wamp64\www\e_comerce\system\Common.php(1119): CodeIgniter\View\View->render('modals/subCateg...', Array, true)
#3 C:\wamp64\www\e_comerce\app\Controllers\SubCategory.php(40): view('modals/subCateg...', Array)
#4 C:\wamp64\www\e_comerce\system\CodeIgniter.php(918): App\Controllers\SubCategory->showModal()
#5 C:\wamp64\www\e_comerce\system\CodeIgniter.php(404): CodeIgniter\CodeIgniter->runController(Object(App\Controllers\SubCategory))
#6 C:\wamp64\www\e_comerce\system\CodeIgniter.php(312): CodeIgniter\CodeIgniter->handleRequest(NULL, Object(Config\Cache), false)
#7 C:\wamp64\www\e_comerce\public\index.php(44): CodeIgniter\CodeIgniter->run()
#8 {main}
CRITICAL - 2023-06-28 13:09:52 --> Undefined variable: categories
#0 C:\wamp64\www\e_comerce\app\Views\modals\subCategory.php(15): CodeIgniter\Debug\Exceptions->errorHandler(8, 'Undefined varia...', 'C:\\wamp64\\www\\e...', 15, Array)
#1 C:\wamp64\www\e_comerce\system\View\View.php(246): include('C:\\wamp64\\www\\e...')
#2 C:\wamp64\www\e_comerce\system\Common.php(1119): CodeIgniter\View\View->render('modals/subCateg...', Array, true)
#3 C:\wamp64\www\e_comerce\app\Controllers\SubCategory.php(40): view('modals/subCateg...', Array)
#4 C:\wamp64\www\e_comerce\system\CodeIgniter.php(918): App\Controllers\SubCategory->showModal()
#5 C:\wamp64\www\e_comerce\system\CodeIgniter.php(404): CodeIgniter\CodeIgniter->runController(Object(App\Controllers\SubCategory))
#6 C:\wamp64\www\e_comerce\system\CodeIgniter.php(312): CodeIgniter\CodeIgniter->handleRequest(NULL, Object(Config\Cache), false)
#7 C:\wamp64\www\e_comerce\public\index.php(44): CodeIgniter\CodeIgniter->run()
#8 {main}
CRITICAL - 2023-06-28 13:16:14 --> Undefined variable: dataTableSubCategory
#0 C:\wamp64\www\e_comerce\app\Views\category\subcategory\mainSubCategory.php(22): CodeIgniter\Debug\Exceptions->errorHandler(8, 'Undefined varia...', 'C:\\wamp64\\www\\e...', 22, Array)
#1 C:\wamp64\www\e_comerce\system\View\View.php(246): include('C:\\wamp64\\www\\e...')
#2 C:\wamp64\www\e_comerce\system\Common.php(1119): CodeIgniter\View\View->render('category/subcat...', Array, true)
#3 C:\wamp64\www\e_comerce\app\Views\category\mainCategory.php(106): view('category/subcat...')
#4 C:\wamp64\www\e_comerce\system\View\View.php(246): include('C:\\wamp64\\www\\e...')
#5 C:\wamp64\www\e_comerce\system\Common.php(1119): CodeIgniter\View\View->render('category/mainCa...', Array, true)
#6 C:\wamp64\www\e_comerce\app\Views\layout\main.php(65): view('category/mainCa...')
#7 C:\wamp64\www\e_comerce\system\View\View.php(246): include('C:\\wamp64\\www\\e...')
#8 C:\wamp64\www\e_comerce\system\Common.php(1119): CodeIgniter\View\View->render('layout/main', Array, true)
#9 C:\wamp64\www\e_comerce\app\Controllers\Category.php(33): view('layout/main', Array)
#10 C:\wamp64\www\e_comerce\system\CodeIgniter.php(918): App\Controllers\Category->index()
#11 C:\wamp64\www\e_comerce\system\CodeIgniter.php(404): CodeIgniter\CodeIgniter->runController(Object(App\Controllers\Category))
#12 C:\wamp64\www\e_comerce\system\CodeIgniter.php(312): CodeIgniter\CodeIgniter->handleRequest(NULL, Object(Config\Cache), false)
#13 C:\wamp64\www\e_comerce\public\index.php(44): CodeIgniter\CodeIgniter->run()
#14 {main}
CRITICAL - 2023-06-28 13:20:09 --> Undefined variable: dataTableSubCategory
#0 C:\wamp64\www\e_comerce\app\Views\category\subcategory\mainSubCategory.php(22): CodeIgniter\Debug\Exceptions->errorHandler(8, 'Undefined varia...', 'C:\\wamp64\\www\\e...', 22, Array)
#1 C:\wamp64\www\e_comerce\system\View\View.php(246): include('C:\\wamp64\\www\\e...')
#2 C:\wamp64\www\e_comerce\system\Common.php(1119): CodeIgniter\View\View->render('category/subcat...', Array, true)
#3 C:\wamp64\www\e_comerce\app\Views\category\mainCategory.php(106): view('category/subcat...')
#4 C:\wamp64\www\e_comerce\system\View\View.php(246): include('C:\\wamp64\\www\\e...')
#5 C:\wamp64\www\e_comerce\system\Common.php(1119): CodeIgniter\View\View->render('category/mainCa...', Array, true)
#6 C:\wamp64\www\e_comerce\app\Views\layout\main.php(65): view('category/mainCa...')
#7 C:\wamp64\www\e_comerce\system\View\View.php(246): include('C:\\wamp64\\www\\e...')
#8 C:\wamp64\www\e_comerce\system\Common.php(1119): CodeIgniter\View\View->render('layout/main', Array, true)
#9 C:\wamp64\www\e_comerce\app\Controllers\Category.php(33): view('layout/main', Array)
#10 C:\wamp64\www\e_comerce\system\CodeIgniter.php(918): App\Controllers\Category->index()
#11 C:\wamp64\www\e_comerce\system\CodeIgniter.php(404): CodeIgniter\CodeIgniter->runController(Object(App\Controllers\Category))
#12 C:\wamp64\www\e_comerce\system\CodeIgniter.php(312): CodeIgniter\CodeIgniter->handleRequest(NULL, Object(Config\Cache), false)
#13 C:\wamp64\www\e_comerce\public\index.php(44): CodeIgniter\CodeIgniter->run()
#14 {main}
CRITICAL - 2023-06-28 13:28:22 --> Too few arguments to function App\Models\MainModel::objDataTable(), 1 passed in C:\wamp64\www\e_comerce\app\Controllers\Category.php on line 26 and exactly 2 expected
#0 C:\wamp64\www\e_comerce\app\Controllers\Category.php(26): App\Models\MainModel->objDataTable('category')
#1 C:\wamp64\www\e_comerce\system\CodeIgniter.php(918): App\Controllers\Category->index()
#2 C:\wamp64\www\e_comerce\system\CodeIgniter.php(404): CodeIgniter\CodeIgniter->runController(Object(App\Controllers\Category))
#3 C:\wamp64\www\e_comerce\system\CodeIgniter.php(312): CodeIgniter\CodeIgniter->handleRequest(NULL, Object(Config\Cache), false)
#4 C:\wamp64\www\e_comerce\public\index.php(44): CodeIgniter\CodeIgniter->run()
#5 {main}
CRITICAL - 2023-06-28 13:28:56 --> Too few arguments to function App\Models\MainModel::objDataTable(), 1 passed in C:\wamp64\www\e_comerce\app\Controllers\Category.php on line 26 and exactly 2 expected
#0 C:\wamp64\www\e_comerce\app\Controllers\Category.php(26): App\Models\MainModel->objDataTable('category')
#1 C:\wamp64\www\e_comerce\system\CodeIgniter.php(918): App\Controllers\Category->index()
#2 C:\wamp64\www\e_comerce\system\CodeIgniter.php(404): CodeIgniter\CodeIgniter->runController(Object(App\Controllers\Category))
#3 C:\wamp64\www\e_comerce\system\CodeIgniter.php(312): CodeIgniter\CodeIgniter->handleRequest(NULL, Object(Config\Cache), false)
#4 C:\wamp64\www\e_comerce\public\index.php(44): CodeIgniter\CodeIgniter->run()
#5 {main}
CRITICAL - 2023-06-28 13:31:40 --> Undefined variable: recordCountA
#0 C:\wamp64\www\e_comerce\app\Views\category\subcategory\mainSubCategory.php(20): CodeIgniter\Debug\Exceptions->errorHandler(8, 'Undefined varia...', 'C:\\wamp64\\www\\e...', 20, Array)
#1 C:\wamp64\www\e_comerce\system\View\View.php(246): include('C:\\wamp64\\www\\e...')
#2 C:\wamp64\www\e_comerce\system\Common.php(1119): CodeIgniter\View\View->render('category/subcat...', Array, true)
#3 C:\wamp64\www\e_comerce\app\Views\category\mainCategory.php(106): view('category/subcat...')
#4 C:\wamp64\www\e_comerce\system\View\View.php(246): include('C:\\wamp64\\www\\e...')
#5 C:\wamp64\www\e_comerce\system\Common.php(1119): CodeIgniter\View\View->render('category/mainCa...', Array, true)
#6 C:\wamp64\www\e_comerce\app\Views\layout\main.php(65): view('category/mainCa...')
#7 C:\wamp64\www\e_comerce\system\View\View.php(246): include('C:\\wamp64\\www\\e...')
#8 C:\wamp64\www\e_comerce\system\Common.php(1119): CodeIgniter\View\View->render('layout/main', Array, true)
#9 C:\wamp64\www\e_comerce\app\Controllers\Category.php(38): view('layout/main', Array)
#10 C:\wamp64\www\e_comerce\system\CodeIgniter.php(918): App\Controllers\Category->index()
#11 C:\wamp64\www\e_comerce\system\CodeIgniter.php(404): CodeIgniter\CodeIgniter->runController(Object(App\Controllers\Category))
#12 C:\wamp64\www\e_comerce\system\CodeIgniter.php(312): CodeIgniter\CodeIgniter->handleRequest(NULL, Object(Config\Cache), false)
#13 C:\wamp64\www\e_comerce\public\index.php(44): CodeIgniter\CodeIgniter->run()
#14 {main}
