CRITICAL - 2023-08-17 11:57:36 --> Trying to get property 'email' of non-object
#0 C:\wamp64\www\e_comerce\app\Controllers\Customers.php(116): CodeIgniter\Debug\Exceptions->errorHandler(8, 'Trying to get p...', 'C:\\wamp64\\www\\e...', 116, Array)
#1 C:\wamp64\www\e_comerce\system\CodeIgniter.php(918): App\Controllers\Customers->ActionsPro()
#2 C:\wamp64\www\e_comerce\system\CodeIgniter.php(404): CodeIgniter\CodeIgniter->runController(Object(App\Controllers\Customers))
#3 C:\wamp64\www\e_comerce\system\CodeIgniter.php(312): CodeIgniter\CodeIgniter->handleRequest(NULL, Object(Config\Cache), false)
#4 C:\wamp64\www\e_comerce\public\index.php(44): CodeIgniter\CodeIgniter->run()
#5 {main}
CRITICAL - 2023-08-17 11:58:03 --> Call to a member function setFrom() on null
#0 C:\wamp64\www\e_comerce\system\CodeIgniter.php(918): App\Controllers\Customers->ActionsPro()
#1 C:\wamp64\www\e_comerce\system\CodeIgniter.php(404): CodeIgniter\CodeIgniter->runController(Object(App\Controllers\Customers))
#2 C:\wamp64\www\e_comerce\system\CodeIgniter.php(312): CodeIgniter\CodeIgniter->handleRequest(NULL, Object(Config\Cache), false)
#3 C:\wamp64\www\e_comerce\public\index.php(44): CodeIgniter\CodeIgniter->run()
#4 {main}
CRITICAL - 2023-08-17 12:00:28 --> Call to a member function setFrom() on null
#0 C:\wamp64\www\e_comerce\system\CodeIgniter.php(918): App\Controllers\Customers->ActionsPro()
#1 C:\wamp64\www\e_comerce\system\CodeIgniter.php(404): CodeIgniter\CodeIgniter->runController(Object(App\Controllers\Customers))
#2 C:\wamp64\www\e_comerce\system\CodeIgniter.php(312): CodeIgniter\CodeIgniter->handleRequest(NULL, Object(Config\Cache), false)
#3 C:\wamp64\www\e_comerce\public\index.php(44): CodeIgniter\CodeIgniter->run()
#4 {main}
CRITICAL - 2023-08-17 12:03:08 --> Call to a member function setFrom() on null
#0 C:\wamp64\www\e_comerce\system\CodeIgniter.php(918): App\Controllers\Customers->ActionsPro()
#1 C:\wamp64\www\e_comerce\system\CodeIgniter.php(404): CodeIgniter\CodeIgniter->runController(Object(App\Controllers\Customers))
#2 C:\wamp64\www\e_comerce\system\CodeIgniter.php(312): CodeIgniter\CodeIgniter->handleRequest(NULL, Object(Config\Cache), false)
#3 C:\wamp64\www\e_comerce\public\index.php(44): CodeIgniter\CodeIgniter->run()
#4 {main}
